14:57:07 **** Incremental Build of configuration Debug for project MOSFET_EDA_sensor_v2.0 ****
make -j11 all 
arm-none-eabi-size   MOSFET_EDA_sensor_v2.0.elf 
   text	   data	    bss	    dec	    hex	filename
  39084	    476	   2252	  41812	   a354	MOSFET_EDA_sensor_v2.0.elf
Finished building: default.size.stdout
 
14:57:11 **** Incremental Build of configuration Debug for project MOSFET_EDA_sensor_v2.0 ****
make -j11 all 
arm-none-eabi-size   MOSFET_EDA_sensor_v2.0.elf 
   text	   data	    bss	    dec	    hex	filename
  39084	    476	   2252	  41812	   a354	MOSFET_EDA_sensor_v2.0.elf
Finished building: default.size.stdout
 
14:57:30 **** Incremental Build of configuration Debug for project MOSFET_EDA_sensor_v2.0 ****
make -j11 all 
arm-none-eabi-size   MOSFET_EDA_sensor_v2.0.elf 
   text	   data	    bss	    dec	    hex	filename
  39084	    476	   2252	  41812	   a354	MOSFET_EDA_sensor_v2.0.elf
Finished building: default.size.stdout
 
14:57:50 **** Incremental Build of configuration Debug for project MOSFET_EDA_sensor_v1.3 ****
make -j11 all 
arm-none-eabi-size   MOSFET_EDA_sensor_v1.3.elf 
   text	   data	    bss	    dec	    hex	filename
  55308	    512	 101080	 156900	  264e4	MOSFET_EDA_sensor_v1.3.elf
Finished building: default.size.stdout
 
14:57:50 **** Incremental Build of configuration Debug for project MOSFET_EDA_sensor_v2.0 ****
make -j11 all 
arm-none-eabi-size   MOSFET_EDA_sensor_v2.0.elf 
   text	   data	    bss	    dec	    hex	filename
  39084	    476	   2252	  41812	   a354	MOSFET_EDA_sensor_v2.0.elf
Finished building: default.size.stdout
 
14:57:54 **** Incremental Build of configuration Debug for project MOSFET_EDA_sensor_v2.0 ****
make -j11 all 
arm-none-eabi-size   MOSFET_EDA_sensor_v2.0.elf 
   text	   data	    bss	    dec	    hex	filename
  39084	    476	   2252	  41812	   a354	MOSFET_EDA_sensor_v2.0.elf
Finished building: default.size.stdout
 
14:58:03 **** Incremental Build of configuration Debug for project MOSFET_EDA_sensor_v2.0 ****
make -j11 all 
arm-none-eabi-size   MOSFET_EDA_sensor_v2.0.elf 
   text	   data	    bss	    dec	    hex	filename
  39084	    476	   2252	  41812	   a354	MOSFET_EDA_sensor_v2.0.elf
Finished building: default.size.stdout
 
14:58:38 **** Incremental Build of configuration Debug for project MOSFET_EDA_sensor_v2.0 ****
make -j11 all 
arm-none-eabi-gcc "../Core/Src/main.c" -mcpu=cortex-m4 -std=gnu11 -g3 -DDEBUG -DUSE_HAL_DRIVER -DSTM32F407xx -c -I../Core/Inc -I../Drivers/STM32F4xx_HAL_Driver/Inc -I../Drivers/STM32F4xx_HAL_Driver/Inc/Legacy -I../Drivers/CMSIS/Device/ST/STM32F4xx/Include -I../Drivers/CMSIS/Include -O0 -ffunction-sections -fdata-sections -Wall -fstack-usage -fcyclomatic-complexity -MMD -MP -MF"Core/Src/main.d" -MT"Core/Src/main.o" --specs=nano.specs -mfpu=fpv4-sp-d16 -mfloat-abi=hard -mthumb -o "Core/Src/main.o"
../Core/Src/main.c: In function 'main':
../Core/Src/main.c:111:29: warning: passing argument 2 of 'HAL_ADC_Start_DMA' from incompatible pointer type [-Wincompatible-pointer-types]
  111 |   HAL_ADC_Start_DMA(&hadc1, &ADC_value[0], 2);
      |                             ^~~~~~~~~~~~~
      |                             |
      |                             uint16_t * {aka short unsigned int *}
In file included from ../Core/Inc/stm32f4xx_hal_conf.h:295,
                 from ../Drivers/STM32F4xx_HAL_Driver/Inc/stm32f4xx_hal.h:29,
                 from ../Core/Inc/main.h:30,
                 from ../Core/Src/main.c:20:
../Drivers/STM32F4xx_HAL_Driver/Inc/stm32f4xx_hal_adc.h:594:72: note: expected 'uint32_t *' {aka 'long unsigned int *'} but argument is of type 'uint16_t *' {aka 'short unsigned int *'}
  594 | HAL_StatusTypeDef HAL_ADC_Start_DMA(ADC_HandleTypeDef* hadc, uint32_t* pData, uint32_t Length);
      |                                                              ~~~~~~~~~~^~~~~
../Core/Src/main.c: In function 'HAL_TIM_PeriodElapsedCallback':
../Core/Src/main.c:181:17: warning: implicit declaration of function 'printf' [-Wimplicit-function-declaration]
  181 |                 printf("fetEDA_LPF = %.4f, fetEDA_HPF = %.4f\r\n", fetEDA_LPF, fetEDA_HPF);
      |                 ^~~~~~
../Core/Src/main.c:27:1: note: include '<stdio.h>' or provide a declaration of 'printf'
   26 | #include "gpio.h"
  +++ |+#include <stdio.h>
   27 | 
../Core/Src/main.c:181:17: warning: incompatible implicit declaration of built-in function 'printf' [-Wbuiltin-declaration-mismatch]
  181 |                 printf("fetEDA_LPF = %.4f, fetEDA_HPF = %.4f\r\n", fetEDA_LPF, fetEDA_HPF);
      |                 ^~~~~~
../Core/Src/main.c:181:17: note: include '<stdio.h>' or provide a declaration of 'printf'
arm-none-eabi-gcc -o "MOSFET_EDA_sensor_v2.0.elf" @"objects.list"   -mcpu=cortex-m4 -T"/Users/namseungyoon/Desktop/PROJECT/01. ERK_project/02. Black_board/MOSFET_EDA_sensor/MOSFET_EDA_sensor_v2.0/STM32F407VGTX_FLASH.ld" --specs=nosys.specs -Wl,-Map="MOSFET_EDA_sensor_v2.0.map" -Wl,--gc-sections -static --specs=nano.specs -mfpu=fpv4-sp-d16 -mfloat-abi=hard -mthumb -u _printf_float -u _scanf_float -Wl,--start-group -lc -lm -Wl,--end-group
Finished building target: MOSFET_EDA_sensor_v2.0.elf
 
arm-none-eabi-size   MOSFET_EDA_sensor_v2.0.elf 
arm-none-eabi-objdump -h -S  MOSFET_EDA_sensor_v2.0.elf  > "MOSFET_EDA_sensor_v2.0.list"
   text	   data	    bss	    dec	    hex	filename
  39084	    476	   2252	  41812	   a354	MOSFET_EDA_sensor_v2.0.elf
Finished building: default.size.stdout
 
Finished building: MOSFET_EDA_sensor_v2.0.list
 
14:59:11 **** Incremental Build of configuration Debug for project MOSFET_EDA_sensor_v2.0 ****
make -j11 all 
arm-none-eabi-size   MOSFET_EDA_sensor_v2.0.elf 
   text	   data	    bss	    dec	    hex	filename
  39084	    476	   2252	  41812	   a354	MOSFET_EDA_sensor_v2.0.elf
Finished building: default.size.stdout
 
15:00:20 **** Incremental Build of configuration Debug for project MOSFET_EDA_sensor_v2.0 ****
make -j11 all 
arm-none-eabi-gcc "../Core/Src/main.c" -mcpu=cortex-m4 -std=gnu11 -g3 -DDEBUG -DUSE_HAL_DRIVER -DSTM32F407xx -c -I../Core/Inc -I../Drivers/STM32F4xx_HAL_Driver/Inc -I../Drivers/STM32F4xx_HAL_Driver/Inc/Legacy -I../Drivers/CMSIS/Device/ST/STM32F4xx/Include -I../Drivers/CMSIS/Include -O0 -ffunction-sections -fdata-sections -Wall -fstack-usage -fcyclomatic-complexity -MMD -MP -MF"Core/Src/main.d" -MT"Core/Src/main.o" --specs=nano.specs -mfpu=fpv4-sp-d16 -mfloat-abi=hard -mthumb -o "Core/Src/main.o"
../Core/Src/main.c: In function 'main':
../Core/Src/main.c:111:29: warning: passing argument 2 of 'HAL_ADC_Start_DMA' from incompatible pointer type [-Wincompatible-pointer-types]
  111 |   HAL_ADC_Start_DMA(&hadc1, &ADC_value[0], 2);
      |                             ^~~~~~~~~~~~~
      |                             |
      |                             uint16_t * {aka short unsigned int *}
In file included from ../Core/Inc/stm32f4xx_hal_conf.h:295,
                 from ../Drivers/STM32F4xx_HAL_Driver/Inc/stm32f4xx_hal.h:29,
                 from ../Core/Inc/main.h:30,
                 from ../Core/Src/main.c:20:
../Drivers/STM32F4xx_HAL_Driver/Inc/stm32f4xx_hal_adc.h:594:72: note: expected 'uint32_t *' {aka 'long unsigned int *'} but argument is of type 'uint16_t *' {aka 'short unsigned int *'}
  594 | HAL_StatusTypeDef HAL_ADC_Start_DMA(ADC_HandleTypeDef* hadc, uint32_t* pData, uint32_t Length);
      |                                                              ~~~~~~~~~~^~~~~
../Core/Src/main.c: In function 'HAL_TIM_PeriodElapsedCallback':
../Core/Src/main.c:181:17: warning: implicit declaration of function 'printf' [-Wimplicit-function-declaration]
  181 |                 printf("fetEDA_LPF = %.4f, fetEDA_HPF = %.4f\r\n", fetEDA_LPF, fetEDA_HPF);
      |                 ^~~~~~
../Core/Src/main.c:27:1: note: include '<stdio.h>' or provide a declaration of 'printf'
   26 | #include "gpio.h"
  +++ |+#include <stdio.h>
   27 | 
../Core/Src/main.c:181:17: warning: incompatible implicit declaration of built-in function 'printf' [-Wbuiltin-declaration-mismatch]
  181 |                 printf("fetEDA_LPF = %.4f, fetEDA_HPF = %.4f\r\n", fetEDA_LPF, fetEDA_HPF);
      |                 ^~~~~~
../Core/Src/main.c:181:17: note: include '<stdio.h>' or provide a declaration of 'printf'
arm-none-eabi-gcc -o "MOSFET_EDA_sensor_v2.0.elf" @"objects.list"   -mcpu=cortex-m4 -T"/Users/namseungyoon/Desktop/PROJECT/01. ERK_project/02. Black_board/MOSFET_EDA_sensor/MOSFET_EDA_sensor_v2.0/STM32F407VGTX_FLASH.ld" --specs=nosys.specs -Wl,-Map="MOSFET_EDA_sensor_v2.0.map" -Wl,--gc-sections -static --specs=nano.specs -mfpu=fpv4-sp-d16 -mfloat-abi=hard -mthumb -u _printf_float -u _scanf_float -Wl,--start-group -lc -lm -Wl,--end-group
Finished building target: MOSFET_EDA_sensor_v2.0.elf
 
arm-none-eabi-size   MOSFET_EDA_sensor_v2.0.elf 
arm-none-eabi-objdump -h -S  MOSFET_EDA_sensor_v2.0.elf  > "MOSFET_EDA_sensor_v2.0.list"
   text	   data	    bss	    dec	    hex	filename
  39084	    476	   2252	  41812	   a354	MOSFET_EDA_sensor_v2.0.elf
Finished building: default.size.stdout
 
Finished building: MOSFET_EDA_sensor_v2.0.list
 
15:01:10 **** Incremental Build of configuration Debug for project MOSFET_EDA_sensor_v2.0 ****
make -j11 all 
arm-none-eabi-gcc "../Core/Src/main.c" -mcpu=cortex-m4 -std=gnu11 -g3 -DDEBUG -DUSE_HAL_DRIVER -DSTM32F407xx -c -I../Core/Inc -I../Drivers/STM32F4xx_HAL_Driver/Inc -I../Drivers/STM32F4xx_HAL_Driver/Inc/Legacy -I../Drivers/CMSIS/Device/ST/STM32F4xx/Include -I../Drivers/CMSIS/Include -O0 -ffunction-sections -fdata-sections -Wall -fstack-usage -fcyclomatic-complexity -MMD -MP -MF"Core/Src/main.d" -MT"Core/Src/main.o" --specs=nano.specs -mfpu=fpv4-sp-d16 -mfloat-abi=hard -mthumb -o "Core/Src/main.o"
../Core/Src/main.c: In function 'main':
../Core/Src/main.c:111:29: warning: passing argument 2 of 'HAL_ADC_Start_DMA' from incompatible pointer type [-Wincompatible-pointer-types]
  111 |   HAL_ADC_Start_DMA(&hadc1, &ADC_value[0], 2);
      |                             ^~~~~~~~~~~~~
      |                             |
      |                             uint16_t * {aka short unsigned int *}
In file included from ../Core/Inc/stm32f4xx_hal_conf.h:295,
                 from ../Drivers/STM32F4xx_HAL_Driver/Inc/stm32f4xx_hal.h:29,
                 from ../Core/Inc/main.h:30,
                 from ../Core/Src/main.c:20:
../Drivers/STM32F4xx_HAL_Driver/Inc/stm32f4xx_hal_adc.h:594:72: note: expected 'uint32_t *' {aka 'long unsigned int *'} but argument is of type 'uint16_t *' {aka 'short unsigned int *'}
  594 | HAL_StatusTypeDef HAL_ADC_Start_DMA(ADC_HandleTypeDef* hadc, uint32_t* pData, uint32_t Length);
      |                                                              ~~~~~~~~~~^~~~~
../Core/Src/main.c: In function 'HAL_TIM_PeriodElapsedCallback':
../Core/Src/main.c:181:17: warning: implicit declaration of function 'printf' [-Wimplicit-function-declaration]
  181 |                 printf("fetEDA_LPF = %.4f, fetEDA_HPF = %.4f\r\n", fetEDA_LPF, fetEDA_HPF);
      |                 ^~~~~~
../Core/Src/main.c:27:1: note: include '<stdio.h>' or provide a declaration of 'printf'
   26 | #include "gpio.h"
  +++ |+#include <stdio.h>
   27 | 
../Core/Src/main.c:181:17: warning: incompatible implicit declaration of built-in function 'printf' [-Wbuiltin-declaration-mismatch]
  181 |                 printf("fetEDA_LPF = %.4f, fetEDA_HPF = %.4f\r\n", fetEDA_LPF, fetEDA_HPF);
      |                 ^~~~~~
../Core/Src/main.c:181:17: note: include '<stdio.h>' or provide a declaration of 'printf'
arm-none-eabi-gcc -o "MOSFET_EDA_sensor_v2.0.elf" @"objects.list"   -mcpu=cortex-m4 -T"/Users/namseungyoon/Desktop/PROJECT/01. ERK_project/02. Black_board/MOSFET_EDA_sensor/MOSFET_EDA_sensor_v2.0/STM32F407VGTX_FLASH.ld" --specs=nosys.specs -Wl,-Map="MOSFET_EDA_sensor_v2.0.map" -Wl,--gc-sections -static --specs=nano.specs -mfpu=fpv4-sp-d16 -mfloat-abi=hard -mthumb -u _printf_float -u _scanf_float -Wl,--start-group -lc -lm -Wl,--end-group
Finished building target: MOSFET_EDA_sensor_v2.0.elf
 
arm-none-eabi-size   MOSFET_EDA_sensor_v2.0.elf 
arm-none-eabi-objdump -h -S  MOSFET_EDA_sensor_v2.0.elf  > "MOSFET_EDA_sensor_v2.0.list"
   text	   data	    bss	    dec	    hex	filename
  39084	    476	   2252	  41812	   a354	MOSFET_EDA_sensor_v2.0.elf
Finished building: default.size.stdout
 
Finished building: MOSFET_EDA_sensor_v2.0.list
 
15:54:08 **** Incremental Build of configuration Debug for project MOSFET_EDA_sensor_v1.3 ****
make -j11 all 
arm-none-eabi-gcc "../Core/Src/MOSFET_EDA.c" -mcpu=cortex-m7 -std=gnu11 -g3 -DDEBUG -DUSE_HAL_DRIVER -DSTM32F746xx -c -I../Core/Inc -I../FATFS/Target -I../FATFS/App -I../Drivers/STM32F7xx_HAL_Driver/Inc -I../Drivers/STM32F7xx_HAL_Driver/Inc/Legacy -I../Middlewares/Third_Party/FatFs/src -I../Drivers/CMSIS/Device/ST/STM32F7xx/Include -I../Drivers/CMSIS/Include -O0 -ffunction-sections -fdata-sections -Wall -fstack-usage -fcyclomatic-complexity -MMD -MP -MF"Core/Src/MOSFET_EDA.d" -MT"Core/Src/MOSFET_EDA.o" --specs=nano.specs -mfpu=fpv5-sp-d16 -mfloat-abi=hard -mthumb -o "Core/Src/MOSFET_EDA.o"
../Core/Src/MOSFET_EDA.c:35:23: warning: missing braces around initializer [-Wmissing-braces]
   35 | float Vout[2][4096] = {0.0, };
      |                       ^
      |                        {    }
../Core/Src/MOSFET_EDA.c:43:24: warning: missing braces around initializer [-Wmissing-braces]
   43 | float Temps[2][4096] = {0.0, };
      |                        ^
      |                         {    }
../Core/Src/MOSFET_EDA.c:44:24: warning: missing braces around initializer [-Wmissing-braces]
   44 | float Humis[2][4096] = {0.0, };
      |                        ^
      |                         {    }
../Core/Src/MOSFET_EDA.c: In function 'MOSFET_EDA_Measure_Ids':
../Core/Src/MOSFET_EDA.c:83:46: warning: suggest parentheses around comparison in operand of '&' [-Wparentheses]
   83 |                 if (Vout[Rfeed_i][DAC_value] <= 3.25 & Rfeed_i == 0)
      |                     ~~~~~~~~~~~~~~~~~~~~~~~~~^~~~~~~
../Core/Src/MOSFET_EDA.c:87:51: warning: suggest parentheses around comparison in operand of '&' [-Wparentheses]
   87 |                 else if (Vout[Rfeed_i][DAC_value] <= 3.25 & Rfeed_i == 1)
      |                          ~~~~~~~~~~~~~~~~~~~~~~~~~^~~~~~~
../Core/Src/MOSFET_EDA.c: In function 'MOSFET_EDA_Calibration_Ids':
../Core/Src/MOSFET_EDA.c:147:38: warning: implicit declaration of function 'malloc' [-Wimplicit-function-declaration]
  147 |         float* ln_Ids_temp = (float*)malloc(size * sizeof(float));
      |                                      ^~~~~~
../Core/Src/MOSFET_EDA.c:15:1: note: include '<stdlib.h>' or provide a declaration of 'malloc'
   14 | #include "math.h"
  +++ |+#include <stdlib.h>
   15 | 
../Core/Src/MOSFET_EDA.c:147:38: warning: incompatible implicit declaration of built-in function 'malloc' [-Wbuiltin-declaration-mismatch]
  147 |         float* ln_Ids_temp = (float*)malloc(size * sizeof(float));
      |                                      ^~~~~~
../Core/Src/MOSFET_EDA.c:147:38: note: include '<stdlib.h>' or provide a declaration of 'malloc'
../Core/Src/MOSFET_EDA.c:169:23: warning: unused variable 'Vgs' [-Wunused-variable]
  169 |                 float Vgs = (float)Ids_i/4096 * 3.3;
      |                       ^~~
../Core/Src/MOSFET_EDA.c:176:9: warning: implicit declaration of function 'free' [-Wimplicit-function-declaration]
  176 |         free(ln_Ids_temp);
      |         ^~~~
../Core/Src/MOSFET_EDA.c:176:9: note: include '<stdlib.h>' or provide a declaration of 'free'
../Core/Src/MOSFET_EDA.c:176:9: warning: incompatible implicit declaration of built-in function 'free' [-Wbuiltin-declaration-mismatch]
../Core/Src/MOSFET_EDA.c:176:9: note: include '<stdlib.h>' or provide a declaration of 'free'
arm-none-eabi-gcc -o "MOSFET_EDA_sensor_v1.3.elf" @"objects.list"   -mcpu=cortex-m7 -T"/Users/namseungyoon/Desktop/PROJECT/01. ERK_project/02. Black_board/MOSFET_EDA_sensor/MOSFET_EDA_sensor_v1.3/STM32F746NGHX_FLASH.ld" --specs=nosys.specs -Wl,-Map="MOSFET_EDA_sensor_v1.3.map" -Wl,--gc-sections -static --specs=nano.specs -mfpu=fpv5-sp-d16 -mfloat-abi=hard -mthumb -u _printf_float -u _scanf_float -Wl,--start-group -lc -lm -Wl,--end-group
Finished building target: MOSFET_EDA_sensor_v1.3.elf
 
arm-none-eabi-size   MOSFET_EDA_sensor_v1.3.elf 
arm-none-eabi-objdump -h -S  MOSFET_EDA_sensor_v1.3.elf  > "MOSFET_EDA_sensor_v1.3.list"
   text	   data	    bss	    dec	    hex	filename
  55308	    512	 101080	 156900	  264e4	MOSFET_EDA_sensor_v1.3.elf
Finished building: default.size.stdout
 
Finished building: MOSFET_EDA_sensor_v1.3.list
 
15:54:09 **** Incremental Build of configuration Debug for project MOSFET_EDA_sensor_v2.0 ****
make -j11 all 
arm-none-eabi-gcc "../Core/Src/adc.c" -mcpu=cortex-m4 -std=gnu11 -g3 -DDEBUG -DUSE_HAL_DRIVER -DSTM32F407xx -c -I../Core/Inc -I../Drivers/STM32F4xx_HAL_Driver/Inc -I../Drivers/STM32F4xx_HAL_Driver/Inc/Legacy -I../Drivers/CMSIS/Device/ST/STM32F4xx/Include -I../Drivers/CMSIS/Include -O0 -ffunction-sections -fdata-sections -Wall -fstack-usage -fcyclomatic-complexity -MMD -MP -MF"Core/Src/adc.d" -MT"Core/Src/adc.o" --specs=nano.specs -mfpu=fpv4-sp-d16 -mfloat-abi=hard -mthumb -o "Core/Src/adc.o"
arm-none-eabi-gcc "../Core/Src/dac.c" -mcpu=cortex-m4 -std=gnu11 -g3 -DDEBUG -DUSE_HAL_DRIVER -DSTM32F407xx -c -I../Core/Inc -I../Drivers/STM32F4xx_HAL_Driver/Inc -I../Drivers/STM32F4xx_HAL_Driver/Inc/Legacy -I../Drivers/CMSIS/Device/ST/STM32F4xx/Include -I../Drivers/CMSIS/Include -O0 -ffunction-sections -fdata-sections -Wall -fstack-usage -fcyclomatic-complexity -MMD -MP -MF"Core/Src/dac.d" -MT"Core/Src/dac.o" --specs=nano.specs -mfpu=fpv4-sp-d16 -mfloat-abi=hard -mthumb -o "Core/Src/dac.o"
arm-none-eabi-gcc "../Core/Src/dma.c" -mcpu=cortex-m4 -std=gnu11 -g3 -DDEBUG -DUSE_HAL_DRIVER -DSTM32F407xx -c -I../Core/Inc -I../Drivers/STM32F4xx_HAL_Driver/Inc -I../Drivers/STM32F4xx_HAL_Driver/Inc/Legacy -I../Drivers/CMSIS/Device/ST/STM32F4xx/Include -I../Drivers/CMSIS/Include -O0 -ffunction-sections -fdata-sections -Wall -fstack-usage -fcyclomatic-complexity -MMD -MP -MF"Core/Src/dma.d" -MT"Core/Src/dma.o" --specs=nano.specs -mfpu=fpv4-sp-d16 -mfloat-abi=hard -mthumb -o "Core/Src/dma.o"
arm-none-eabi-gcc "../Core/Src/gpio.c" -mcpu=cortex-m4 -std=gnu11 -g3 -DDEBUG -DUSE_HAL_DRIVER -DSTM32F407xx -c -I../Core/Inc -I../Drivers/STM32F4xx_HAL_Driver/Inc -I../Drivers/STM32F4xx_HAL_Driver/Inc/Legacy -I../Drivers/CMSIS/Device/ST/STM32F4xx/Include -I../Drivers/CMSIS/Include -O0 -ffunction-sections -fdata-sections -Wall -fstack-usage -fcyclomatic-complexity -MMD -MP -MF"Core/Src/gpio.d" -MT"Core/Src/gpio.o" --specs=nano.specs -mfpu=fpv4-sp-d16 -mfloat-abi=hard -mthumb -o "Core/Src/gpio.o"
arm-none-eabi-gcc "../Core/Src/main.c" -mcpu=cortex-m4 -std=gnu11 -g3 -DDEBUG -DUSE_HAL_DRIVER -DSTM32F407xx -c -I../Core/Inc -I../Drivers/STM32F4xx_HAL_Driver/Inc -I../Drivers/STM32F4xx_HAL_Driver/Inc/Legacy -I../Drivers/CMSIS/Device/ST/STM32F4xx/Include -I../Drivers/CMSIS/Include -O0 -ffunction-sections -fdata-sections -Wall -fstack-usage -fcyclomatic-complexity -MMD -MP -MF"Core/Src/main.d" -MT"Core/Src/main.o" --specs=nano.specs -mfpu=fpv4-sp-d16 -mfloat-abi=hard -mthumb -o "Core/Src/main.o"
arm-none-eabi-gcc "../Core/Src/stm32f4xx_hal_msp.c" -mcpu=cortex-m4 -std=gnu11 -g3 -DDEBUG -DUSE_HAL_DRIVER -DSTM32F407xx -c -I../Core/Inc -I../Drivers/STM32F4xx_HAL_Driver/Inc -I../Drivers/STM32F4xx_HAL_Driver/Inc/Legacy -I../Drivers/CMSIS/Device/ST/STM32F4xx/Include -I../Drivers/CMSIS/Include -O0 -ffunction-sections -fdata-sections -Wall -fstack-usage -fcyclomatic-complexity -MMD -MP -MF"Core/Src/stm32f4xx_hal_msp.d" -MT"Core/Src/stm32f4xx_hal_msp.o" --specs=nano.specs -mfpu=fpv4-sp-d16 -mfloat-abi=hard -mthumb -o "Core/Src/stm32f4xx_hal_msp.o"
arm-none-eabi-gcc "../Core/Src/stm32f4xx_it.c" -mcpu=cortex-m4 -std=gnu11 -g3 -DDEBUG -DUSE_HAL_DRIVER -DSTM32F407xx -c -I../Core/Inc -I../Drivers/STM32F4xx_HAL_Driver/Inc -I../Drivers/STM32F4xx_HAL_Driver/Inc/Legacy -I../Drivers/CMSIS/Device/ST/STM32F4xx/Include -I../Drivers/CMSIS/Include -O0 -ffunction-sections -fdata-sections -Wall -fstack-usage -fcyclomatic-complexity -MMD -MP -MF"Core/Src/stm32f4xx_it.d" -MT"Core/Src/stm32f4xx_it.o" --specs=nano.specs -mfpu=fpv4-sp-d16 -mfloat-abi=hard -mthumb -o "Core/Src/stm32f4xx_it.o"
arm-none-eabi-gcc "../Core/Src/syscalls.c" -mcpu=cortex-m4 -std=gnu11 -g3 -DDEBUG -DUSE_HAL_DRIVER -DSTM32F407xx -c -I../Core/Inc -I../Drivers/STM32F4xx_HAL_Driver/Inc -I../Drivers/STM32F4xx_HAL_Driver/Inc/Legacy -I../Drivers/CMSIS/Device/ST/STM32F4xx/Include -I../Drivers/CMSIS/Include -O0 -ffunction-sections -fdata-sections -Wall -fstack-usage -fcyclomatic-complexity -MMD -MP -MF"Core/Src/syscalls.d" -MT"Core/Src/syscalls.o" --specs=nano.specs -mfpu=fpv4-sp-d16 -mfloat-abi=hard -mthumb -o "Core/Src/syscalls.o"
arm-none-eabi-gcc "../Core/Src/sysmem.c" -mcpu=cortex-m4 -std=gnu11 -g3 -DDEBUG -DUSE_HAL_DRIVER -DSTM32F407xx -c -I../Core/Inc -I../Drivers/STM32F4xx_HAL_Driver/Inc -I../Drivers/STM32F4xx_HAL_Driver/Inc/Legacy -I../Drivers/CMSIS/Device/ST/STM32F4xx/Include -I../Drivers/CMSIS/Include -O0 -ffunction-sections -fdata-sections -Wall -fstack-usage -fcyclomatic-complexity -MMD -MP -MF"Core/Src/sysmem.d" -MT"Core/Src/sysmem.o" --specs=nano.specs -mfpu=fpv4-sp-d16 -mfloat-abi=hard -mthumb -o "Core/Src/sysmem.o"
arm-none-eabi-gcc "../Core/Src/system_stm32f4xx.c" -mcpu=cortex-m4 -std=gnu11 -g3 -DDEBUG -DUSE_HAL_DRIVER -DSTM32F407xx -c -I../Core/Inc -I../Drivers/STM32F4xx_HAL_Driver/Inc -I../Drivers/STM32F4xx_HAL_Driver/Inc/Legacy -I../Drivers/CMSIS/Device/ST/STM32F4xx/Include -I../Drivers/CMSIS/Include -O0 -ffunction-sections -fdata-sections -Wall -fstack-usage -fcyclomatic-complexity -MMD -MP -MF"Core/Src/system_stm32f4xx.d" -MT"Core/Src/system_stm32f4xx.o" --specs=nano.specs -mfpu=fpv4-sp-d16 -mfloat-abi=hard -mthumb -o "Core/Src/system_stm32f4xx.o"
arm-none-eabi-gcc "../Core/Src/tim.c" -mcpu=cortex-m4 -std=gnu11 -g3 -DDEBUG -DUSE_HAL_DRIVER -DSTM32F407xx -c -I../Core/Inc -I../Drivers/STM32F4xx_HAL_Driver/Inc -I../Drivers/STM32F4xx_HAL_Driver/Inc/Legacy -I../Drivers/CMSIS/Device/ST/STM32F4xx/Include -I../Drivers/CMSIS/Include -O0 -ffunction-sections -fdata-sections -Wall -fstack-usage -fcyclomatic-complexity -MMD -MP -MF"Core/Src/tim.d" -MT"Core/Src/tim.o" --specs=nano.specs -mfpu=fpv4-sp-d16 -mfloat-abi=hard -mthumb -o "Core/Src/tim.o"
../Core/Src/main.c: In function 'main':
../Core/Src/main.c:111:29: warning: passing argument 2 of 'HAL_ADC_Start_DMA' from incompatible pointer type [-Wincompatible-pointer-types]
arm-none-eabi-gcc "../Core/Src/usart.c" -mcpu=cortex-m4 -std=gnu11 -g3 -DDEBUG -DUSE_HAL_DRIVER -DSTM32F407xx -c -I../Core/Inc -I../Drivers/STM32F4xx_HAL_Driver/Inc -I../Drivers/STM32F4xx_HAL_Driver/Inc/Legacy -I../Drivers/CMSIS/Device/ST/STM32F4xx/Include -I../Drivers/CMSIS/Include -O0 -ffunction-sections -fdata-sections -Wall -fstack-usage -fcyclomatic-complexity -MMD -MP -MF"Core/Src/usart.d" -MT"Core/Src/usart.o" --specs=nano.specs -mfpu=fpv4-sp-d16 -mfloat-abi=hard -mthumb -o "Core/Src/usart.o"
  111 |   HAL_ADC_Start_DMA(&hadc1, &ADC_value[0], 2);
      |                             ^~~~~~~~~~~~~
      |                             |
      |                             uint16_t * {aka short unsigned int *}
In file included from ../Core/Inc/stm32f4xx_hal_conf.h:295,
                 from ../Drivers/STM32F4xx_HAL_Driver/Inc/stm32f4xx_hal.h:29,
                 from ../Core/Inc/main.h:30,
                 from ../Core/Src/main.c:20:
../Drivers/STM32F4xx_HAL_Driver/Inc/stm32f4xx_hal_adc.h:594:72: note: expected 'uint32_t *' {aka 'long unsigned int *'} but argument is of type 'uint16_t *' {aka 'short unsigned int *'}
  594 | HAL_StatusTypeDef HAL_ADC_Start_DMA(ADC_HandleTypeDef* hadc, uint32_t* pData, uint32_t Length);
      |                                                              ~~~~~~~~~~^~~~~
../Core/Src/main.c: In function 'HAL_TIM_PeriodElapsedCallback':
../Core/Src/main.c:181:17: warning: implicit declaration of function 'printf' [-Wimplicit-function-declaration]
  181 |                 printf("fetEDA_LPF = %.4f, fetEDA_HPF = %.4f\r\n", fetEDA_LPF, fetEDA_HPF);
      |                 ^~~~~~
../Core/Src/main.c:27:1: note: include '<stdio.h>' or provide a declaration of 'printf'
   26 | #include "gpio.h"
  +++ |+#include <stdio.h>
   27 | 
../Core/Src/main.c:181:17: warning: incompatible implicit declaration of built-in function 'printf' [-Wbuiltin-declaration-mismatch]
  181 |                 printf("fetEDA_LPF = %.4f, fetEDA_HPF = %.4f\r\n", fetEDA_LPF, fetEDA_HPF);
      |                 ^~~~~~
../Core/Src/main.c:181:17: note: include '<stdio.h>' or provide a declaration of 'printf'
../Core/Src/main.c:183:17: error: 'ms' undeclared (first use in this function)
  183 |                 ms = (float)ms_idx/fs;
      |                 ^~
../Core/Src/main.c:183:17: note: each undeclared identifier is reported only once for each function it appears in
../Core/Src/main.c:183:29: error: 'ms_idx' undeclared (first use in this function)
  183 |                 ms = (float)ms_idx/fs;
      |                             ^~~~~~
../Core/Src/main.c:183:36: error: 'fs' undeclared (first use in this function)
  183 |                 ms = (float)ms_idx/fs;
      |                                    ^~
../Core/Src/main.c: At top level:
../Core/Src/main.c:216:30: warning: missing braces around initializer [-Wmissing-braces]
  216 | float fetEDA_Vout[2][4096] = {0.0, };
      |                              ^
      |                               {    }
../Core/Src/main.c: In function 'MOSFET_EDA_Measure_Ids':
../Core/Src/main.c:255:53: warning: suggest parentheses around comparison in operand of '&' [-Wparentheses]
  255 |                 if (fetEDA_Vout[Rfeed_i][DAC_value] <= 2.85 & Rfeed_i == 0)
      |                     ~~~~~~~~~~~~~~~~~~~~~~~~~~~~~~~~^~~~~~~
../Core/Src/main.c:259:58: warning: suggest parentheses around comparison in operand of '&' [-Wparentheses]
  259 |                 else if (fetEDA_Vout[Rfeed_i][DAC_value] <= 2.85 & Rfeed_i == 1)
      |                          ~~~~~~~~~~~~~~~~~~~~~~~~~~~~~~~~^~~~~~~
../Core/Src/main.c:282:28: error: 'Vth' undeclared (first use in this function)
  282 |         start_DAC_value = (Vth / 3.3) * 4096;
      |                            ^~~
../Core/Src/main.c:284:9: warning: implicit declaration of function 'HDC1080_Measurement' [-Wimplicit-function-declaration]
  284 |         HDC1080_Measurement(&hi2c2, (float*)&temp, (float*)&humi);
      |         ^~~~~~~~~~~~~~~~~~~
../Core/Src/main.c:284:30: error: 'hi2c2' undeclared (first use in this function)
  284 |         HDC1080_Measurement(&hi2c2, (float*)&temp, (float*)&humi);
      |                              ^~~~~
../Core/Src/main.c:284:46: error: 'temp' undeclared (first use in this function)
  284 |         HDC1080_Measurement(&hi2c2, (float*)&temp, (float*)&humi);
      |                                              ^~~~
../Core/Src/main.c:284:61: error: 'humi' undeclared (first use in this function)
  284 |         HDC1080_Measurement(&hi2c2, (float*)&temp, (float*)&humi);
      |                                                             ^~~~
../Core/Src/main.c:290:25: error: 'fetEDA_Ids' undeclared (first use in this function); did you mean 'fetEDA_Vgs'?
  290 |                         fetEDA_Ids[DAC_value] = fetEDds[DAC_value]);
      |                         ^~~~~~~~~~
      |                         fetEDA_Vgs
../Core/Src/main.c:290:49: error: 'fetEDds' undeclared (first use in this function); did you mean 'fetEDA_Vgs'?
  290 |                         fetEDA_Ids[DAC_value] = fetEDds[DAC_value]);
      |                                                 ^~~~~~~
      |                                                 fetEDA_Vgs
../Core/Src/main.c:290:67: error: expected ';' before ')' token
  290 |                         fetEDA_Ids[DAC_value] = fetEDds[DAC_value]);
      |                                                                   ^
      |                                                                   ;
../Core/Src/main.c:290:67: error: expected statement before ')' token
make: *** [Core/Src/subdir.mk:52: Core/Src/main.o] Error 1
make: *** Waiting for unfinished jobs....
"make -j11 all" terminated with exit code 2. Build might be incomplete.
15:55:04 **** Incremental Build of configuration Debug for project MOSFET_EDA_sensor_v1.3 ****
make -j11 all 
arm-none-eabi-size   MOSFET_EDA_sensor_v1.3.elf 
   text	   data	    bss	    dec	    hex	filename
  55308	    512	 101080	 156900	  264e4	MOSFET_EDA_sensor_v1.3.elf
Finished building: default.size.stdout
 
15:55:05 **** Incremental Build of configuration Debug for project MOSFET_EDA_sensor_v2.0 ****
make -j11 all 
arm-none-eabi-gcc "../Core/Src/main.c" -mcpu=cortex-m4 -std=gnu11 -g3 -DDEBUG -DUSE_HAL_DRIVER -DSTM32F407xx -c -I../Core/Inc -I../Drivers/STM32F4xx_HAL_Driver/Inc -I../Drivers/STM32F4xx_HAL_Driver/Inc/Legacy -I../Drivers/CMSIS/Device/ST/STM32F4xx/Include -I../Drivers/CMSIS/Include -O0 -ffunction-sections -fdata-sections -Wall -fstack-usage -fcyclomatic-complexity -MMD -MP -MF"Core/Src/main.d" -MT"Core/Src/main.o" --specs=nano.specs -mfpu=fpv4-sp-d16 -mfloat-abi=hard -mthumb -o "Core/Src/main.o"
../Core/Src/main.c: In function 'main':
../Core/Src/main.c:111:29: warning: passing argument 2 of 'HAL_ADC_Start_DMA' from incompatible pointer type [-Wincompatible-pointer-types]
  111 |   HAL_ADC_Start_DMA(&hadc1, &ADC_value[0], 2);
      |                             ^~~~~~~~~~~~~
      |                             |
      |                             uint16_t * {aka short unsigned int *}
In file included from ../Core/Inc/stm32f4xx_hal_conf.h:295,
                 from ../Drivers/STM32F4xx_HAL_Driver/Inc/stm32f4xx_hal.h:29,
                 from ../Core/Inc/main.h:30,
                 from ../Core/Src/main.c:20:
../Drivers/STM32F4xx_HAL_Driver/Inc/stm32f4xx_hal_adc.h:594:72: note: expected 'uint32_t *' {aka 'long unsigned int *'} but argument is of type 'uint16_t *' {aka 'short unsigned int *'}
  594 | HAL_StatusTypeDef HAL_ADC_Start_DMA(ADC_HandleTypeDef* hadc, uint32_t* pData, uint32_t Length);
      |                                                              ~~~~~~~~~~^~~~~
../Core/Src/main.c: In function 'HAL_TIM_PeriodElapsedCallback':
../Core/Src/main.c:181:17: warning: implicit declaration of function 'printf' [-Wimplicit-function-declaration]
  181 |                 printf("fetEDA_LPF = %.4f, fetEDA_HPF = %.4f\r\n", fetEDA_LPF, fetEDA_HPF);
      |                 ^~~~~~
../Core/Src/main.c:27:1: note: include '<stdio.h>' or provide a declaration of 'printf'
   26 | #include "gpio.h"
  +++ |+#include <stdio.h>
   27 | 
../Core/Src/main.c:181:17: warning: incompatible implicit declaration of built-in function 'printf' [-Wbuiltin-declaration-mismatch]
  181 |                 printf("fetEDA_LPF = %.4f, fetEDA_HPF = %.4f\r\n", fetEDA_LPF, fetEDA_HPF);
      |                 ^~~~~~
../Core/Src/main.c:181:17: note: include '<stdio.h>' or provide a declaration of 'printf'
../Core/Src/main.c:183:17: error: 'ms' undeclared (first use in this function)
  183 |                 ms = (float)ms_idx/fs;
      |                 ^~
../Core/Src/main.c:183:17: note: each undeclared identifier is reported only once for each function it appears in
../Core/Src/main.c:183:29: error: 'ms_idx' undeclared (first use in this function)
  183 |                 ms = (float)ms_idx/fs;
      |                             ^~~~~~
../Core/Src/main.c:183:36: error: 'fs' undeclared (first use in this function)
  183 |                 ms = (float)ms_idx/fs;
      |                                    ^~
../Core/Src/main.c: At top level:
../Core/Src/main.c:217:30: warning: missing braces around initializer [-Wmissing-braces]
  217 | float fetEDA_Vout[2][4096] = {0.0, };
      |                              ^
      |                               {    }
../Core/Src/main.c: In function 'MOSFET_EDA_Measure_Ids':
../Core/Src/main.c:256:53: warning: suggest parentheses around comparison in operand of '&' [-Wparentheses]
  256 |                 if (fetEDA_Vout[Rfeed_i][DAC_value] <= 2.85 & Rfeed_i == 0)
      |                     ~~~~~~~~~~~~~~~~~~~~~~~~~~~~~~~~^~~~~~~
../Core/Src/main.c:260:58: warning: suggest parentheses around comparison in operand of '&' [-Wparentheses]
  260 |                 else if (fetEDA_Vout[Rfeed_i][DAC_value] <= 2.85 & Rfeed_i == 1)
      |                          ~~~~~~~~~~~~~~~~~~~~~~~~~~~~~~~~^~~~~~~
../Core/Src/main.c:283:28: error: 'Vth' undeclared (first use in this function)
  283 |         start_DAC_value = (Vth / 3) * 4096;
      |                            ^~~
../Core/Src/main.c:285:9: warning: implicit declaration of function 'HDC1080_Measurement' [-Wimplicit-function-declaration]
  285 |         HDC1080_Measurement(&hi2c2, (float*)&temp, (float*)&humi);
      |         ^~~~~~~~~~~~~~~~~~~
../Core/Src/main.c:285:30: error: 'hi2c2' undeclared (first use in this function)
  285 |         HDC1080_Measurement(&hi2c2, (float*)&temp, (float*)&humi);
      |                              ^~~~~
../Core/Src/main.c:285:46: error: 'temp' undeclared (first use in this function)
  285 |         HDC1080_Measurement(&hi2c2, (float*)&temp, (float*)&humi);
      |                                              ^~~~
../Core/Src/main.c:285:61: error: 'humi' undeclared (first use in this function)
  285 |         HDC1080_Measurement(&hi2c2, (float*)&temp, (float*)&humi);
      |                                                             ^~~~
../Core/Src/main.c:291:25: error: 'fetEDA_Ids' undeclared (first use in this function); did you mean 'fetEDA_Vgs'?
  291 |                         fetEDA_Ids[DAC_value] = fetEDds[DAC_value]);
      |                         ^~~~~~~~~~
      |                         fetEDA_Vgs
../Core/Src/main.c:291:49: error: 'fetEDds' undeclared (first use in this function); did you mean 'fetEDA_Vgs'?
  291 |                         fetEDA_Ids[DAC_value] = fetEDds[DAC_value]);
      |                                                 ^~~~~~~
      |                                                 fetEDA_Vgs
../Core/Src/main.c:291:67: error: expected ';' before ')' token
  291 |                         fetEDA_Ids[DAC_value] = fetEDds[DAC_value]);
      |                                                                   ^
      |                                                                   ;
../Core/Src/main.c:291:67: error: expected statement before ')' token
make: *** [Core/Src/subdir.mk:52: Core/Src/main.o] Error 1
"make -j11 all" terminated with exit code 2. Build might be incomplete.
15:55:09 **** Incremental Build of configuration Debug for project MOSFET_EDA_sensor_v1.3 ****
make -j11 all 
arm-none-eabi-size   MOSFET_EDA_sensor_v1.3.elf 
   text	   data	    bss	    dec	    hex	filename
  55308	    512	 101080	 156900	  264e4	MOSFET_EDA_sensor_v1.3.elf
Finished building: default.size.stdout
 
15:55:09 **** Incremental Build of configuration Debug for project MOSFET_EDA_sensor_v2.0 ****
make -j11 all 
arm-none-eabi-gcc "../Core/Src/main.c" -mcpu=cortex-m4 -std=gnu11 -g3 -DDEBUG -DUSE_HAL_DRIVER -DSTM32F407xx -c -I../Core/Inc -I../Drivers/STM32F4xx_HAL_Driver/Inc -I../Drivers/STM32F4xx_HAL_Driver/Inc/Legacy -I../Drivers/CMSIS/Device/ST/STM32F4xx/Include -I../Drivers/CMSIS/Include -O0 -ffunction-sections -fdata-sections -Wall -fstack-usage -fcyclomatic-complexity -MMD -MP -MF"Core/Src/main.d" -MT"Core/Src/main.o" --specs=nano.specs -mfpu=fpv4-sp-d16 -mfloat-abi=hard -mthumb -o "Core/Src/main.o"
../Core/Src/main.c: In function 'main':
../Core/Src/main.c:111:29: warning: passing argument 2 of 'HAL_ADC_Start_DMA' from incompatible pointer type [-Wincompatible-pointer-types]
  111 |   HAL_ADC_Start_DMA(&hadc1, &ADC_value[0], 2);
      |                             ^~~~~~~~~~~~~
      |                             |
      |                             uint16_t * {aka short unsigned int *}
In file included from ../Core/Inc/stm32f4xx_hal_conf.h:295,
                 from ../Drivers/STM32F4xx_HAL_Driver/Inc/stm32f4xx_hal.h:29,
                 from ../Core/Inc/main.h:30,
                 from ../Core/Src/main.c:20:
../Drivers/STM32F4xx_HAL_Driver/Inc/stm32f4xx_hal_adc.h:594:72: note: expected 'uint32_t *' {aka 'long unsigned int *'} but argument is of type 'uint16_t *' {aka 'short unsigned int *'}
  594 | HAL_StatusTypeDef HAL_ADC_Start_DMA(ADC_HandleTypeDef* hadc, uint32_t* pData, uint32_t Length);
      |                                                              ~~~~~~~~~~^~~~~
../Core/Src/main.c: In function 'HAL_TIM_PeriodElapsedCallback':
../Core/Src/main.c:181:17: warning: implicit declaration of function 'printf' [-Wimplicit-function-declaration]
  181 |                 printf("fetEDA_LPF = %.4f, fetEDA_HPF = %.4f\r\n", fetEDA_LPF, fetEDA_HPF);
      |                 ^~~~~~
../Core/Src/main.c:27:1: note: include '<stdio.h>' or provide a declaration of 'printf'
   26 | #include "gpio.h"
  +++ |+#include <stdio.h>
   27 | 
../Core/Src/main.c:181:17: warning: incompatible implicit declaration of built-in function 'printf' [-Wbuiltin-declaration-mismatch]
  181 |                 printf("fetEDA_LPF = %.4f, fetEDA_HPF = %.4f\r\n", fetEDA_LPF, fetEDA_HPF);
      |                 ^~~~~~
../Core/Src/main.c:181:17: note: include '<stdio.h>' or provide a declaration of 'printf'
../Core/Src/main.c:183:17: error: 'ms' undeclared (first use in this function)
  183 |                 ms = (float)ms_idx/fs;
      |                 ^~
../Core/Src/main.c:183:17: note: each undeclared identifier is reported only once for each function it appears in
../Core/Src/main.c:183:29: error: 'ms_idx' undeclared (first use in this function)
  183 |                 ms = (float)ms_idx/fs;
      |                             ^~~~~~
../Core/Src/main.c:183:36: error: 'fs' undeclared (first use in this function)
  183 |                 ms = (float)ms_idx/fs;
      |                                    ^~
../Core/Src/main.c: At top level:
../Core/Src/main.c:217:30: warning: missing braces around initializer [-Wmissing-braces]
  217 | float fetEDA_Vout[2][4096] = {0.0, };
      |                              ^
      |                               {    }
../Core/Src/main.c: In function 'MOSFET_EDA_Measure_Ids':
../Core/Src/main.c:256:53: warning: suggest parentheses around comparison in operand of '&' [-Wparentheses]
  256 |                 if (fetEDA_Vout[Rfeed_i][DAC_value] <= 2.85 & Rfeed_i == 0)
      |                     ~~~~~~~~~~~~~~~~~~~~~~~~~~~~~~~~^~~~~~~
../Core/Src/main.c:260:58: warning: suggest parentheses around comparison in operand of '&' [-Wparentheses]
  260 |                 else if (fetEDA_Vout[Rfeed_i][DAC_value] <= 2.85 & Rfeed_i == 1)
      |                          ~~~~~~~~~~~~~~~~~~~~~~~~~~~~~~~~^~~~~~~
../Core/Src/main.c:285:9: warning: implicit declaration of function 'HDC1080_Measurement' [-Wimplicit-function-declaration]
  285 |         HDC1080_Measurement(&hi2c2, (float*)&temp, (float*)&humi);
      |         ^~~~~~~~~~~~~~~~~~~
../Core/Src/main.c:285:30: error: 'hi2c2' undeclared (first use in this function)
  285 |         HDC1080_Measurement(&hi2c2, (float*)&temp, (float*)&humi);
      |                              ^~~~~
../Core/Src/main.c:285:46: error: 'temp' undeclared (first use in this function)
  285 |         HDC1080_Measurement(&hi2c2, (float*)&temp, (float*)&humi);
      |                                              ^~~~
../Core/Src/main.c:285:61: error: 'humi' undeclared (first use in this function)
  285 |         HDC1080_Measurement(&hi2c2, (float*)&temp, (float*)&humi);
      |                                                             ^~~~
../Core/Src/main.c:291:25: error: 'fetEDA_Ids' undeclared (first use in this function); did you mean 'fetEDA_Vgs'?
  291 |                         fetEDA_Ids[DAC_value] = fetEDds[DAC_value]);
      |                         ^~~~~~~~~~
      |                         fetEDA_Vgs
../Core/Src/main.c:291:49: error: 'fetEDds' undeclared (first use in this function); did you mean 'fetEDA_Vgs'?
  291 |                         fetEDA_Ids[DAC_value] = fetEDds[DAC_value]);
      |                                                 ^~~~~~~
      |                                                 fetEDA_Vgs
../Core/Src/main.c:291:67: error: expected ';' before ')' token
  291 |                         fetEDA_Ids[DAC_value] = fetEDds[DAC_value]);
      |                                                                   ^
      |                                                                   ;
../Core/Src/main.c:291:67: error: expected statement before ')' token
../Core/Src/main.c:300:38: error: 'Vth' undeclared (first use in this function)
  300 |         float min_DAC_value_float = (Vth / 3.3) * 4096;
      |                                      ^~~
make: *** [Core/Src/subdir.mk:52: Core/Src/main.o] Error 1
"make -j11 all" terminated with exit code 2. Build might be incomplete.
15:56:50 **** Incremental Build of configuration Debug for project MOSFET_EDA_sensor_v1.3 ****
make -j11 all 
arm-none-eabi-size   MOSFET_EDA_sensor_v1.3.elf 
   text	   data	    bss	    dec	    hex	filename
  55308	    512	 101080	 156900	  264e4	MOSFET_EDA_sensor_v1.3.elf
Finished building: default.size.stdout
 
15:56:51 **** Incremental Build of configuration Debug for project MOSFET_EDA_sensor_v2.0 ****
make -j11 all 
arm-none-eabi-gcc "../Core/Src/main.c" -mcpu=cortex-m4 -std=gnu11 -g3 -DDEBUG -DUSE_HAL_DRIVER -DSTM32F407xx -c -I../Core/Inc -I../Drivers/STM32F4xx_HAL_Driver/Inc -I../Drivers/STM32F4xx_HAL_Driver/Inc/Legacy -I../Drivers/CMSIS/Device/ST/STM32F4xx/Include -I../Drivers/CMSIS/Include -O0 -ffunction-sections -fdata-sections -Wall -fstack-usage -fcyclomatic-complexity -MMD -MP -MF"Core/Src/main.d" -MT"Core/Src/main.o" --specs=nano.specs -mfpu=fpv4-sp-d16 -mfloat-abi=hard -mthumb -o "Core/Src/main.o"
../Core/Src/main.c: In function 'main':
../Core/Src/main.c:111:29: warning: passing argument 2 of 'HAL_ADC_Start_DMA' from incompatible pointer type [-Wincompatible-pointer-types]
  111 |   HAL_ADC_Start_DMA(&hadc1, &ADC_value[0], 2);
      |                             ^~~~~~~~~~~~~
      |                             |
      |                             uint16_t * {aka short unsigned int *}
In file included from ../Core/Inc/stm32f4xx_hal_conf.h:295,
                 from ../Drivers/STM32F4xx_HAL_Driver/Inc/stm32f4xx_hal.h:29,
                 from ../Core/Inc/main.h:30,
                 from ../Core/Src/main.c:20:
../Drivers/STM32F4xx_HAL_Driver/Inc/stm32f4xx_hal_adc.h:594:72: note: expected 'uint32_t *' {aka 'long unsigned int *'} but argument is of type 'uint16_t *' {aka 'short unsigned int *'}
  594 | HAL_StatusTypeDef HAL_ADC_Start_DMA(ADC_HandleTypeDef* hadc, uint32_t* pData, uint32_t Length);
      |                                                              ~~~~~~~~~~^~~~~
../Core/Src/main.c: In function 'HAL_TIM_PeriodElapsedCallback':
../Core/Src/main.c:181:17: warning: implicit declaration of function 'printf' [-Wimplicit-function-declaration]
  181 |                 printf("fetEDA_LPF = %.4f, fetEDA_HPF = %.4f\r\n", fetEDA_LPF, fetEDA_HPF);
      |                 ^~~~~~
../Core/Src/main.c:27:1: note: include '<stdio.h>' or provide a declaration of 'printf'
   26 | #include "gpio.h"
  +++ |+#include <stdio.h>
   27 | 
../Core/Src/main.c:181:17: warning: incompatible implicit declaration of built-in function 'printf' [-Wbuiltin-declaration-mismatch]
  181 |                 printf("fetEDA_LPF = %.4f, fetEDA_HPF = %.4f\r\n", fetEDA_LPF, fetEDA_HPF);
      |                 ^~~~~~
../Core/Src/main.c:181:17: note: include '<stdio.h>' or provide a declaration of 'printf'
../Core/Src/main.c:183:17: error: 'ms' undeclared (first use in this function)
  183 |                 ms = (float)ms_idx/fs;
      |                 ^~
../Core/Src/main.c:183:17: note: each undeclared identifier is reported only once for each function it appears in
../Core/Src/main.c:183:29: error: 'ms_idx' undeclared (first use in this function)
  183 |                 ms = (float)ms_idx/fs;
      |                             ^~~~~~
../Core/Src/main.c:183:36: error: 'fs' undeclared (first use in this function)
  183 |                 ms = (float)ms_idx/fs;
      |                                    ^~
../Core/Src/main.c: At top level:
../Core/Src/main.c:217:30: warning: missing braces around initializer [-Wmissing-braces]
  217 | float fetEDA_Vout[2][4096] = {0.0, };
      |                              ^
      |                               {    }
../Core/Src/main.c: In function 'MOSFET_EDA_Measure_Ids':
../Core/Src/main.c:256:53: warning: suggest parentheses around comparison in operand of '&' [-Wparentheses]
  256 |                 if (fetEDA_Vout[Rfeed_i][DAC_value] <= 2.85 & Rfeed_i == 0)
      |                     ~~~~~~~~~~~~~~~~~~~~~~~~~~~~~~~~^~~~~~~
../Core/Src/main.c:260:58: warning: suggest parentheses around comparison in operand of '&' [-Wparentheses]
  260 |                 else if (fetEDA_Vout[Rfeed_i][DAC_value] <= 2.85 & Rfeed_i == 1)
      |                          ~~~~~~~~~~~~~~~~~~~~~~~~~~~~~~~~^~~~~~~
../Core/Src/main.c:288:25: error: 'fetEDA_Ids' undeclared (first use in this function); did you mean 'fetEDA_Vgs'?
  288 |                         fetEDA_Ids[DAC_value] = fetEDd_Ids_LUT[DAC_value]);
      |                         ^~~~~~~~~~
      |                         fetEDA_Vgs
../Core/Src/main.c:288:49: error: 'fetEDd_Ids_LUT' undeclared (first use in this function); did you mean 'fetEDA_Ids_LUT'?
  288 |                         fetEDA_Ids[DAC_value] = fetEDd_Ids_LUT[DAC_value]);
      |                                                 ^~~~~~~~~~~~~~
      |                                                 fetEDA_Ids_LUT
../Core/Src/main.c:288:74: error: expected ';' before ')' token
  288 |                         fetEDA_Ids[DAC_value] = fetEDd_Ids_LUT[DAC_value]);
      |                                                                          ^
      |                                                                          ;
../Core/Src/main.c:288:74: error: expected statement before ')' token
../Core/Src/main.c:297:38: error: 'Vth' undeclared (first use in this function)
  297 |         float min_DAC_value_float = (Vth / 3.3) * 4096;
      |                                      ^~~
make: *** [Core/Src/subdir.mk:52: Core/Src/main.o] Error 1
"make -j11 all" terminated with exit code 2. Build might be incomplete.
15:58:28 **** Incremental Build of configuration Debug for project MOSFET_EDA_sensor_v1.3 ****
make -j11 all 
arm-none-eabi-size   MOSFET_EDA_sensor_v1.3.elf 
   text	   data	    bss	    dec	    hex	filename
  55308	    512	 101080	 156900	  264e4	MOSFET_EDA_sensor_v1.3.elf
Finished building: default.size.stdout
 
15:58:29 **** Incremental Build of configuration Debug for project MOSFET_EDA_sensor_v2.0 ****
make -j11 all 
arm-none-eabi-gcc "../Core/Src/main.c" -mcpu=cortex-m4 -std=gnu11 -g3 -DDEBUG -DUSE_HAL_DRIVER -DSTM32F407xx -c -I../Core/Inc -I../Drivers/STM32F4xx_HAL_Driver/Inc -I../Drivers/STM32F4xx_HAL_Driver/Inc/Legacy -I../Drivers/CMSIS/Device/ST/STM32F4xx/Include -I../Drivers/CMSIS/Include -O0 -ffunction-sections -fdata-sections -Wall -fstack-usage -fcyclomatic-complexity -MMD -MP -MF"Core/Src/main.d" -MT"Core/Src/main.o" --specs=nano.specs -mfpu=fpv4-sp-d16 -mfloat-abi=hard -mthumb -o "Core/Src/main.o"
../Core/Src/main.c: In function 'main':
../Core/Src/main.c:111:29: warning: passing argument 2 of 'HAL_ADC_Start_DMA' from incompatible pointer type [-Wincompatible-pointer-types]
  111 |   HAL_ADC_Start_DMA(&hadc1, &ADC_value[0], 2);
      |                             ^~~~~~~~~~~~~
      |                             |
      |                             uint16_t * {aka short unsigned int *}
In file included from ../Core/Inc/stm32f4xx_hal_conf.h:295,
                 from ../Drivers/STM32F4xx_HAL_Driver/Inc/stm32f4xx_hal.h:29,
                 from ../Core/Inc/main.h:30,
                 from ../Core/Src/main.c:20:
../Drivers/STM32F4xx_HAL_Driver/Inc/stm32f4xx_hal_adc.h:594:72: note: expected 'uint32_t *' {aka 'long unsigned int *'} but argument is of type 'uint16_t *' {aka 'short unsigned int *'}
  594 | HAL_StatusTypeDef HAL_ADC_Start_DMA(ADC_HandleTypeDef* hadc, uint32_t* pData, uint32_t Length);
      |                                                              ~~~~~~~~~~^~~~~
../Core/Src/main.c: In function 'HAL_TIM_PeriodElapsedCallback':
../Core/Src/main.c:181:17: warning: implicit declaration of function 'printf' [-Wimplicit-function-declaration]
  181 |                 printf("fetEDA_LPF = %.4f, fetEDA_HPF = %.4f\r\n", fetEDA_LPF, fetEDA_HPF);
      |                 ^~~~~~
../Core/Src/main.c:27:1: note: include '<stdio.h>' or provide a declaration of 'printf'
   26 | #include "gpio.h"
  +++ |+#include <stdio.h>
   27 | 
../Core/Src/main.c:181:17: warning: incompatible implicit declaration of built-in function 'printf' [-Wbuiltin-declaration-mismatch]
  181 |                 printf("fetEDA_LPF = %.4f, fetEDA_HPF = %.4f\r\n", fetEDA_LPF, fetEDA_HPF);
      |                 ^~~~~~
../Core/Src/main.c:181:17: note: include '<stdio.h>' or provide a declaration of 'printf'
../Core/Src/main.c:183:17: error: 'ms' undeclared (first use in this function)
  183 |                 ms = (float)ms_idx/fs;
      |                 ^~
../Core/Src/main.c:183:17: note: each undeclared identifier is reported only once for each function it appears in
../Core/Src/main.c:183:29: error: 'ms_idx' undeclared (first use in this function)
  183 |                 ms = (float)ms_idx/fs;
      |                             ^~~~~~
../Core/Src/main.c:183:36: error: 'fs' undeclared (first use in this function)
  183 |                 ms = (float)ms_idx/fs;
      |                                    ^~
../Core/Src/main.c: At top level:
../Core/Src/main.c:217:30: warning: missing braces around initializer [-Wmissing-braces]
  217 | float fetEDA_Vout[2][4096] = {0.0, };
      |                              ^
      |                               {    }
../Core/Src/main.c: In function 'MOSFET_EDA_Measure_Ids':
../Core/Src/main.c:256:53: warning: suggest parentheses around comparison in operand of '&' [-Wparentheses]
  256 |                 if (fetEDA_Vout[Rfeed_i][DAC_value] <= 2.85 & Rfeed_i == 0)
      |                     ~~~~~~~~~~~~~~~~~~~~~~~~~~~~~~~~^~~~~~~
../Core/Src/main.c:260:58: warning: suggest parentheses around comparison in operand of '&' [-Wparentheses]
  260 |                 else if (fetEDA_Vout[Rfeed_i][DAC_value] <= 2.85 & Rfeed_i == 1)
      |                          ~~~~~~~~~~~~~~~~~~~~~~~~~~~~~~~~^~~~~~~
../Core/Src/main.c:288:25: error: 'fetEDA_Ids' undeclared (first use in this function); did you mean 'fetEDA_Vgs'?
  288 |                         fetEDA_Ids[DAC_value] = fetEDd_Ids_LUT[Rfeed_i][DAC_value];
      |                         ^~~~~~~~~~
      |                         fetEDA_Vgs
../Core/Src/main.c:288:49: error: 'fetEDd_Ids_LUT' undeclared (first use in this function); did you mean 'fetEDA_Ids_LUT'?
  288 |                         fetEDA_Ids[DAC_value] = fetEDd_Ids_LUT[Rfeed_i][DAC_value];
      |                                                 ^~~~~~~~~~~~~~
      |                                                 fetEDA_Ids_LUT
../Core/Src/main.c:295:15: warning: unused variable 'min_DAC_value_float' [-Wunused-variable]
  295 |         float min_DAC_value_float = (fetEDA_Vth / 3) * 4096;
      |               ^~~~~~~~~~~~~~~~~~~
make: *** [Core/Src/subdir.mk:52: Core/Src/main.o] Error 1
"make -j11 all" terminated with exit code 2. Build might be incomplete.
16:00:46 **** Incremental Build of configuration Debug for project MOSFET_EDA_sensor_v1.3 ****
make -j11 all 
arm-none-eabi-size   MOSFET_EDA_sensor_v1.3.elf 
   text	   data	    bss	    dec	    hex	filename
  55308	    512	 101080	 156900	  264e4	MOSFET_EDA_sensor_v1.3.elf
Finished building: default.size.stdout
 
16:00:47 **** Incremental Build of configuration Debug for project MOSFET_EDA_sensor_v2.0 ****
make -j11 all 
arm-none-eabi-gcc "../Core/Src/main.c" -mcpu=cortex-m4 -std=gnu11 -g3 -DDEBUG -DUSE_HAL_DRIVER -DSTM32F407xx -c -I../Core/Inc -I../Drivers/STM32F4xx_HAL_Driver/Inc -I../Drivers/STM32F4xx_HAL_Driver/Inc/Legacy -I../Drivers/CMSIS/Device/ST/STM32F4xx/Include -I../Drivers/CMSIS/Include -O0 -ffunction-sections -fdata-sections -Wall -fstack-usage -fcyclomatic-complexity -MMD -MP -MF"Core/Src/main.d" -MT"Core/Src/main.o" --specs=nano.specs -mfpu=fpv4-sp-d16 -mfloat-abi=hard -mthumb -o "Core/Src/main.o"
../Core/Src/main.c: In function 'main':
../Core/Src/main.c:111:29: warning: passing argument 2 of 'HAL_ADC_Start_DMA' from incompatible pointer type [-Wincompatible-pointer-types]
  111 |   HAL_ADC_Start_DMA(&hadc1, &ADC_value[0], 2);
      |                             ^~~~~~~~~~~~~
      |                             |
      |                             uint16_t * {aka short unsigned int *}
In file included from ../Core/Inc/stm32f4xx_hal_conf.h:295,
                 from ../Drivers/STM32F4xx_HAL_Driver/Inc/stm32f4xx_hal.h:29,
                 from ../Core/Inc/main.h:30,
                 from ../Core/Src/main.c:20:
../Drivers/STM32F4xx_HAL_Driver/Inc/stm32f4xx_hal_adc.h:594:72: note: expected 'uint32_t *' {aka 'long unsigned int *'} but argument is of type 'uint16_t *' {aka 'short unsigned int *'}
  594 | HAL_StatusTypeDef HAL_ADC_Start_DMA(ADC_HandleTypeDef* hadc, uint32_t* pData, uint32_t Length);
      |                                                              ~~~~~~~~~~^~~~~
../Core/Src/main.c: In function 'HAL_TIM_PeriodElapsedCallback':
../Core/Src/main.c:181:17: warning: implicit declaration of function 'printf' [-Wimplicit-function-declaration]
  181 |                 printf("fetEDA_LPF = %.4f, fetEDA_HPF = %.4f\r\n", fetEDA_LPF, fetEDA_HPF);
      |                 ^~~~~~
../Core/Src/main.c:27:1: note: include '<stdio.h>' or provide a declaration of 'printf'
   26 | #include "gpio.h"
  +++ |+#include <stdio.h>
   27 | 
../Core/Src/main.c:181:17: warning: incompatible implicit declaration of built-in function 'printf' [-Wbuiltin-declaration-mismatch]
  181 |                 printf("fetEDA_LPF = %.4f, fetEDA_HPF = %.4f\r\n", fetEDA_LPF, fetEDA_HPF);
      |                 ^~~~~~
../Core/Src/main.c:181:17: note: include '<stdio.h>' or provide a declaration of 'printf'
../Core/Src/main.c:183:17: error: 'ms' undeclared (first use in this function)
  183 |                 ms = (float)ms_idx/fs;
      |                 ^~
../Core/Src/main.c:183:17: note: each undeclared identifier is reported only once for each function it appears in
../Core/Src/main.c:183:29: error: 'ms_idx' undeclared (first use in this function)
  183 |                 ms = (float)ms_idx/fs;
      |                             ^~~~~~
../Core/Src/main.c:183:36: error: 'fs' undeclared (first use in this function)
  183 |                 ms = (float)ms_idx/fs;
      |                                    ^~
../Core/Src/main.c: At top level:
../Core/Src/main.c:217:30: warning: missing braces around initializer [-Wmissing-braces]
  217 | float fetEDA_Vout[2][4096] = {0.0, };
      |                              ^
      |                               {    }
../Core/Src/main.c: In function 'MOSFET_EDA_Measure_Ids':
../Core/Src/main.c:257:53: warning: suggest parentheses around comparison in operand of '&' [-Wparentheses]
  257 |                 if (fetEDA_Vout[Rfeed_i][DAC_value] <= 2.85 & Rfeed_i == 0)
      |                     ~~~~~~~~~~~~~~~~~~~~~~~~~~~~~~~~^~~~~~~
../Core/Src/main.c:261:58: warning: suggest parentheses around comparison in operand of '&' [-Wparentheses]
  261 |                 else if (fetEDA_Vout[Rfeed_i][DAC_value] <= 2.85 & Rfeed_i == 1)
      |                          ~~~~~~~~~~~~~~~~~~~~~~~~~~~~~~~~^~~~~~~
../Core/Src/main.c:295:15: warning: unused variable 'min_DAC_value_float' [-Wunused-variable]
  295 |         float min_DAC_value_float = (fetEDA_Vth / 3) * 4096;
      |               ^~~~~~~~~~~~~~~~~~~
make: *** [Core/Src/subdir.mk:52: Core/Src/main.o] Error 1
"make -j11 all" terminated with exit code 2. Build might be incomplete.
16:01:23 **** Incremental Build of configuration Debug for project MOSFET_EDA_sensor_v1.3 ****
make -j11 all 
arm-none-eabi-size   MOSFET_EDA_sensor_v1.3.elf 
   text	   data	    bss	    dec	    hex	filename
  55308	    512	 101080	 156900	  264e4	MOSFET_EDA_sensor_v1.3.elf
Finished building: default.size.stdout
 
16:01:24 **** Incremental Build of configuration Debug for project MOSFET_EDA_sensor_v2.0 ****
make -j11 all 
arm-none-eabi-gcc "../Core/Src/main.c" -mcpu=cortex-m4 -std=gnu11 -g3 -DDEBUG -DUSE_HAL_DRIVER -DSTM32F407xx -c -I../Core/Inc -I../Drivers/STM32F4xx_HAL_Driver/Inc -I../Drivers/STM32F4xx_HAL_Driver/Inc/Legacy -I../Drivers/CMSIS/Device/ST/STM32F4xx/Include -I../Drivers/CMSIS/Include -O0 -ffunction-sections -fdata-sections -Wall -fstack-usage -fcyclomatic-complexity -MMD -MP -MF"Core/Src/main.d" -MT"Core/Src/main.o" --specs=nano.specs -mfpu=fpv4-sp-d16 -mfloat-abi=hard -mthumb -o "Core/Src/main.o"
../Core/Src/main.c: In function 'main':
../Core/Src/main.c:115:29: warning: passing argument 2 of 'HAL_ADC_Start_DMA' from incompatible pointer type [-Wincompatible-pointer-types]
  115 |   HAL_ADC_Start_DMA(&hadc1, &ADC_value[0], 2);
      |                             ^~~~~~~~~~~~~
      |                             |
      |                             uint16_t * {aka short unsigned int *}
In file included from ../Core/Inc/stm32f4xx_hal_conf.h:295,
                 from ../Drivers/STM32F4xx_HAL_Driver/Inc/stm32f4xx_hal.h:29,
                 from ../Core/Inc/main.h:30,
                 from ../Core/Src/main.c:20:
../Drivers/STM32F4xx_HAL_Driver/Inc/stm32f4xx_hal_adc.h:594:72: note: expected 'uint32_t *' {aka 'long unsigned int *'} but argument is of type 'uint16_t *' {aka 'short unsigned int *'}
  594 | HAL_StatusTypeDef HAL_ADC_Start_DMA(ADC_HandleTypeDef* hadc, uint32_t* pData, uint32_t Length);
      |                                                              ~~~~~~~~~~^~~~~
../Core/Src/main.c: In function 'HAL_TIM_PeriodElapsedCallback':
../Core/Src/main.c:185:17: warning: implicit declaration of function 'printf' [-Wimplicit-function-declaration]
  185 |                 printf("fetEDA_LPF = %.4f, fetEDA_HPF = %.4f\r\n", fetEDA_LPF, fetEDA_HPF);
      |                 ^~~~~~
../Core/Src/main.c:27:1: note: include '<stdio.h>' or provide a declaration of 'printf'
   26 | #include "gpio.h"
  +++ |+#include <stdio.h>
   27 | 
../Core/Src/main.c:185:17: warning: incompatible implicit declaration of built-in function 'printf' [-Wbuiltin-declaration-mismatch]
  185 |                 printf("fetEDA_LPF = %.4f, fetEDA_HPF = %.4f\r\n", fetEDA_LPF, fetEDA_HPF);
      |                 ^~~~~~
../Core/Src/main.c:185:17: note: include '<stdio.h>' or provide a declaration of 'printf'
../Core/Src/main.c:187:17: error: 'ms' undeclared (first use in this function)
  187 |                 ms = (float)ms_idx/fs;
      |                 ^~
../Core/Src/main.c:187:17: note: each undeclared identifier is reported only once for each function it appears in
../Core/Src/main.c:187:29: error: 'ms_idx' undeclared (first use in this function)
  187 |                 ms = (float)ms_idx/fs;
      |                             ^~~~~~
../Core/Src/main.c:187:36: error: 'fs' undeclared (first use in this function)
  187 |                 ms = (float)ms_idx/fs;
      |                                    ^~
../Core/Src/main.c:192:25: error: 'sec' undeclared (first use in this function)
  192 |                         sec++;
      |                         ^~~
../Core/Src/main.c:197:33: error: 'min' undeclared (first use in this function); did you mean 'main'?
  197 |                                 min++;
      |                                 ^~~
      |                                 main
../Core/Src/main.c: At top level:
../Core/Src/main.c:212:30: warning: missing braces around initializer [-Wmissing-braces]
  212 | float fetEDA_Vout[2][4096] = {0.0, };
      |                              ^
      |                               {    }
../Core/Src/main.c: In function 'MOSFET_EDA_Measure_Ids':
../Core/Src/main.c:252:53: warning: suggest parentheses around comparison in operand of '&' [-Wparentheses]
  252 |                 if (fetEDA_Vout[Rfeed_i][DAC_value] <= 2.85 & Rfeed_i == 0)
      |                     ~~~~~~~~~~~~~~~~~~~~~~~~~~~~~~~~^~~~~~~
../Core/Src/main.c:256:58: warning: suggest parentheses around comparison in operand of '&' [-Wparentheses]
  256 |                 else if (fetEDA_Vout[Rfeed_i][DAC_value] <= 2.85 & Rfeed_i == 1)
      |                          ~~~~~~~~~~~~~~~~~~~~~~~~~~~~~~~~^~~~~~~
../Core/Src/main.c:290:15: warning: unused variable 'min_DAC_value_float' [-Wunused-variable]
  290 |         float min_DAC_value_float = (fetEDA_Vth / 3) * 4096;
      |               ^~~~~~~~~~~~~~~~~~~
make: *** [Core/Src/subdir.mk:52: Core/Src/main.o] Error 1
"make -j11 all" terminated with exit code 2. Build might be incomplete.
16:01:57 **** Incremental Build of configuration Debug for project MOSFET_EDA_sensor_v1.3 ****
make -j11 all 
arm-none-eabi-size   MOSFET_EDA_sensor_v1.3.elf 
   text	   data	    bss	    dec	    hex	filename
  55308	    512	 101080	 156900	  264e4	MOSFET_EDA_sensor_v1.3.elf
Finished building: default.size.stdout
 
16:01:57 **** Incremental Build of configuration Debug for project MOSFET_EDA_sensor_v2.0 ****
make -j11 all 
arm-none-eabi-gcc "../Core/Src/main.c" -mcpu=cortex-m4 -std=gnu11 -g3 -DDEBUG -DUSE_HAL_DRIVER -DSTM32F407xx -c -I../Core/Inc -I../Drivers/STM32F4xx_HAL_Driver/Inc -I../Drivers/STM32F4xx_HAL_Driver/Inc/Legacy -I../Drivers/CMSIS/Device/ST/STM32F4xx/Include -I../Drivers/CMSIS/Include -O0 -ffunction-sections -fdata-sections -Wall -fstack-usage -fcyclomatic-complexity -MMD -MP -MF"Core/Src/main.d" -MT"Core/Src/main.o" --specs=nano.specs -mfpu=fpv4-sp-d16 -mfloat-abi=hard -mthumb -o "Core/Src/main.o"
../Core/Src/main.c: In function 'main':
../Core/Src/main.c:119:29: warning: passing argument 2 of 'HAL_ADC_Start_DMA' from incompatible pointer type [-Wincompatible-pointer-types]
  119 |   HAL_ADC_Start_DMA(&hadc1, &ADC_value[0], 2);
      |                             ^~~~~~~~~~~~~
      |                             |
      |                             uint16_t * {aka short unsigned int *}
In file included from ../Core/Inc/stm32f4xx_hal_conf.h:295,
                 from ../Drivers/STM32F4xx_HAL_Driver/Inc/stm32f4xx_hal.h:29,
                 from ../Core/Inc/main.h:30,
                 from ../Core/Src/main.c:20:
../Drivers/STM32F4xx_HAL_Driver/Inc/stm32f4xx_hal_adc.h:594:72: note: expected 'uint32_t *' {aka 'long unsigned int *'} but argument is of type 'uint16_t *' {aka 'short unsigned int *'}
  594 | HAL_StatusTypeDef HAL_ADC_Start_DMA(ADC_HandleTypeDef* hadc, uint32_t* pData, uint32_t Length);
      |                                                              ~~~~~~~~~~^~~~~
../Core/Src/main.c: In function 'HAL_TIM_PeriodElapsedCallback':
../Core/Src/main.c:189:17: warning: implicit declaration of function 'printf' [-Wimplicit-function-declaration]
  189 |                 printf("fetEDA_LPF = %.4f, fetEDA_HPF = %.4f\r\n", fetEDA_LPF, fetEDA_HPF);
      |                 ^~~~~~
../Core/Src/main.c:27:1: note: include '<stdio.h>' or provide a declaration of 'printf'
   26 | #include "gpio.h"
  +++ |+#include <stdio.h>
   27 | 
../Core/Src/main.c:189:17: warning: incompatible implicit declaration of built-in function 'printf' [-Wbuiltin-declaration-mismatch]
  189 |                 printf("fetEDA_LPF = %.4f, fetEDA_HPF = %.4f\r\n", fetEDA_LPF, fetEDA_HPF);
      |                 ^~~~~~
../Core/Src/main.c:189:17: note: include '<stdio.h>' or provide a declaration of 'printf'
../Core/Src/main.c: At top level:
../Core/Src/main.c:216:30: warning: missing braces around initializer [-Wmissing-braces]
  216 | float fetEDA_Vout[2][4096] = {0.0, };
      |                              ^
      |                               {    }
../Core/Src/main.c: In function 'MOSFET_EDA_Measure_Ids':
../Core/Src/main.c:256:53: warning: suggest parentheses around comparison in operand of '&' [-Wparentheses]
  256 |                 if (fetEDA_Vout[Rfeed_i][DAC_value] <= 2.85 & Rfeed_i == 0)
      |                     ~~~~~~~~~~~~~~~~~~~~~~~~~~~~~~~~^~~~~~~
../Core/Src/main.c:260:58: warning: suggest parentheses around comparison in operand of '&' [-Wparentheses]
  260 |                 else if (fetEDA_Vout[Rfeed_i][DAC_value] <= 2.85 & Rfeed_i == 1)
      |                          ~~~~~~~~~~~~~~~~~~~~~~~~~~~~~~~~^~~~~~~
../Core/Src/main.c:294:15: warning: unused variable 'min_DAC_value_float' [-Wunused-variable]
  294 |         float min_DAC_value_float = (fetEDA_Vth / 3) * 4096;
      |               ^~~~~~~~~~~~~~~~~~~
arm-none-eabi-gcc -o "MOSFET_EDA_sensor_v2.0.elf" @"objects.list"   -mcpu=cortex-m4 -T"/Users/namseungyoon/Desktop/PROJECT/01. ERK_project/02. Black_board/MOSFET_EDA_sensor/MOSFET_EDA_sensor_v2.0/STM32F407VGTX_FLASH.ld" --specs=nosys.specs -Wl,-Map="MOSFET_EDA_sensor_v2.0.map" -Wl,--gc-sections -static --specs=nano.specs -mfpu=fpv4-sp-d16 -mfloat-abi=hard -mthumb -u _printf_float -u _scanf_float -Wl,--start-group -lc -lm -Wl,--end-group
Finished building target: MOSFET_EDA_sensor_v2.0.elf
 
arm-none-eabi-size   MOSFET_EDA_sensor_v2.0.elf 
arm-none-eabi-objdump -h -S  MOSFET_EDA_sensor_v2.0.elf  > "MOSFET_EDA_sensor_v2.0.list"
   text	   data	    bss	    dec	    hex	filename
  39196	    476	   2260	  41932	   a3cc	MOSFET_EDA_sensor_v2.0.elf
Finished building: default.size.stdout
 
Finished building: MOSFET_EDA_sensor_v2.0.list
 
16:02:03 **** Incremental Build of configuration Debug for project MOSFET_EDA_sensor_v1.3 ****
make -j11 all 
arm-none-eabi-size   MOSFET_EDA_sensor_v1.3.elf 
   text	   data	    bss	    dec	    hex	filename
  55308	    512	 101080	 156900	  264e4	MOSFET_EDA_sensor_v1.3.elf
Finished building: default.size.stdout
 
16:02:03 **** Incremental Build of configuration Debug for project MOSFET_EDA_sensor_v2.0 ****
make -j11 all 
arm-none-eabi-gcc "../Core/Src/main.c" -mcpu=cortex-m4 -std=gnu11 -g3 -DDEBUG -DUSE_HAL_DRIVER -DSTM32F407xx -c -I../Core/Inc -I../Drivers/STM32F4xx_HAL_Driver/Inc -I../Drivers/STM32F4xx_HAL_Driver/Inc/Legacy -I../Drivers/CMSIS/Device/ST/STM32F4xx/Include -I../Drivers/CMSIS/Include -O0 -ffunction-sections -fdata-sections -Wall -fstack-usage -fcyclomatic-complexity -MMD -MP -MF"Core/Src/main.d" -MT"Core/Src/main.o" --specs=nano.specs -mfpu=fpv4-sp-d16 -mfloat-abi=hard -mthumb -o "Core/Src/main.o"
../Core/Src/main.c: In function 'main':
../Core/Src/main.c:119:29: warning: passing argument 2 of 'HAL_ADC_Start_DMA' from incompatible pointer type [-Wincompatible-pointer-types]
arm-none-eabi-gcc -o "MOSFET_EDA_sensor_v2.0.elf" @"objects.list"   -mcpu=cortex-m4 -T"/Users/namseungyoon/Desktop/PROJECT/01. ERK_project/02. Black_board/MOSFET_EDA_sensor/MOSFET_EDA_sensor_v2.0/STM32F407VGTX_FLASH.ld" --specs=nosys.specs -Wl,-Map="MOSFET_EDA_sensor_v2.0.map" -Wl,--gc-sections -static --specs=nano.specs -mfpu=fpv4-sp-d16 -mfloat-abi=hard -mthumb -u _printf_float -u _scanf_float -Wl,--start-group -lc -lm -Wl,--end-group
  119 |   HAL_ADC_Start_DMA(&hadc1, &ADC_value[0], 2);
      |                             ^~~~~~~~~~~~~
      |                             |
      |                             uint16_t * {aka short unsigned int *}
In file included from ../Core/Inc/stm32f4xx_hal_conf.h:295,
                 from ../Drivers/STM32F4xx_HAL_Driver/Inc/stm32f4xx_hal.h:29,
                 from ../Core/Inc/main.h:30,
                 from ../Core/Src/main.c:20:
../Drivers/STM32F4xx_HAL_Driver/Inc/stm32f4xx_hal_adc.h:594:72: note: expected 'uint32_t *' {aka 'long unsigned int *'} but argument is of type 'uint16_t *' {aka 'short unsigned int *'}
  594 | HAL_StatusTypeDef HAL_ADC_Start_DMA(ADC_HandleTypeDef* hadc, uint32_t* pData, uint32_t Length);
      |                                                              ~~~~~~~~~~^~~~~
../Core/Src/main.c: In function 'HAL_TIM_PeriodElapsedCallback':
../Core/Src/main.c:189:17: warning: implicit declaration of function 'printf' [-Wimplicit-function-declaration]
  189 |                 printf("fetEDA_LPF = %.4f, fetEDA_HPF = %.4f\r\n", fetEDA_LPF, fetEDA_HPF);
      |                 ^~~~~~
../Core/Src/main.c:27:1: note: include '<stdio.h>' or provide a declaration of 'printf'
   26 | #include "gpio.h"
  +++ |+#include <stdio.h>
   27 | 
../Core/Src/main.c:189:17: warning: incompatible implicit declaration of built-in function 'printf' [-Wbuiltin-declaration-mismatch]
  189 |                 printf("fetEDA_LPF = %.4f, fetEDA_HPF = %.4f\r\n", fetEDA_LPF, fetEDA_HPF);
      |                 ^~~~~~
../Core/Src/main.c:189:17: note: include '<stdio.h>' or provide a declaration of 'printf'
../Core/Src/main.c: At top level:
../Core/Src/main.c:216:30: warning: missing braces around initializer [-Wmissing-braces]
  216 | float fetEDA_Vout[2][4096] = {0.0, };
      |                              ^
      |                               {    }
../Core/Src/main.c: In function 'MOSFET_EDA_Measure_Ids':
../Core/Src/main.c:256:53: warning: suggest parentheses around comparison in operand of '&' [-Wparentheses]
  256 |                 if (fetEDA_Vout[Rfeed_i][DAC_value] <= 2.85 & Rfeed_i == 0)
      |                     ~~~~~~~~~~~~~~~~~~~~~~~~~~~~~~~~^~~~~~~
../Core/Src/main.c:260:58: warning: suggest parentheses around comparison in operand of '&' [-Wparentheses]
  260 |                 else if (fetEDA_Vout[Rfeed_i][DAC_value] <= 2.85 & Rfeed_i == 1)
      |                          ~~~~~~~~~~~~~~~~~~~~~~~~~~~~~~~~^~~~~~~
../Core/Src/main.c:294:15: warning: unused variable 'min_DAC_value_float' [-Wunused-variable]
  294 |         float min_DAC_value_float = (fetEDA_Vth / 3) * 4096;
      |               ^~~~~~~~~~~~~~~~~~~
Finished building target: MOSFET_EDA_sensor_v2.0.elf
 
arm-none-eabi-size   MOSFET_EDA_sensor_v2.0.elf 
arm-none-eabi-objdump -h -S  MOSFET_EDA_sensor_v2.0.elf  > "MOSFET_EDA_sensor_v2.0.list"
   text	   data	    bss	    dec	    hex	filename
  39196	    476	   2260	  41932	   a3cc	MOSFET_EDA_sensor_v2.0.elf
Finished building: default.size.stdout
 
Finished building: MOSFET_EDA_sensor_v2.0.list
 
16:03:10 **** Incremental Build of configuration Debug for project MOSFET_EDA_sensor_v1.3 ****
make -j11 all 
arm-none-eabi-size   MOSFET_EDA_sensor_v1.3.elf 
   text	   data	    bss	    dec	    hex	filename
  55308	    512	 101080	 156900	  264e4	MOSFET_EDA_sensor_v1.3.elf
Finished building: default.size.stdout
 
16:03:11 **** Incremental Build of configuration Debug for project MOSFET_EDA_sensor_v2.0 ****
make -j11 all 
arm-none-eabi-gcc "../Core/Src/main.c" -mcpu=cortex-m4 -std=gnu11 -g3 -DDEBUG -DUSE_HAL_DRIVER -DSTM32F407xx -c -I../Core/Inc -I../Drivers/STM32F4xx_HAL_Driver/Inc -I../Drivers/STM32F4xx_HAL_Driver/Inc/Legacy -I../Drivers/CMSIS/Device/ST/STM32F4xx/Include -I../Drivers/CMSIS/Include -O0 -ffunction-sections -fdata-sections -Wall -fstack-usage -fcyclomatic-complexity -MMD -MP -MF"Core/Src/main.d" -MT"Core/Src/main.o" --specs=nano.specs -mfpu=fpv4-sp-d16 -mfloat-abi=hard -mthumb -o "Core/Src/main.o"
../Core/Src/main.c: In function 'main':
../Core/Src/main.c:119:29: warning: passing argument 2 of 'HAL_ADC_Start_DMA' from incompatible pointer type [-Wincompatible-pointer-types]
  119 |   HAL_ADC_Start_DMA(&hadc1, &ADC_value[0], 2);
      |                             ^~~~~~~~~~~~~
      |                             |
      |                             uint16_t * {aka short unsigned int *}
In file included from ../Core/Inc/stm32f4xx_hal_conf.h:295,
                 from ../Drivers/STM32F4xx_HAL_Driver/Inc/stm32f4xx_hal.h:29,
                 from ../Core/Inc/main.h:30,
                 from ../Core/Src/main.c:20:
../Drivers/STM32F4xx_HAL_Driver/Inc/stm32f4xx_hal_adc.h:594:72: note: expected 'uint32_t *' {aka 'long unsigned int *'} but argument is of type 'uint16_t *' {aka 'short unsigned int *'}
  594 | HAL_StatusTypeDef HAL_ADC_Start_DMA(ADC_HandleTypeDef* hadc, uint32_t* pData, uint32_t Length);
      |                                                              ~~~~~~~~~~^~~~~
../Core/Src/main.c: In function 'HAL_TIM_PeriodElapsedCallback':
../Core/Src/main.c:188:17: error: 'fetEDA_Vin' undeclared (first use in this function); did you mean 'fetEDA_HPF'?
  188 |                 fetEDA_Vin = (float)ADC_value[1]/4096 * 3;
      |                 ^~~~~~~~~~
      |                 fetEDA_HPF
../Core/Src/main.c:188:17: note: each undeclared identifier is reported only once for each function it appears in
../Core/Src/main.c:189:17: warning: implicit declaration of function 'printf' [-Wimplicit-function-declaration]
  189 |                 printf("%dm %.2fs. fetEDA_LPF = %.4f, fetEDA_HPF = %.4f\r\n", fetEDA_LPF, fetEDA_Vin);
      |                 ^~~~~~
../Core/Src/main.c:27:1: note: include '<stdio.h>' or provide a declaration of 'printf'
   26 | #include "gpio.h"
  +++ |+#include <stdio.h>
   27 | 
../Core/Src/main.c:189:17: warning: incompatible implicit declaration of built-in function 'printf' [-Wbuiltin-declaration-mismatch]
  189 |                 printf("%dm %.2fs. fetEDA_LPF = %.4f, fetEDA_HPF = %.4f\r\n", fetEDA_LPF, fetEDA_Vin);
      |                 ^~~~~~
../Core/Src/main.c:189:17: note: include '<stdio.h>' or provide a declaration of 'printf'
../Core/Src/main.c: At top level:
../Core/Src/main.c:216:30: warning: missing braces around initializer [-Wmissing-braces]
  216 | float fetEDA_Vout[2][4096] = {0.0, };
      |                              ^
      |                               {    }
../Core/Src/main.c: In function 'MOSFET_EDA_Measure_Ids':
../Core/Src/main.c:256:53: warning: suggest parentheses around comparison in operand of '&' [-Wparentheses]
  256 |                 if (fetEDA_Vout[Rfeed_i][DAC_value] <= 2.85 & Rfeed_i == 0)
      |                     ~~~~~~~~~~~~~~~~~~~~~~~~~~~~~~~~^~~~~~~
../Core/Src/main.c:260:58: warning: suggest parentheses around comparison in operand of '&' [-Wparentheses]
  260 |                 else if (fetEDA_Vout[Rfeed_i][DAC_value] <= 2.85 & Rfeed_i == 1)
      |                          ~~~~~~~~~~~~~~~~~~~~~~~~~~~~~~~~^~~~~~~
../Core/Src/main.c:294:15: warning: unused variable 'min_DAC_value_float' [-Wunused-variable]
  294 |         float min_DAC_value_float = (fetEDA_Vth / 3) * 4096;
      |               ^~~~~~~~~~~~~~~~~~~
make: *** [Core/Src/subdir.mk:52: Core/Src/main.o] Error 1
"make -j11 all" terminated with exit code 2. Build might be incomplete.
16:03:30 **** Incremental Build of configuration Debug for project MOSFET_EDA_sensor_v1.3 ****
make -j11 all 
arm-none-eabi-size   MOSFET_EDA_sensor_v1.3.elf 
   text	   data	    bss	    dec	    hex	filename
  55308	    512	 101080	 156900	  264e4	MOSFET_EDA_sensor_v1.3.elf
Finished building: default.size.stdout
 
16:03:30 **** Incremental Build of configuration Debug for project MOSFET_EDA_sensor_v2.0 ****
make -j11 all 
arm-none-eabi-gcc "../Core/Src/main.c" -mcpu=cortex-m4 -std=gnu11 -g3 -DDEBUG -DUSE_HAL_DRIVER -DSTM32F407xx -c -I../Core/Inc -I../Drivers/STM32F4xx_HAL_Driver/Inc -I../Drivers/STM32F4xx_HAL_Driver/Inc/Legacy -I../Drivers/CMSIS/Device/ST/STM32F4xx/Include -I../Drivers/CMSIS/Include -O0 -ffunction-sections -fdata-sections -Wall -fstack-usage -fcyclomatic-complexity -MMD -MP -MF"Core/Src/main.d" -MT"Core/Src/main.o" --specs=nano.specs -mfpu=fpv4-sp-d16 -mfloat-abi=hard -mthumb -o "Core/Src/main.o"
../Core/Src/main.c:72:30: warning: missing braces around initializer [-Wmissing-braces]
   72 | float fetEDA_Vout[2][4096] = {0.0, };
      |                              ^
      |                               {    }
../Core/Src/main.c: In function 'main':
../Core/Src/main.c:134:29: warning: passing argument 2 of 'HAL_ADC_Start_DMA' from incompatible pointer type [-Wincompatible-pointer-types]
  134 |   HAL_ADC_Start_DMA(&hadc1, &ADC_value[0], 2);
      |                             ^~~~~~~~~~~~~
      |                             |
      |                             uint16_t * {aka short unsigned int *}
In file included from ../Core/Inc/stm32f4xx_hal_conf.h:295,
                 from ../Drivers/STM32F4xx_HAL_Driver/Inc/stm32f4xx_hal.h:29,
                 from ../Core/Inc/main.h:30,
                 from ../Core/Src/main.c:20:
../Drivers/STM32F4xx_HAL_Driver/Inc/stm32f4xx_hal_adc.h:594:72: note: expected 'uint32_t *' {aka 'long unsigned int *'} but argument is of type 'uint16_t *' {aka 'short unsigned int *'}
  594 | HAL_StatusTypeDef HAL_ADC_Start_DMA(ADC_HandleTypeDef* hadc, uint32_t* pData, uint32_t Length);
      |                                                              ~~~~~~~~~~^~~~~
../Core/Src/main.c: In function 'HAL_TIM_PeriodElapsedCallback':
../Core/Src/main.c:204:17: warning: implicit declaration of function 'printf' [-Wimplicit-function-declaration]
  204 |                 printf("%dm %.2fs. fetEDA_LPF = %.4f, fetEDA_HPF = %.4f\r\n", fetEDA_LPF, fetEDA_Vin);
      |                 ^~~~~~
../Core/Src/main.c:27:1: note: include '<stdio.h>' or provide a declaration of 'printf'
   26 | #include "gpio.h"
  +++ |+#include <stdio.h>
   27 | 
../Core/Src/main.c:204:17: warning: incompatible implicit declaration of built-in function 'printf' [-Wbuiltin-declaration-mismatch]
  204 |                 printf("%dm %.2fs. fetEDA_LPF = %.4f, fetEDA_HPF = %.4f\r\n", fetEDA_LPF, fetEDA_Vin);
      |                 ^~~~~~
../Core/Src/main.c:204:17: note: include '<stdio.h>' or provide a declaration of 'printf'
../Core/Src/main.c:204:26: warning: format '%d' expects argument of type 'int', but argument 2 has type 'double' [-Wformat=]
  204 |                 printf("%dm %.2fs. fetEDA_LPF = %.4f, fetEDA_HPF = %.4f\r\n", fetEDA_LPF, fetEDA_Vin);
      |                         ~^                                                    ~~~~~~~~~~
      |                          |                                                    |
      |                          int                                                  double
      |                         %f
../Core/Src/main.c:204:52: warning: format '%f' expects a matching 'double' argument [-Wformat=]
  204 |                 printf("%dm %.2fs. fetEDA_LPF = %.4f, fetEDA_HPF = %.4f\r\n", fetEDA_LPF, fetEDA_Vin);
      |                                                 ~~~^
      |                                                    |
      |                                                    double
../Core/Src/main.c:204:71: warning: format '%f' expects a matching 'double' argument [-Wformat=]
  204 |                 printf("%dm %.2fs. fetEDA_LPF = %.4f, fetEDA_HPF = %.4f\r\n", fetEDA_LPF, fetEDA_Vin);
      |                                                                    ~~~^
      |                                                                       |
      |                                                                       double
../Core/Src/main.c: In function 'MOSFET_EDA_Measure_Ids':
../Core/Src/main.c:255:53: warning: suggest parentheses around comparison in operand of '&' [-Wparentheses]
  255 |                 if (fetEDA_Vout[Rfeed_i][DAC_value] <= 2.85 & Rfeed_i == 0)
      |                     ~~~~~~~~~~~~~~~~~~~~~~~~~~~~~~~~^~~~~~~
../Core/Src/main.c:259:58: warning: suggest parentheses around comparison in operand of '&' [-Wparentheses]
  259 |                 else if (fetEDA_Vout[Rfeed_i][DAC_value] <= 2.85 & Rfeed_i == 1)
      |                          ~~~~~~~~~~~~~~~~~~~~~~~~~~~~~~~~^~~~~~~
../Core/Src/main.c:293:15: warning: unused variable 'min_DAC_value_float' [-Wunused-variable]
  293 |         float min_DAC_value_float = (fetEDA_Vth / 3) * 4096;
      |               ^~~~~~~~~~~~~~~~~~~
arm-none-eabi-gcc -o "MOSFET_EDA_sensor_v2.0.elf" @"objects.list"   -mcpu=cortex-m4 -T"/Users/namseungyoon/Desktop/PROJECT/01. ERK_project/02. Black_board/MOSFET_EDA_sensor/MOSFET_EDA_sensor_v2.0/STM32F407VGTX_FLASH.ld" --specs=nosys.specs -Wl,-Map="MOSFET_EDA_sensor_v2.0.map" -Wl,--gc-sections -static --specs=nano.specs -mfpu=fpv4-sp-d16 -mfloat-abi=hard -mthumb -u _printf_float -u _scanf_float -Wl,--start-group -lc -lm -Wl,--end-group
Finished building target: MOSFET_EDA_sensor_v2.0.elf
 
arm-none-eabi-size   MOSFET_EDA_sensor_v2.0.elf 
arm-none-eabi-objdump -h -S  MOSFET_EDA_sensor_v2.0.elf  > "MOSFET_EDA_sensor_v2.0.list"
   text	   data	    bss	    dec	    hex	filename
  39204	    476	   2260	  41940	   a3d4	MOSFET_EDA_sensor_v2.0.elf
Finished building: default.size.stdout
 
Finished building: MOSFET_EDA_sensor_v2.0.list
 
16:03:42 **** Incremental Build of configuration Debug for project MOSFET_EDA_sensor_v2.0 ****
make -j11 all 
arm-none-eabi-size   MOSFET_EDA_sensor_v2.0.elf 
   text	   data	    bss	    dec	    hex	filename
  39204	    476	   2260	  41940	   a3d4	MOSFET_EDA_sensor_v2.0.elf
Finished building: default.size.stdout
 
16:04:45 **** Incremental Build of configuration Debug for project MOSFET_EDA_sensor_v1.3 ****
make -j11 all 
arm-none-eabi-size   MOSFET_EDA_sensor_v1.3.elf 
   text	   data	    bss	    dec	    hex	filename
  55308	    512	 101080	 156900	  264e4	MOSFET_EDA_sensor_v1.3.elf
Finished building: default.size.stdout
 
16:04:45 **** Incremental Build of configuration Debug for project MOSFET_EDA_sensor_v2.0 ****
make -j11 all 
arm-none-eabi-gcc "../Core/Src/main.c" -mcpu=cortex-m4 -std=gnu11 -g3 -DDEBUG -DUSE_HAL_DRIVER -DSTM32F407xx -c -I../Core/Inc -I../Drivers/STM32F4xx_HAL_Driver/Inc -I../Drivers/STM32F4xx_HAL_Driver/Inc/Legacy -I../Drivers/CMSIS/Device/ST/STM32F4xx/Include -I../Drivers/CMSIS/Include -O0 -ffunction-sections -fdata-sections -Wall -fstack-usage -fcyclomatic-complexity -MMD -MP -MF"Core/Src/main.d" -MT"Core/Src/main.o" --specs=nano.specs -mfpu=fpv4-sp-d16 -mfloat-abi=hard -mthumb -o "Core/Src/main.o"
../Core/Src/main.c:72:30: warning: missing braces around initializer [-Wmissing-braces]
   72 | float fetEDA_Vout[2][4096] = {0.0, };
      |                              ^
      |                               {    }
../Core/Src/main.c: In function 'main':
../Core/Src/main.c:134:29: warning: passing argument 2 of 'HAL_ADC_Start_DMA' from incompatible pointer type [-Wincompatible-pointer-types]
  134 |   HAL_ADC_Start_DMA(&hadc1, &ADC_value[0], 2);
      |                             ^~~~~~~~~~~~~
      |                             |
      |                             uint16_t * {aka short unsigned int *}
In file included from ../Core/Inc/stm32f4xx_hal_conf.h:295,
                 from ../Drivers/STM32F4xx_HAL_Driver/Inc/stm32f4xx_hal.h:29,
                 from ../Core/Inc/main.h:30,
                 from ../Core/Src/main.c:20:
../Drivers/STM32F4xx_HAL_Driver/Inc/stm32f4xx_hal_adc.h:594:72: note: expected 'uint32_t *' {aka 'long unsigned int *'} but argument is of type 'uint16_t *' {aka 'short unsigned int *'}
  594 | HAL_StatusTypeDef HAL_ADC_Start_DMA(ADC_HandleTypeDef* hadc, uint32_t* pData, uint32_t Length);
      |                                                              ~~~~~~~~~~^~~~~
../Core/Src/main.c: In function 'HAL_TIM_PeriodElapsedCallback':
../Core/Src/main.c:204:17: warning: implicit declaration of function 'printf' [-Wimplicit-function-declaration]
  204 |                 printf("%dm %.2fs. fetEDA_LPF = %.4f, fetEDA_HPF = %.4f\r\n", min, sec+ms, fetEDA_LPF, fetEDA_Vin);
      |                 ^~~~~~
../Core/Src/main.c:27:1: note: include '<stdio.h>' or provide a declaration of 'printf'
   26 | #include "gpio.h"
  +++ |+#include <stdio.h>
   27 | 
../Core/Src/main.c:204:17: warning: incompatible implicit declaration of built-in function 'printf' [-Wbuiltin-declaration-mismatch]
  204 |                 printf("%dm %.2fs. fetEDA_LPF = %.4f, fetEDA_HPF = %.4f\r\n", min, sec+ms, fetEDA_LPF, fetEDA_Vin);
      |                 ^~~~~~
../Core/Src/main.c:204:17: note: include '<stdio.h>' or provide a declaration of 'printf'
../Core/Src/main.c: In function 'MOSFET_EDA_Measure_Ids':
../Core/Src/main.c:255:53: warning: suggest parentheses around comparison in operand of '&' [-Wparentheses]
  255 |                 if (fetEDA_Vout[Rfeed_i][DAC_value] <= 2.85 & Rfeed_i == 0)
      |                     ~~~~~~~~~~~~~~~~~~~~~~~~~~~~~~~~^~~~~~~
../Core/Src/main.c:259:58: warning: suggest parentheses around comparison in operand of '&' [-Wparentheses]
  259 |                 else if (fetEDA_Vout[Rfeed_i][DAC_value] <= 2.85 & Rfeed_i == 1)
      |                          ~~~~~~~~~~~~~~~~~~~~~~~~~~~~~~~~^~~~~~~
../Core/Src/main.c:293:15: warning: unused variable 'min_DAC_value_float' [-Wunused-variable]
  293 |         float min_DAC_value_float = (fetEDA_Vth / 3) * 4096;
      |               ^~~~~~~~~~~~~~~~~~~
arm-none-eabi-gcc -o "MOSFET_EDA_sensor_v2.0.elf" @"objects.list"   -mcpu=cortex-m4 -T"/Users/namseungyoon/Desktop/PROJECT/01. ERK_project/02. Black_board/MOSFET_EDA_sensor/MOSFET_EDA_sensor_v2.0/STM32F407VGTX_FLASH.ld" --specs=nosys.specs -Wl,-Map="MOSFET_EDA_sensor_v2.0.map" -Wl,--gc-sections -static --specs=nano.specs -mfpu=fpv4-sp-d16 -mfloat-abi=hard -mthumb -u _printf_float -u _scanf_float -Wl,--start-group -lc -lm -Wl,--end-group
Finished building target: MOSFET_EDA_sensor_v2.0.elf
 
arm-none-eabi-size   MOSFET_EDA_sensor_v2.0.elf 
arm-none-eabi-objdump -h -S  MOSFET_EDA_sensor_v2.0.elf  > "MOSFET_EDA_sensor_v2.0.list"
   text	   data	    bss	    dec	    hex	filename
  39252	    476	   2260	  41988	   a404	MOSFET_EDA_sensor_v2.0.elf
Finished building: default.size.stdout
 
Finished building: MOSFET_EDA_sensor_v2.0.list
 
16:05:06 **** Incremental Build of configuration Debug for project MOSFET_EDA_sensor_v2.0 ****
make -j11 all 
arm-none-eabi-gcc "../Core/Src/main.c" -mcpu=cortex-m4 -std=gnu11 -g3 -DDEBUG -DUSE_HAL_DRIVER -DSTM32F407xx -c -I../Core/Inc -I../Drivers/STM32F4xx_HAL_Driver/Inc -I../Drivers/STM32F4xx_HAL_Driver/Inc/Legacy -I../Drivers/CMSIS/Device/ST/STM32F4xx/Include -I../Drivers/CMSIS/Include -O0 -ffunction-sections -fdata-sections -Wall -fstack-usage -fcyclomatic-complexity -MMD -MP -MF"Core/Src/main.d" -MT"Core/Src/main.o" --specs=nano.specs -mfpu=fpv4-sp-d16 -mfloat-abi=hard -mthumb -o "Core/Src/main.o"
../Core/Src/main.c:72:30: warning: missing braces around initializer [-Wmissing-braces]
   72 | float fetEDA_Vout[2][4096] = {0.0, };
      |                              ^
      |                               {    }
../Core/Src/main.c: In function 'main':
../Core/Src/main.c:134:29: warning: passing argument 2 of 'HAL_ADC_Start_DMA' from incompatible pointer type [-Wincompatible-pointer-types]
  134 |   HAL_ADC_Start_DMA(&hadc1, &ADC_value[0], 2);
      |                             ^~~~~~~~~~~~~
      |                             |
      |                             uint16_t * {aka short unsigned int *}
In file included from ../Core/Inc/stm32f4xx_hal_conf.h:295,
                 from ../Drivers/STM32F4xx_HAL_Driver/Inc/stm32f4xx_hal.h:29,
                 from ../Core/Inc/main.h:30,
                 from ../Core/Src/main.c:20:
../Drivers/STM32F4xx_HAL_Driver/Inc/stm32f4xx_hal_adc.h:594:72: note: expected 'uint32_t *' {aka 'long unsigned int *'} but argument is of type 'uint16_t *' {aka 'short unsigned int *'}
  594 | HAL_StatusTypeDef HAL_ADC_Start_DMA(ADC_HandleTypeDef* hadc, uint32_t* pData, uint32_t Length);
      |                                                              ~~~~~~~~~~^~~~~
../Core/Src/main.c: In function 'HAL_TIM_PeriodElapsedCallback':
../Core/Src/main.c:204:17: warning: implicit declaration of function 'printf' [-Wimplicit-function-declaration]
  204 |                 printf("%dm %.2fs. fetEDA_LPF = %.4f, fetEDA_HPF = %.4f\r\n", min, sec+ms, fetEDA_LPF, fetEDA_Vin);
      |                 ^~~~~~
../Core/Src/main.c:27:1: note: include '<stdio.h>' or provide a declaration of 'printf'
   26 | #include "gpio.h"
  +++ |+#include <stdio.h>
   27 | 
../Core/Src/main.c:204:17: warning: incompatible implicit declaration of built-in function 'printf' [-Wbuiltin-declaration-mismatch]
  204 |                 printf("%dm %.2fs. fetEDA_LPF = %.4f, fetEDA_HPF = %.4f\r\n", min, sec+ms, fetEDA_LPF, fetEDA_Vin);
      |                 ^~~~~~
../Core/Src/main.c:204:17: note: include '<stdio.h>' or provide a declaration of 'printf'
../Core/Src/main.c: In function 'MOSFET_EDA_Measure_Ids':
../Core/Src/main.c:255:53: warning: suggest parentheses around comparison in operand of '&' [-Wparentheses]
  255 |                 if (fetEDA_Vout[Rfeed_i][DAC_value] <= 2.85 & Rfeed_i == 0)
      |                     ~~~~~~~~~~~~~~~~~~~~~~~~~~~~~~~~^~~~~~~
../Core/Src/main.c:259:58: warning: suggest parentheses around comparison in operand of '&' [-Wparentheses]
  259 |                 else if (fetEDA_Vout[Rfeed_i][DAC_value] <= 2.85 & Rfeed_i == 1)
      |                          ~~~~~~~~~~~~~~~~~~~~~~~~~~~~~~~~^~~~~~~
../Core/Src/main.c:293:15: warning: unused variable 'min_DAC_value_float' [-Wunused-variable]
  293 |         float min_DAC_value_float = (fetEDA_Vth / 3) * 4096;
      |               ^~~~~~~~~~~~~~~~~~~
arm-none-eabi-gcc -o "MOSFET_EDA_sensor_v2.0.elf" @"objects.list"   -mcpu=cortex-m4 -T"/Users/namseungyoon/Desktop/PROJECT/01. ERK_project/02. Black_board/MOSFET_EDA_sensor/MOSFET_EDA_sensor_v2.0/STM32F407VGTX_FLASH.ld" --specs=nosys.specs -Wl,-Map="MOSFET_EDA_sensor_v2.0.map" -Wl,--gc-sections -static --specs=nano.specs -mfpu=fpv4-sp-d16 -mfloat-abi=hard -mthumb -u _printf_float -u _scanf_float -Wl,--start-group -lc -lm -Wl,--end-group
Finished building target: MOSFET_EDA_sensor_v2.0.elf
 
arm-none-eabi-size   MOSFET_EDA_sensor_v2.0.elf 
arm-none-eabi-objdump -h -S  MOSFET_EDA_sensor_v2.0.elf  > "MOSFET_EDA_sensor_v2.0.list"
   text	   data	    bss	    dec	    hex	filename
  39252	    476	   2260	  41988	   a404	MOSFET_EDA_sensor_v2.0.elf
Finished building: default.size.stdout
 
Finished building: MOSFET_EDA_sensor_v2.0.list
 
16:05:32 **** Incremental Build of configuration Debug for project MOSFET_EDA_sensor_v2.0 ****
make -j11 all 
arm-none-eabi-gcc "../Core/Src/main.c" -mcpu=cortex-m4 -std=gnu11 -g3 -DDEBUG -DUSE_HAL_DRIVER -DSTM32F407xx -c -I../Core/Inc -I../Drivers/STM32F4xx_HAL_Driver/Inc -I../Drivers/STM32F4xx_HAL_Driver/Inc/Legacy -I../Drivers/CMSIS/Device/ST/STM32F4xx/Include -I../Drivers/CMSIS/Include -O0 -ffunction-sections -fdata-sections -Wall -fstack-usage -fcyclomatic-complexity -MMD -MP -MF"Core/Src/main.d" -MT"Core/Src/main.o" --specs=nano.specs -mfpu=fpv4-sp-d16 -mfloat-abi=hard -mthumb -o "Core/Src/main.o"
../Core/Src/main.c:72:30: warning: missing braces around initializer [-Wmissing-braces]
   72 | float fetEDA_Vout[2][4096] = {0.0, };
      |                              ^
      |                               {    }
../Core/Src/main.c: In function 'main':
../Core/Src/main.c:134:29: warning: passing argument 2 of 'HAL_ADC_Start_DMA' from incompatible pointer type [-Wincompatible-pointer-types]
  134 |   HAL_ADC_Start_DMA(&hadc1, &ADC_value[0], 2);
      |                             ^~~~~~~~~~~~~
      |                             |
      |                             uint16_t * {aka short unsigned int *}
In file included from ../Core/Inc/stm32f4xx_hal_conf.h:295,
                 from ../Drivers/STM32F4xx_HAL_Driver/Inc/stm32f4xx_hal.h:29,
                 from ../Core/Inc/main.h:30,
                 from ../Core/Src/main.c:20:
../Drivers/STM32F4xx_HAL_Driver/Inc/stm32f4xx_hal_adc.h:594:72: note: expected 'uint32_t *' {aka 'long unsigned int *'} but argument is of type 'uint16_t *' {aka 'short unsigned int *'}
  594 | HAL_StatusTypeDef HAL_ADC_Start_DMA(ADC_HandleTypeDef* hadc, uint32_t* pData, uint32_t Length);
      |                                                              ~~~~~~~~~~^~~~~
../Core/Src/main.c: In function 'HAL_TIM_PeriodElapsedCallback':
../Core/Src/main.c:204:17: warning: implicit declaration of function 'printf' [-Wimplicit-function-declaration]
  204 |                 printf("%dm %.2fs. fetEDA_LPF = %.4f, fetEDA_Vin = %.4f\r\n", min, sec+ms, fetEDA_LPF, fetEDA_Vin);
      |                 ^~~~~~
../Core/Src/main.c:27:1: note: include '<stdio.h>' or provide a declaration of 'printf'
   26 | #include "gpio.h"
  +++ |+#include <stdio.h>
   27 | 
../Core/Src/main.c:204:17: warning: incompatible implicit declaration of built-in function 'printf' [-Wbuiltin-declaration-mismatch]
  204 |                 printf("%dm %.2fs. fetEDA_LPF = %.4f, fetEDA_Vin = %.4f\r\n", min, sec+ms, fetEDA_LPF, fetEDA_Vin);
      |                 ^~~~~~
../Core/Src/main.c:204:17: note: include '<stdio.h>' or provide a declaration of 'printf'
../Core/Src/main.c: In function 'MOSFET_EDA_Measure_Ids':
../Core/Src/main.c:255:53: warning: suggest parentheses around comparison in operand of '&' [-Wparentheses]
  255 |                 if (fetEDA_Vout[Rfeed_i][DAC_value] <= 2.85 & Rfeed_i == 0)
      |                     ~~~~~~~~~~~~~~~~~~~~~~~~~~~~~~~~^~~~~~~
../Core/Src/main.c:259:58: warning: suggest parentheses around comparison in operand of '&' [-Wparentheses]
  259 |                 else if (fetEDA_Vout[Rfeed_i][DAC_value] <= 2.85 & Rfeed_i == 1)
      |                          ~~~~~~~~~~~~~~~~~~~~~~~~~~~~~~~~^~~~~~~
../Core/Src/main.c:293:15: warning: unused variable 'min_DAC_value_float' [-Wunused-variable]
  293 |         float min_DAC_value_float = (fetEDA_Vth / 3) * 4096;
      |               ^~~~~~~~~~~~~~~~~~~
arm-none-eabi-gcc -o "MOSFET_EDA_sensor_v2.0.elf" @"objects.list"   -mcpu=cortex-m4 -T"/Users/namseungyoon/Desktop/PROJECT/01. ERK_project/02. Black_board/MOSFET_EDA_sensor/MOSFET_EDA_sensor_v2.0/STM32F407VGTX_FLASH.ld" --specs=nosys.specs -Wl,-Map="MOSFET_EDA_sensor_v2.0.map" -Wl,--gc-sections -static --specs=nano.specs -mfpu=fpv4-sp-d16 -mfloat-abi=hard -mthumb -u _printf_float -u _scanf_float -Wl,--start-group -lc -lm -Wl,--end-group
Finished building target: MOSFET_EDA_sensor_v2.0.elf
 
arm-none-eabi-size   MOSFET_EDA_sensor_v2.0.elf 
arm-none-eabi-objdump -h -S  MOSFET_EDA_sensor_v2.0.elf  > "MOSFET_EDA_sensor_v2.0.list"
   text	   data	    bss	    dec	    hex	filename
  39252	    476	   2260	  41988	   a404	MOSFET_EDA_sensor_v2.0.elf
Finished building: default.size.stdout
 
Finished building: MOSFET_EDA_sensor_v2.0.list
 
16:05:42 **** Incremental Build of configuration Debug for project MOSFET_EDA_sensor_v2.0 ****
make -j11 all 
arm-none-eabi-gcc "../Core/Src/main.c" -mcpu=cortex-m4 -std=gnu11 -g3 -DDEBUG -DUSE_HAL_DRIVER -DSTM32F407xx -c -I../Core/Inc -I../Drivers/STM32F4xx_HAL_Driver/Inc -I../Drivers/STM32F4xx_HAL_Driver/Inc/Legacy -I../Drivers/CMSIS/Device/ST/STM32F4xx/Include -I../Drivers/CMSIS/Include -O0 -ffunction-sections -fdata-sections -Wall -fstack-usage -fcyclomatic-complexity -MMD -MP -MF"Core/Src/main.d" -MT"Core/Src/main.o" --specs=nano.specs -mfpu=fpv4-sp-d16 -mfloat-abi=hard -mthumb -o "Core/Src/main.o"
../Core/Src/main.c:72:30: warning: missing braces around initializer [-Wmissing-braces]
   72 | float fetEDA_Vout[2][4096] = {0.0, };
      |                              ^
      |                               {    }
../Core/Src/main.c: In function 'main':
../Core/Src/main.c:134:29: warning: passing argument 2 of 'HAL_ADC_Start_DMA' from incompatible pointer type [-Wincompatible-pointer-types]
  134 |   HAL_ADC_Start_DMA(&hadc1, &ADC_value[0], 2);
      |                             ^~~~~~~~~~~~~
      |                             |
      |                             uint16_t * {aka short unsigned int *}
In file included from ../Core/Inc/stm32f4xx_hal_conf.h:295,
                 from ../Drivers/STM32F4xx_HAL_Driver/Inc/stm32f4xx_hal.h:29,
                 from ../Core/Inc/main.h:30,
                 from ../Core/Src/main.c:20:
../Drivers/STM32F4xx_HAL_Driver/Inc/stm32f4xx_hal_adc.h:594:72: note: expected 'uint32_t *' {aka 'long unsigned int *'} but argument is of type 'uint16_t *' {aka 'short unsigned int *'}
  594 | HAL_StatusTypeDef HAL_ADC_Start_DMA(ADC_HandleTypeDef* hadc, uint32_t* pData, uint32_t Length);
      |                                                              ~~~~~~~~~~^~~~~
../Core/Src/main.c: In function 'HAL_TIM_PeriodElapsedCallback':
../Core/Src/main.c:204:17: warning: implicit declaration of function 'printf' [-Wimplicit-function-declaration]
  204 |                 printf("%dm %.2fs. fetEDA_LPF = %.4fv, fetEDA_Vin = %.4fv\r\n", min, sec+ms, fetEDA_LPF, fetEDA_Vin);
      |                 ^~~~~~
../Core/Src/main.c:27:1: note: include '<stdio.h>' or provide a declaration of 'printf'
   26 | #include "gpio.h"
  +++ |+#include <stdio.h>
   27 | 
../Core/Src/main.c:204:17: warning: incompatible implicit declaration of built-in function 'printf' [-Wbuiltin-declaration-mismatch]
  204 |                 printf("%dm %.2fs. fetEDA_LPF = %.4fv, fetEDA_Vin = %.4fv\r\n", min, sec+ms, fetEDA_LPF, fetEDA_Vin);
      |                 ^~~~~~
../Core/Src/main.c:204:17: note: include '<stdio.h>' or provide a declaration of 'printf'
../Core/Src/main.c: In function 'MOSFET_EDA_Measure_Ids':
../Core/Src/main.c:255:53: warning: suggest parentheses around comparison in operand of '&' [-Wparentheses]
  255 |                 if (fetEDA_Vout[Rfeed_i][DAC_value] <= 2.85 & Rfeed_i == 0)
      |                     ~~~~~~~~~~~~~~~~~~~~~~~~~~~~~~~~^~~~~~~
../Core/Src/main.c:259:58: warning: suggest parentheses around comparison in operand of '&' [-Wparentheses]
  259 |                 else if (fetEDA_Vout[Rfeed_i][DAC_value] <= 2.85 & Rfeed_i == 1)
      |                          ~~~~~~~~~~~~~~~~~~~~~~~~~~~~~~~~^~~~~~~
../Core/Src/main.c:293:15: warning: unused variable 'min_DAC_value_float' [-Wunused-variable]
  293 |         float min_DAC_value_float = (fetEDA_Vth / 3) * 4096;
      |               ^~~~~~~~~~~~~~~~~~~
arm-none-eabi-gcc -o "MOSFET_EDA_sensor_v2.0.elf" @"objects.list"   -mcpu=cortex-m4 -T"/Users/namseungyoon/Desktop/PROJECT/01. ERK_project/02. Black_board/MOSFET_EDA_sensor/MOSFET_EDA_sensor_v2.0/STM32F407VGTX_FLASH.ld" --specs=nosys.specs -Wl,-Map="MOSFET_EDA_sensor_v2.0.map" -Wl,--gc-sections -static --specs=nano.specs -mfpu=fpv4-sp-d16 -mfloat-abi=hard -mthumb -u _printf_float -u _scanf_float -Wl,--start-group -lc -lm -Wl,--end-group
Finished building target: MOSFET_EDA_sensor_v2.0.elf
 
arm-none-eabi-size   MOSFET_EDA_sensor_v2.0.elf 
arm-none-eabi-objdump -h -S  MOSFET_EDA_sensor_v2.0.elf  > "MOSFET_EDA_sensor_v2.0.list"
   text	   data	    bss	    dec	    hex	filename
  39252	    476	   2260	  41988	   a404	MOSFET_EDA_sensor_v2.0.elf
Finished building: default.size.stdout
 
Finished building: MOSFET_EDA_sensor_v2.0.list
 
16:08:05 **** Incremental Build of configuration Debug for project MOSFET_EDA_sensor_v2.0 ****
make -j11 all 
arm-none-eabi-gcc "../Core/Src/main.c" -mcpu=cortex-m4 -std=gnu11 -g3 -DDEBUG -DUSE_HAL_DRIVER -DSTM32F407xx -c -I../Core/Inc -I../Drivers/STM32F4xx_HAL_Driver/Inc -I../Drivers/STM32F4xx_HAL_Driver/Inc/Legacy -I../Drivers/CMSIS/Device/ST/STM32F4xx/Include -I../Drivers/CMSIS/Include -O0 -ffunction-sections -fdata-sections -Wall -fstack-usage -fcyclomatic-complexity -MMD -MP -MF"Core/Src/main.d" -MT"Core/Src/main.o" --specs=nano.specs -mfpu=fpv4-sp-d16 -mfloat-abi=hard -mthumb -o "Core/Src/main.o"
../Core/Src/main.c:72:30: warning: missing braces around initializer [-Wmissing-braces]
arm-none-eabi-gcc -o "MOSFET_EDA_sensor_v2.0.elf" @"objects.list"   -mcpu=cortex-m4 -T"/Users/namseungyoon/Desktop/PROJECT/01. ERK_project/02. Black_board/MOSFET_EDA_sensor/MOSFET_EDA_sensor_v2.0/STM32F407VGTX_FLASH.ld" --specs=nosys.specs -Wl,-Map="MOSFET_EDA_sensor_v2.0.map" -Wl,--gc-sections -static --specs=nano.specs -mfpu=fpv4-sp-d16 -mfloat-abi=hard -mthumb -u _printf_float -u _scanf_float -Wl,--start-group -lc -lm -Wl,--end-group
   72 | float fetEDA_Vout[2][4096] = {0.0, };
      |                              ^
      |                               {    }
../Core/Src/main.c: In function 'main':
../Core/Src/main.c:133:3: warning: implicit declaration of function 'MOSFET_EDA_Measure_Ids' [-Wimplicit-function-declaration]
  133 |   MOSFET_EDA_Measure_Ids();
      |   ^~~~~~~~~~~~~~~~~~~~~~
../Core/Src/main.c:137:29: warning: passing argument 2 of 'HAL_ADC_Start_DMA' from incompatible pointer type [-Wincompatible-pointer-types]
  137 |   HAL_ADC_Start_DMA(&hadc1, &ADC_value[0], 2);
      |                             ^~~~~~~~~~~~~
      |                             |
      |                             uint16_t * {aka short unsigned int *}
In file included from ../Core/Inc/stm32f4xx_hal_conf.h:295,
                 from ../Drivers/STM32F4xx_HAL_Driver/Inc/stm32f4xx_hal.h:29,
                 from ../Core/Inc/main.h:30,
                 from ../Core/Src/main.c:20:
../Drivers/STM32F4xx_HAL_Driver/Inc/stm32f4xx_hal_adc.h:594:72: note: expected 'uint32_t *' {aka 'long unsigned int *'} but argument is of type 'uint16_t *' {aka 'short unsigned int *'}
  594 | HAL_StatusTypeDef HAL_ADC_Start_DMA(ADC_HandleTypeDef* hadc, uint32_t* pData, uint32_t Length);
      |                                                              ~~~~~~~~~~^~~~~
../Core/Src/main.c: In function 'HAL_TIM_PeriodElapsedCallback':
../Core/Src/main.c:207:17: warning: implicit declaration of function 'printf' [-Wimplicit-function-declaration]
  207 |                 printf("%dm %.2fs. fetEDA_LPF = %.4fv, fetEDA_Vin = %.4fv\r\n", min, sec+ms, fetEDA_LPF, fetEDA_Vin);
      |                 ^~~~~~
../Core/Src/main.c:27:1: note: include '<stdio.h>' or provide a declaration of 'printf'
   26 | #include "gpio.h"
  +++ |+#include <stdio.h>
   27 | 
../Core/Src/main.c:207:17: warning: incompatible implicit declaration of built-in function 'printf' [-Wbuiltin-declaration-mismatch]
  207 |                 printf("%dm %.2fs. fetEDA_LPF = %.4fv, fetEDA_Vin = %.4fv\r\n", min, sec+ms, fetEDA_LPF, fetEDA_Vin);
      |                 ^~~~~~
../Core/Src/main.c:207:17: note: include '<stdio.h>' or provide a declaration of 'printf'
../Core/Src/main.c: At top level:
../Core/Src/main.c:226:6: warning: conflicting types for 'MOSFET_EDA_Measure_Ids'; have 'void(void)'
  226 | void MOSFET_EDA_Measure_Ids(void)
      |      ^~~~~~~~~~~~~~~~~~~~~~
../Core/Src/main.c:133:3: note: previous implicit declaration of 'MOSFET_EDA_Measure_Ids' with type 'void(void)'
  133 |   MOSFET_EDA_Measure_Ids();
      |   ^~~~~~~~~~~~~~~~~~~~~~
../Core/Src/main.c: In function 'MOSFET_EDA_Measure_Ids':
../Core/Src/main.c:258:53: warning: suggest parentheses around comparison in operand of '&' [-Wparentheses]
  258 |                 if (fetEDA_Vout[Rfeed_i][DAC_value] <= 2.85 & Rfeed_i == 0)
      |                     ~~~~~~~~~~~~~~~~~~~~~~~~~~~~~~~~^~~~~~~
../Core/Src/main.c:262:58: warning: suggest parentheses around comparison in operand of '&' [-Wparentheses]
  262 |                 else if (fetEDA_Vout[Rfeed_i][DAC_value] <= 2.85 & Rfeed_i == 1)
      |                          ~~~~~~~~~~~~~~~~~~~~~~~~~~~~~~~~^~~~~~~
../Core/Src/main.c:277:17: warning: incompatible implicit declaration of built-in function 'printf' [-Wbuiltin-declaration-mismatch]
  277 |                 printf("DAC = %d\tRfeed = %.0fohm\tVout = %f\tIds_LUT = %f\r\n", DAC_value, fetEDA_Rfeed[Rfeed_i], fetEDA_Vout[Rfeed_i][DAC_value], fetEDA_Ids_LUT[Rfeed_i][DAC_value]);
      |                 ^~~~~~
../Core/Src/main.c:277:17: note: include '<stdio.h>' or provide a declaration of 'printf'
../Core/Src/main.c:296:15: warning: unused variable 'min_DAC_value_float' [-Wunused-variable]
  296 |         float min_DAC_value_float = (fetEDA_Vth / 3) * 4096;
      |               ^~~~~~~~~~~~~~~~~~~
Finished building target: MOSFET_EDA_sensor_v2.0.elf
 
arm-none-eabi-size   MOSFET_EDA_sensor_v2.0.elf 
arm-none-eabi-objdump -h -S  MOSFET_EDA_sensor_v2.0.elf  > "MOSFET_EDA_sensor_v2.0.list"
   text	   data	    bss	    dec	    hex	filename
  40444	    488	  84200	 125132	  1e8cc	MOSFET_EDA_sensor_v2.0.elf
Finished building: default.size.stdout
 
Finished building: MOSFET_EDA_sensor_v2.0.list
 
16:09:15 **** Incremental Build of configuration Debug for project MOSFET_EDA_sensor_v2.0 ****
make -j11 all 
arm-none-eabi-gcc "../Core/Src/main.c" -mcpu=cortex-m4 -std=gnu11 -g3 -DDEBUG -DUSE_HAL_DRIVER -DSTM32F407xx -c -I../Core/Inc -I../Drivers/STM32F4xx_HAL_Driver/Inc -I../Drivers/STM32F4xx_HAL_Driver/Inc/Legacy -I../Drivers/CMSIS/Device/ST/STM32F4xx/Include -I../Drivers/CMSIS/Include -O0 -ffunction-sections -fdata-sections -Wall -fstack-usage -fcyclomatic-complexity -MMD -MP -MF"Core/Src/main.d" -MT"Core/Src/main.o" --specs=nano.specs -mfpu=fpv4-sp-d16 -mfloat-abi=hard -mthumb -o "Core/Src/main.o"
../Core/Src/main.c:72:30: warning: missing braces around initializer [-Wmissing-braces]
   72 | float fetEDA_Vout[2][4096] = {0.0, };
      |                              ^
      |                               {    }
../Core/Src/main.c: In function 'main':
../Core/Src/main.c:129:29: warning: passing argument 2 of 'HAL_ADC_Start_DMA' from incompatible pointer type [-Wincompatible-pointer-types]
  129 |   HAL_ADC_Start_DMA(&hadc1, &ADC_value[0], 2);
      |                             ^~~~~~~~~~~~~
      |                             |
      |                             uint16_t * {aka short unsigned int *}
In file included from ../Core/Inc/stm32f4xx_hal_conf.h:295,
                 from ../Drivers/STM32F4xx_HAL_Driver/Inc/stm32f4xx_hal.h:29,
                 from ../Core/Inc/main.h:30,
                 from ../Core/Src/main.c:20:
../Drivers/STM32F4xx_HAL_Driver/Inc/stm32f4xx_hal_adc.h:594:72: note: expected 'uint32_t *' {aka 'long unsigned int *'} but argument is of type 'uint16_t *' {aka 'short unsigned int *'}
  594 | HAL_StatusTypeDef HAL_ADC_Start_DMA(ADC_HandleTypeDef* hadc, uint32_t* pData, uint32_t Length);
      |                                                              ~~~~~~~~~~^~~~~
../Core/Src/main.c:134:3: warning: implicit declaration of function 'MOSFET_EDA_Measure_Ids' [-Wimplicit-function-declaration]
  134 |   MOSFET_EDA_Measure_Ids();
      |   ^~~~~~~~~~~~~~~~~~~~~~
../Core/Src/main.c: In function 'HAL_TIM_PeriodElapsedCallback':
../Core/Src/main.c:207:17: warning: implicit declaration of function 'printf' [-Wimplicit-function-declaration]
  207 |                 printf("%dm %.2fs. fetEDA_LPF = %.4fv, fetEDA_Vin = %.4fv\r\n", min, sec+ms, fetEDA_LPF, fetEDA_Vin);
      |                 ^~~~~~
../Core/Src/main.c:27:1: note: include '<stdio.h>' or provide a declaration of 'printf'
   26 | #include "gpio.h"
  +++ |+#include <stdio.h>
   27 | 
../Core/Src/main.c:207:17: warning: incompatible implicit declaration of built-in function 'printf' [-Wbuiltin-declaration-mismatch]
  207 |                 printf("%dm %.2fs. fetEDA_LPF = %.4fv, fetEDA_Vin = %.4fv\r\n", min, sec+ms, fetEDA_LPF, fetEDA_Vin);
      |                 ^~~~~~
../Core/Src/main.c:207:17: note: include '<stdio.h>' or provide a declaration of 'printf'
../Core/Src/main.c: At top level:
../Core/Src/main.c:226:6: warning: conflicting types for 'MOSFET_EDA_Measure_Ids'; have 'void(void)'
  226 | void MOSFET_EDA_Measure_Ids(void)
      |      ^~~~~~~~~~~~~~~~~~~~~~
../Core/Src/main.c:134:3: note: previous implicit declaration of 'MOSFET_EDA_Measure_Ids' with type 'void(void)'
  134 |   MOSFET_EDA_Measure_Ids();
      |   ^~~~~~~~~~~~~~~~~~~~~~
../Core/Src/main.c: In function 'MOSFET_EDA_Measure_Ids':
../Core/Src/main.c:258:53: warning: suggest parentheses around comparison in operand of '&' [-Wparentheses]
  258 |                 if (fetEDA_Vout[Rfeed_i][DAC_value] <= 2.85 & Rfeed_i == 0)
      |                     ~~~~~~~~~~~~~~~~~~~~~~~~~~~~~~~~^~~~~~~
../Core/Src/main.c:262:58: warning: suggest parentheses around comparison in operand of '&' [-Wparentheses]
  262 |                 else if (fetEDA_Vout[Rfeed_i][DAC_value] <= 2.85 & Rfeed_i == 1)
      |                          ~~~~~~~~~~~~~~~~~~~~~~~~~~~~~~~~^~~~~~~
../Core/Src/main.c:277:17: warning: incompatible implicit declaration of built-in function 'printf' [-Wbuiltin-declaration-mismatch]
  277 |                 printf("DAC = %d\tRfeed = %.0fohm\tVout = %f\tIds_LUT = %f\r\n", DAC_value, fetEDA_Rfeed[Rfeed_i], fetEDA_Vout[Rfeed_i][DAC_value], fetEDA_Ids_LUT[Rfeed_i][DAC_value]);
      |                 ^~~~~~
../Core/Src/main.c:277:17: note: include '<stdio.h>' or provide a declaration of 'printf'
../Core/Src/main.c:296:15: warning: unused variable 'min_DAC_value_float' [-Wunused-variable]
  296 |         float min_DAC_value_float = (fetEDA_Vth / 3) * 4096;
      |               ^~~~~~~~~~~~~~~~~~~
arm-none-eabi-gcc -o "MOSFET_EDA_sensor_v2.0.elf" @"objects.list"   -mcpu=cortex-m4 -T"/Users/namseungyoon/Desktop/PROJECT/01. ERK_project/02. Black_board/MOSFET_EDA_sensor/MOSFET_EDA_sensor_v2.0/STM32F407VGTX_FLASH.ld" --specs=nosys.specs -Wl,-Map="MOSFET_EDA_sensor_v2.0.map" -Wl,--gc-sections -static --specs=nano.specs -mfpu=fpv4-sp-d16 -mfloat-abi=hard -mthumb -u _printf_float -u _scanf_float -Wl,--start-group -lc -lm -Wl,--end-group
Finished building target: MOSFET_EDA_sensor_v2.0.elf
 
arm-none-eabi-size   MOSFET_EDA_sensor_v2.0.elf 
arm-none-eabi-objdump -h -S  MOSFET_EDA_sensor_v2.0.elf  > "MOSFET_EDA_sensor_v2.0.list"
   text	   data	    bss	    dec	    hex	filename
  40444	    488	  84200	 125132	  1e8cc	MOSFET_EDA_sensor_v2.0.elf
Finished building: default.size.stdout
 
Finished building: MOSFET_EDA_sensor_v2.0.list
 
16:12:44 **** Incremental Build of configuration Debug for project MOSFET_EDA_sensor_v1.3 ****
make -j11 all 
arm-none-eabi-size   MOSFET_EDA_sensor_v1.3.elf 
   text	   data	    bss	    dec	    hex	filename
  55308	    512	 101080	 156900	  264e4	MOSFET_EDA_sensor_v1.3.elf
Finished building: default.size.stdout
 
16:12:45 **** Incremental Build of configuration Debug for project MOSFET_EDA_sensor_v2.0 ****
make -j11 all 
arm-none-eabi-gcc "../Core/Src/main.c" -mcpu=cortex-m4 -std=gnu11 -g3 -DDEBUG -DUSE_HAL_DRIVER -DSTM32F407xx -c -I../Core/Inc -I../Drivers/STM32F4xx_HAL_Driver/Inc -I../Drivers/STM32F4xx_HAL_Driver/Inc/Legacy -I../Drivers/CMSIS/Device/ST/STM32F4xx/Include -I../Drivers/CMSIS/Include -O0 -ffunction-sections -fdata-sections -Wall -fstack-usage -fcyclomatic-complexity -MMD -MP -MF"Core/Src/main.d" -MT"Core/Src/main.o" --specs=nano.specs -mfpu=fpv4-sp-d16 -mfloat-abi=hard -mthumb -o "Core/Src/main.o"
../Core/Src/main.c:72:30: warning: missing braces around initializer [-Wmissing-braces]
   72 | float fetEDA_Vout[2][4096] = {0.0, };
      |                              ^
      |                               {    }
../Core/Src/main.c: In function 'main':
../Core/Src/main.c:129:29: warning: passing argument 2 of 'HAL_ADC_Start_DMA' from incompatible pointer type [-Wincompatible-pointer-types]
  129 |   HAL_ADC_Start_DMA(&hadc1, &ADC_value[0], 2);
      |                             ^~~~~~~~~~~~~
      |                             |
      |                             uint16_t * {aka short unsigned int *}
In file included from ../Core/Inc/stm32f4xx_hal_conf.h:295,
                 from ../Drivers/STM32F4xx_HAL_Driver/Inc/stm32f4xx_hal.h:29,
                 from ../Core/Inc/main.h:30,
                 from ../Core/Src/main.c:20:
../Drivers/STM32F4xx_HAL_Driver/Inc/stm32f4xx_hal_adc.h:594:72: note: expected 'uint32_t *' {aka 'long unsigned int *'} but argument is of type 'uint16_t *' {aka 'short unsigned int *'}
  594 | HAL_StatusTypeDef HAL_ADC_Start_DMA(ADC_HandleTypeDef* hadc, uint32_t* pData, uint32_t Length);
      |                                                              ~~~~~~~~~~^~~~~
../Core/Src/main.c:134:3: warning: implicit declaration of function 'MOSFET_EDA_Measure_Ids' [-Wimplicit-function-declaration]
  134 |   MOSFET_EDA_Measure_Ids();
      |   ^~~~~~~~~~~~~~~~~~~~~~
../Core/Src/main.c: In function 'HAL_TIM_PeriodElapsedCallback':
../Core/Src/main.c:207:17: warning: implicit declaration of function 'printf' [-Wimplicit-function-declaration]
  207 |                 printf("%dm %.2fs. fetEDA_LPF = %.4fv, fetEDA_Vin = %.4fv\r\n", min, sec+ms, fetEDA_LPF, fetEDA_Vin);
      |                 ^~~~~~
../Core/Src/main.c:27:1: note: include '<stdio.h>' or provide a declaration of 'printf'
   26 | #include "gpio.h"
  +++ |+#include <stdio.h>
   27 | 
../Core/Src/main.c:207:17: warning: incompatible implicit declaration of built-in function 'printf' [-Wbuiltin-declaration-mismatch]
  207 |                 printf("%dm %.2fs. fetEDA_LPF = %.4fv, fetEDA_Vin = %.4fv\r\n", min, sec+ms, fetEDA_LPF, fetEDA_Vin);
      |                 ^~~~~~
../Core/Src/main.c:207:17: note: include '<stdio.h>' or provide a declaration of 'printf'
../Core/Src/main.c: At top level:
../Core/Src/main.c:226:6: warning: conflicting types for 'MOSFET_EDA_Measure_Ids'; have 'void(void)'
  226 | void MOSFET_EDA_Measure_Ids(void)
      |      ^~~~~~~~~~~~~~~~~~~~~~
../Core/Src/main.c:134:3: note: previous implicit declaration of 'MOSFET_EDA_Measure_Ids' with type 'void(void)'
  134 |   MOSFET_EDA_Measure_Ids();
      |   ^~~~~~~~~~~~~~~~~~~~~~
../Core/Src/main.c: In function 'MOSFET_EDA_Measure_Ids':
../Core/Src/main.c:258:53: warning: suggest parentheses around comparison in operand of '&' [-Wparentheses]
  258 |                 if (fetEDA_Vout[Rfeed_i][DAC_value] <= 2.85 & Rfeed_i == 0)
      |                     ~~~~~~~~~~~~~~~~~~~~~~~~~~~~~~~~^~~~~~~
../Core/Src/main.c:262:58: warning: suggest parentheses around comparison in operand of '&' [-Wparentheses]
  262 |                 else if (fetEDA_Vout[Rfeed_i][DAC_value] <= 2.85 & Rfeed_i == 1)
      |                          ~~~~~~~~~~~~~~~~~~~~~~~~~~~~~~~~^~~~~~~
../Core/Src/main.c:278:17: warning: incompatible implicit declaration of built-in function 'printf' [-Wbuiltin-declaration-mismatch]
  278 |                 printf("DAC_value = %d\r\n", DAC_value);
      |                 ^~~~~~
../Core/Src/main.c:278:17: note: include '<stdio.h>' or provide a declaration of 'printf'
../Core/Src/main.c:296:15: warning: unused variable 'min_DAC_value_float' [-Wunused-variable]
  296 |         float min_DAC_value_float = (fetEDA_Vth / 3) * 4096;
      |               ^~~~~~~~~~~~~~~~~~~
arm-none-eabi-gcc -o "MOSFET_EDA_sensor_v2.0.elf" @"objects.list"   -mcpu=cortex-m4 -T"/Users/namseungyoon/Desktop/PROJECT/01. ERK_project/02. Black_board/MOSFET_EDA_sensor/MOSFET_EDA_sensor_v2.0/STM32F407VGTX_FLASH.ld" --specs=nosys.specs -Wl,-Map="MOSFET_EDA_sensor_v2.0.map" -Wl,--gc-sections -static --specs=nano.specs -mfpu=fpv4-sp-d16 -mfloat-abi=hard -mthumb -u _printf_float -u _scanf_float -Wl,--start-group -lc -lm -Wl,--end-group
Finished building target: MOSFET_EDA_sensor_v2.0.elf
 
arm-none-eabi-size   MOSFET_EDA_sensor_v2.0.elf 
arm-none-eabi-objdump -h -S  MOSFET_EDA_sensor_v2.0.elf  > "MOSFET_EDA_sensor_v2.0.list"
   text	   data	    bss	    dec	    hex	filename
  40308	    488	  84200	 124996	  1e844	MOSFET_EDA_sensor_v2.0.elf
Finished building: default.size.stdout
 
Finished building: MOSFET_EDA_sensor_v2.0.list
 
16:12:49 **** Incremental Build of configuration Debug for project MOSFET_EDA_sensor_v2.0 ****
make -j11 all 
arm-none-eabi-size   MOSFET_EDA_sensor_v2.0.elf 
   text	   data	    bss	    dec	    hex	filename
  40308	    488	  84200	 124996	  1e844	MOSFET_EDA_sensor_v2.0.elf
Finished building: default.size.stdout
 
16:14:15 **** Incremental Build of configuration Debug for project MOSFET_EDA_sensor_v1.3 ****
make -j11 all 
arm-none-eabi-size   MOSFET_EDA_sensor_v1.3.elf 
   text	   data	    bss	    dec	    hex	filename
  55308	    512	 101080	 156900	  264e4	MOSFET_EDA_sensor_v1.3.elf
Finished building: default.size.stdout
 
16:14:16 **** Incremental Build of configuration Debug for project MOSFET_EDA_sensor_v2.0 ****
make -j11 all 
arm-none-eabi-gcc "../Core/Src/main.c" -mcpu=cortex-m4 -std=gnu11 -g3 -DDEBUG -DUSE_HAL_DRIVER -DSTM32F407xx -c -I../Core/Inc -I../Drivers/STM32F4xx_HAL_Driver/Inc -I../Drivers/STM32F4xx_HAL_Driver/Inc/Legacy -I../Drivers/CMSIS/Device/ST/STM32F4xx/Include -I../Drivers/CMSIS/Include -O0 -ffunction-sections -fdata-sections -Wall -fstack-usage -fcyclomatic-complexity -MMD -MP -MF"Core/Src/main.d" -MT"Core/Src/main.o" --specs=nano.specs -mfpu=fpv4-sp-d16 -mfloat-abi=hard -mthumb -o "Core/Src/main.o"
../Core/Src/main.c:72:30: warning: missing braces around initializer [-Wmissing-braces]
   72 | float fetEDA_Vout[2][4096] = {0.0, };
      |                              ^
      |                               {    }
../Core/Src/main.c: In function 'main':
../Core/Src/main.c:129:29: warning: passing argument 2 of 'HAL_ADC_Start_DMA' from incompatible pointer type [-Wincompatible-pointer-types]
  129 |   HAL_ADC_Start_DMA(&hadc1, &ADC_value[0], 2);
      |                             ^~~~~~~~~~~~~
      |                             |
      |                             uint16_t * {aka short unsigned int *}
In file included from ../Core/Inc/stm32f4xx_hal_conf.h:295,
                 from ../Drivers/STM32F4xx_HAL_Driver/Inc/stm32f4xx_hal.h:29,
                 from ../Core/Inc/main.h:30,
                 from ../Core/Src/main.c:20:
../Drivers/STM32F4xx_HAL_Driver/Inc/stm32f4xx_hal_adc.h:594:72: note: expected 'uint32_t *' {aka 'long unsigned int *'} but argument is of type 'uint16_t *' {aka 'short unsigned int *'}
  594 | HAL_StatusTypeDef HAL_ADC_Start_DMA(ADC_HandleTypeDef* hadc, uint32_t* pData, uint32_t Length);
      |                                                              ~~~~~~~~~~^~~~~
../Core/Src/main.c:134:3: warning: implicit declaration of function 'MOSFET_EDA_Measure_Ids' [-Wimplicit-function-declaration]
  134 |   MOSFET_EDA_Measure_Ids();
      |   ^~~~~~~~~~~~~~~~~~~~~~
../Core/Src/main.c: In function 'HAL_TIM_PeriodElapsedCallback':
../Core/Src/main.c:207:17: warning: implicit declaration of function 'printf' [-Wimplicit-function-declaration]
  207 |                 printf("%dm %.2fs. fetEDA_LPF = %.4fv, fetEDA_Vin = %.4fv\r\n", min, sec+ms, fetEDA_LPF, fetEDA_Vin);
      |                 ^~~~~~
../Core/Src/main.c:27:1: note: include '<stdio.h>' or provide a declaration of 'printf'
   26 | #include "gpio.h"
  +++ |+#include <stdio.h>
   27 | 
../Core/Src/main.c:207:17: warning: incompatible implicit declaration of built-in function 'printf' [-Wbuiltin-declaration-mismatch]
  207 |                 printf("%dm %.2fs. fetEDA_LPF = %.4fv, fetEDA_Vin = %.4fv\r\n", min, sec+ms, fetEDA_LPF, fetEDA_Vin);
      |                 ^~~~~~
../Core/Src/main.c:207:17: note: include '<stdio.h>' or provide a declaration of 'printf'
../Core/Src/main.c: At top level:
../Core/Src/main.c:226:6: warning: conflicting types for 'MOSFET_EDA_Measure_Ids'; have 'void(void)'
  226 | void MOSFET_EDA_Measure_Ids(void)
      |      ^~~~~~~~~~~~~~~~~~~~~~
../Core/Src/main.c:134:3: note: previous implicit declaration of 'MOSFET_EDA_Measure_Ids' with type 'void(void)'
  134 |   MOSFET_EDA_Measure_Ids();
      |   ^~~~~~~~~~~~~~~~~~~~~~
arm-none-eabi-gcc -o "MOSFET_EDA_sensor_v2.0.elf" @"objects.list"   -mcpu=cortex-m4 -T"/Users/namseungyoon/Desktop/PROJECT/01. ERK_project/02. Black_board/MOSFET_EDA_sensor/MOSFET_EDA_sensor_v2.0/STM32F407VGTX_FLASH.ld" --specs=nosys.specs -Wl,-Map="MOSFET_EDA_sensor_v2.0.map" -Wl,--gc-sections -static --specs=nano.specs -mfpu=fpv4-sp-d16 -mfloat-abi=hard -mthumb -u _printf_float -u _scanf_float -Wl,--start-group -lc -lm -Wl,--end-group
Finished building target: MOSFET_EDA_sensor_v2.0.elf
 
arm-none-eabi-size   MOSFET_EDA_sensor_v2.0.elf 
arm-none-eabi-objdump -h -S  MOSFET_EDA_sensor_v2.0.elf  > "MOSFET_EDA_sensor_v2.0.list"
   text	   data	    bss	    dec	    hex	filename
  39268	    476	   2260	  42004	   a414	MOSFET_EDA_sensor_v2.0.elf
Finished building: default.size.stdout
 
Finished building: MOSFET_EDA_sensor_v2.0.list
 
16:15:01 **** Incremental Build of configuration Debug for project MOSFET_EDA_sensor_v1.3 ****
make -j11 all 
arm-none-eabi-size   MOSFET_EDA_sensor_v1.3.elf 
   text	   data	    bss	    dec	    hex	filename
  55308	    512	 101080	 156900	  264e4	MOSFET_EDA_sensor_v1.3.elf
Finished building: default.size.stdout
 
16:15:02 **** Incremental Build of configuration Debug for project MOSFET_EDA_sensor_v2.0 ****
make -j11 all 
arm-none-eabi-gcc "../Core/Src/main.c" -mcpu=cortex-m4 -std=gnu11 -g3 -DDEBUG -DUSE_HAL_DRIVER -DSTM32F407xx -c -I../Core/Inc -I../Drivers/STM32F4xx_HAL_Driver/Inc -I../Drivers/STM32F4xx_HAL_Driver/Inc/Legacy -I../Drivers/CMSIS/Device/ST/STM32F4xx/Include -I../Drivers/CMSIS/Include -O0 -ffunction-sections -fdata-sections -Wall -fstack-usage -fcyclomatic-complexity -MMD -MP -MF"Core/Src/main.d" -MT"Core/Src/main.o" --specs=nano.specs -mfpu=fpv4-sp-d16 -mfloat-abi=hard -mthumb -o "Core/Src/main.o"
../Core/Src/main.c:72:30: warning: missing braces around initializer [-Wmissing-braces]
   72 | float fetEDA_Vout[2][4096] = {0.0, };
      |                              ^
      |                               {    }
../Core/Src/main.c: In function 'main':
../Core/Src/main.c:129:29: warning: passing argument 2 of 'HAL_ADC_Start_DMA' from incompatible pointer type [-Wincompatible-pointer-types]
  129 |   HAL_ADC_Start_DMA(&hadc1, &ADC_value[0], 2);
      |                             ^~~~~~~~~~~~~
      |                             |
      |                             uint16_t * {aka short unsigned int *}
In file included from ../Core/Inc/stm32f4xx_hal_conf.h:295,
                 from ../Drivers/STM32F4xx_HAL_Driver/Inc/stm32f4xx_hal.h:29,
                 from ../Core/Inc/main.h:30,
                 from ../Core/Src/main.c:20:
../Drivers/STM32F4xx_HAL_Driver/Inc/stm32f4xx_hal_adc.h:594:72: note: expected 'uint32_t *' {aka 'long unsigned int *'} but argument is of type 'uint16_t *' {aka 'short unsigned int *'}
  594 | HAL_StatusTypeDef HAL_ADC_Start_DMA(ADC_HandleTypeDef* hadc, uint32_t* pData, uint32_t Length);
      |                                                              ~~~~~~~~~~^~~~~
../Core/Src/main.c:134:3: warning: implicit declaration of function 'MOSFET_EDA_Measure_Ids' [-Wimplicit-function-declaration]
  134 |   MOSFET_EDA_Measure_Ids();
      |   ^~~~~~~~~~~~~~~~~~~~~~
../Core/Src/main.c: In function 'HAL_TIM_PeriodElapsedCallback':
../Core/Src/main.c:207:17: warning: implicit declaration of function 'printf' [-Wimplicit-function-declaration]
  207 |                 printf("%dm %.2fs. fetEDA_LPF = %.4fv, fetEDA_Vin = %.4fv\r\n", min, sec+ms, fetEDA_LPF, fetEDA_Vin);
      |                 ^~~~~~
../Core/Src/main.c:27:1: note: include '<stdio.h>' or provide a declaration of 'printf'
   26 | #include "gpio.h"
  +++ |+#include <stdio.h>
   27 | 
../Core/Src/main.c:207:17: warning: incompatible implicit declaration of built-in function 'printf' [-Wbuiltin-declaration-mismatch]
  207 |                 printf("%dm %.2fs. fetEDA_LPF = %.4fv, fetEDA_Vin = %.4fv\r\n", min, sec+ms, fetEDA_LPF, fetEDA_Vin);
      |                 ^~~~~~
../Core/Src/main.c:207:17: note: include '<stdio.h>' or provide a declaration of 'printf'
../Core/Src/main.c: At top level:
../Core/Src/main.c:226:6: warning: conflicting types for 'MOSFET_EDA_Measure_Ids'; have 'void(void)'
  226 | void MOSFET_EDA_Measure_Ids(void)
      |      ^~~~~~~~~~~~~~~~~~~~~~
../Core/Src/main.c:134:3: note: previous implicit declaration of 'MOSFET_EDA_Measure_Ids' with type 'void(void)'
  134 |   MOSFET_EDA_Measure_Ids();
      |   ^~~~~~~~~~~~~~~~~~~~~~
../Core/Src/main.c: In function 'MOSFET_EDA_Measure_Ids':
../Core/Src/main.c:230:17: warning: incompatible implicit declaration of built-in function 'printf' [-Wbuiltin-declaration-mismatch]
  230 |                 printf("%d\r\n", i);
      |                 ^~~~~~
../Core/Src/main.c:230:17: note: include '<stdio.h>' or provide a declaration of 'printf'
arm-none-eabi-gcc -o "MOSFET_EDA_sensor_v2.0.elf" @"objects.list"   -mcpu=cortex-m4 -T"/Users/namseungyoon/Desktop/PROJECT/01. ERK_project/02. Black_board/MOSFET_EDA_sensor/MOSFET_EDA_sensor_v2.0/STM32F407VGTX_FLASH.ld" --specs=nosys.specs -Wl,-Map="MOSFET_EDA_sensor_v2.0.map" -Wl,--gc-sections -static --specs=nano.specs -mfpu=fpv4-sp-d16 -mfloat-abi=hard -mthumb -u _printf_float -u _scanf_float -Wl,--start-group -lc -lm -Wl,--end-group
Finished building target: MOSFET_EDA_sensor_v2.0.elf
 
arm-none-eabi-size   MOSFET_EDA_sensor_v2.0.elf 
arm-none-eabi-objdump -h -S  MOSFET_EDA_sensor_v2.0.elf  > "MOSFET_EDA_sensor_v2.0.list"
   text	   data	    bss	    dec	    hex	filename
  39316	    476	   2260	  42052	   a444	MOSFET_EDA_sensor_v2.0.elf
Finished building: default.size.stdout
 
Finished building: MOSFET_EDA_sensor_v2.0.list
 
16:15:06 **** Incremental Build of configuration Debug for project MOSFET_EDA_sensor_v2.0 ****
make -j11 all 
arm-none-eabi-size   MOSFET_EDA_sensor_v2.0.elf 
   text	   data	    bss	    dec	    hex	filename
  39316	    476	   2260	  42052	   a444	MOSFET_EDA_sensor_v2.0.elf
Finished building: default.size.stdout
 
16:17:58 **** Incremental Build of configuration Debug for project MOSFET_EDA_sensor_v1.3 ****
make -j11 all 
arm-none-eabi-size   MOSFET_EDA_sensor_v1.3.elf 
   text	   data	    bss	    dec	    hex	filename
  55308	    512	 101080	 156900	  264e4	MOSFET_EDA_sensor_v1.3.elf
Finished building: default.size.stdout
 
16:17:58 **** Incremental Build of configuration Debug for project MOSFET_EDA_sensor_v2.0 ****
make -j11 all 
arm-none-eabi-gcc "../Core/Src/main.c" -mcpu=cortex-m4 -std=gnu11 -g3 -DDEBUG -DUSE_HAL_DRIVER -DSTM32F407xx -c -I../Core/Inc -I../Drivers/STM32F4xx_HAL_Driver/Inc -I../Drivers/STM32F4xx_HAL_Driver/Inc/Legacy -I../Drivers/CMSIS/Device/ST/STM32F4xx/Include -I../Drivers/CMSIS/Include -O0 -ffunction-sections -fdata-sections -Wall -fstack-usage -fcyclomatic-complexity -MMD -MP -MF"Core/Src/main.d" -MT"Core/Src/main.o" --specs=nano.specs -mfpu=fpv4-sp-d16 -mfloat-abi=hard -mthumb -o "Core/Src/main.o"
../Core/Src/main.c:72:30: warning: missing braces around initializer [-Wmissing-braces]
   72 | float fetEDA_Vout[2][4096] = {0.0, };
      |                              ^
      |                               {    }
../Core/Src/main.c: In function 'main':
../Core/Src/main.c:129:29: warning: passing argument 2 of 'HAL_ADC_Start_DMA' from incompatible pointer type [-Wincompatible-pointer-types]
  129 |   HAL_ADC_Start_DMA(&hadc1, &ADC_value[0], 2);
      |                             ^~~~~~~~~~~~~
      |                             |
      |                             uint16_t * {aka short unsigned int *}
In file included from ../Core/Inc/stm32f4xx_hal_conf.h:295,
                 from ../Drivers/STM32F4xx_HAL_Driver/Inc/stm32f4xx_hal.h:29,
                 from ../Core/Inc/main.h:30,
                 from ../Core/Src/main.c:20:
../Drivers/STM32F4xx_HAL_Driver/Inc/stm32f4xx_hal_adc.h:594:72: note: expected 'uint32_t *' {aka 'long unsigned int *'} but argument is of type 'uint16_t *' {aka 'short unsigned int *'}
  594 | HAL_StatusTypeDef HAL_ADC_Start_DMA(ADC_HandleTypeDef* hadc, uint32_t* pData, uint32_t Length);
      |                                                              ~~~~~~~~~~^~~~~
../Core/Src/main.c:134:3: warning: implicit declaration of function 'MOSFET_EDA_Measure_Ids' [-Wimplicit-function-declaration]
  134 |   MOSFET_EDA_Measure_Ids();
      |   ^~~~~~~~~~~~~~~~~~~~~~
../Core/Src/main.c:149:19: warning: implicit declaration of function 'printf' [-Wimplicit-function-declaration]
  149 |                   printf("%d\r\n", j);
      |                   ^~~~~~
../Core/Src/main.c:27:1: note: include '<stdio.h>' or provide a declaration of 'printf'
   26 | #include "gpio.h"
  +++ |+#include <stdio.h>
   27 | 
../Core/Src/main.c:149:19: warning: incompatible implicit declaration of built-in function 'printf' [-Wbuiltin-declaration-mismatch]
  149 |                   printf("%d\r\n", j);
      |                   ^~~~~~
../Core/Src/main.c:149:19: note: include '<stdio.h>' or provide a declaration of 'printf'
../Core/Src/main.c:151:11: warning: incompatible implicit declaration of built-in function 'printf' [-Wbuiltin-declaration-mismatch]
  151 |           printf("=========\r\n");
      |           ^~~~~~
../Core/Src/main.c:151:11: note: include '<stdio.h>' or provide a declaration of 'printf'
../Core/Src/main.c: In function 'HAL_TIM_PeriodElapsedCallback':
../Core/Src/main.c:211:17: warning: incompatible implicit declaration of built-in function 'printf' [-Wbuiltin-declaration-mismatch]
  211 |                 printf("%dm %.2fs. fetEDA_LPF = %.4fv, fetEDA_Vin = %.4fv\r\n", min, sec+ms, fetEDA_LPF, fetEDA_Vin);
      |                 ^~~~~~
../Core/Src/main.c:211:17: note: include '<stdio.h>' or provide a declaration of 'printf'
../Core/Src/main.c: At top level:
../Core/Src/main.c:230:6: warning: conflicting types for 'MOSFET_EDA_Measure_Ids'; have 'void(void)'
  230 | void MOSFET_EDA_Measure_Ids(void)
      |      ^~~~~~~~~~~~~~~~~~~~~~
../Core/Src/main.c:134:3: note: previous implicit declaration of 'MOSFET_EDA_Measure_Ids' with type 'void(void)'
  134 |   MOSFET_EDA_Measure_Ids();
      |   ^~~~~~~~~~~~~~~~~~~~~~
../Core/Src/main.c: In function 'MOSFET_EDA_Measure_Ids':
../Core/Src/main.c:234:17: warning: incompatible implicit declaration of built-in function 'printf' [-Wbuiltin-declaration-mismatch]
  234 |                 printf("%d\r\n", i);
      |                 ^~~~~~
../Core/Src/main.c:234:17: note: include '<stdio.h>' or provide a declaration of 'printf'
arm-none-eabi-gcc -o "MOSFET_EDA_sensor_v2.0.elf" @"objects.list"   -mcpu=cortex-m4 -T"/Users/namseungyoon/Desktop/PROJECT/01. ERK_project/02. Black_board/MOSFET_EDA_sensor/MOSFET_EDA_sensor_v2.0/STM32F407VGTX_FLASH.ld" --specs=nosys.specs -Wl,-Map="MOSFET_EDA_sensor_v2.0.map" -Wl,--gc-sections -static --specs=nano.specs -mfpu=fpv4-sp-d16 -mfloat-abi=hard -mthumb -u _printf_float -u _scanf_float -Wl,--start-group -lc -lm -Wl,--end-group
Finished building target: MOSFET_EDA_sensor_v2.0.elf
 
arm-none-eabi-size   MOSFET_EDA_sensor_v2.0.elf 
arm-none-eabi-objdump -h -S  MOSFET_EDA_sensor_v2.0.elf  > "MOSFET_EDA_sensor_v2.0.list"
   text	   data	    bss	    dec	    hex	filename
  39556	    476	   2260	  42292	   a534	MOSFET_EDA_sensor_v2.0.elf
Finished building: default.size.stdout
 
Finished building: MOSFET_EDA_sensor_v2.0.list
 
16:18:03 **** Incremental Build of configuration Debug for project MOSFET_EDA_sensor_v2.0 ****
make -j11 all 
arm-none-eabi-gcc "../Core/Src/main.c" -mcpu=cortex-m4 -std=gnu11 -g3 -DDEBUG -DUSE_HAL_DRIVER -DSTM32F407xx -c -I../Core/Inc -I../Drivers/STM32F4xx_HAL_Driver/Inc -I../Drivers/STM32F4xx_HAL_Driver/Inc/Legacy -I../Drivers/CMSIS/Device/ST/STM32F4xx/Include -I../Drivers/CMSIS/Include -O0 -ffunction-sections -fdata-sections -Wall -fstack-usage -fcyclomatic-complexity -MMD -MP -MF"Core/Src/main.d" -MT"Core/Src/main.o" --specs=nano.specs -mfpu=fpv4-sp-d16 -mfloat-abi=hard -mthumb -o "Core/Src/main.o"
../Core/Src/main.c:72:30: warning: missing braces around initializer [-Wmissing-braces]
   72 | float fetEDA_Vout[2][4096] = {0.0, };
      |                              ^
      |                               {    }
../Core/Src/main.c: In function 'main':
../Core/Src/main.c:129:29: warning: passing argument 2 of 'HAL_ADC_Start_DMA' from incompatible pointer type [-Wincompatible-pointer-types]
  129 |   HAL_ADC_Start_DMA(&hadc1, &ADC_value[0], 2);
      |                             ^~~~~~~~~~~~~
      |                             |
      |                             uint16_t * {aka short unsigned int *}
In file included from ../Core/Inc/stm32f4xx_hal_conf.h:295,
                 from ../Drivers/STM32F4xx_HAL_Driver/Inc/stm32f4xx_hal.h:29,
                 from ../Core/Inc/main.h:30,
                 from ../Core/Src/main.c:20:
../Drivers/STM32F4xx_HAL_Driver/Inc/stm32f4xx_hal_adc.h:594:72: note: expected 'uint32_t *' {aka 'long unsigned int *'} but argument is of type 'uint16_t *' {aka 'short unsigned int *'}
  594 | HAL_StatusTypeDef HAL_ADC_Start_DMA(ADC_HandleTypeDef* hadc, uint32_t* pData, uint32_t Length);
      |                                                              ~~~~~~~~~~^~~~~
../Core/Src/main.c:149:19: warning: implicit declaration of function 'printf' [-Wimplicit-function-declaration]
  149 |                   printf("%d\r\n", j);
      |                   ^~~~~~
../Core/Src/main.c:27:1: note: include '<stdio.h>' or provide a declaration of 'printf'
   26 | #include "gpio.h"
  +++ |+#include <stdio.h>
   27 | 
../Core/Src/main.c:149:19: warning: incompatible implicit declaration of built-in function 'printf' [-Wbuiltin-declaration-mismatch]
  149 |                   printf("%d\r\n", j);
      |                   ^~~~~~
../Core/Src/main.c:149:19: note: include '<stdio.h>' or provide a declaration of 'printf'
../Core/Src/main.c:151:11: warning: incompatible implicit declaration of built-in function 'printf' [-Wbuiltin-declaration-mismatch]
  151 |           printf("=========\r\n");
      |           ^~~~~~
../Core/Src/main.c:151:11: note: include '<stdio.h>' or provide a declaration of 'printf'
../Core/Src/main.c: In function 'HAL_TIM_PeriodElapsedCallback':
../Core/Src/main.c:211:17: warning: incompatible implicit declaration of built-in function 'printf' [-Wbuiltin-declaration-mismatch]
  211 |                 printf("%dm %.2fs. fetEDA_LPF = %.4fv, fetEDA_Vin = %.4fv\r\n", min, sec+ms, fetEDA_LPF, fetEDA_Vin);
      |                 ^~~~~~
../Core/Src/main.c:211:17: note: include '<stdio.h>' or provide a declaration of 'printf'
../Core/Src/main.c: In function 'MOSFET_EDA_Measure_Ids':
../Core/Src/main.c:234:17: warning: incompatible implicit declaration of built-in function 'printf' [-Wbuiltin-declaration-mismatch]
  234 |                 printf("%d\r\n", i);
      |                 ^~~~~~
../Core/Src/main.c:234:17: note: include '<stdio.h>' or provide a declaration of 'printf'
arm-none-eabi-gcc -o "MOSFET_EDA_sensor_v2.0.elf" @"objects.list"   -mcpu=cortex-m4 -T"/Users/namseungyoon/Desktop/PROJECT/01. ERK_project/02. Black_board/MOSFET_EDA_sensor/MOSFET_EDA_sensor_v2.0/STM32F407VGTX_FLASH.ld" --specs=nosys.specs -Wl,-Map="MOSFET_EDA_sensor_v2.0.map" -Wl,--gc-sections -static --specs=nano.specs -mfpu=fpv4-sp-d16 -mfloat-abi=hard -mthumb -u _printf_float -u _scanf_float -Wl,--start-group -lc -lm -Wl,--end-group
Finished building target: MOSFET_EDA_sensor_v2.0.elf
 
arm-none-eabi-size   MOSFET_EDA_sensor_v2.0.elf 
arm-none-eabi-objdump -h -S  MOSFET_EDA_sensor_v2.0.elf  > "MOSFET_EDA_sensor_v2.0.list"
   text	   data	    bss	    dec	    hex	filename
  39508	    476	   2260	  42244	   a504	MOSFET_EDA_sensor_v2.0.elf
Finished building: default.size.stdout
 
Finished building: MOSFET_EDA_sensor_v2.0.list
 
16:18:27 **** Incremental Build of configuration Debug for project MOSFET_EDA_sensor_v2.0 ****
make -j11 all 
arm-none-eabi-gcc "../Core/Src/main.c" -mcpu=cortex-m4 -std=gnu11 -g3 -DDEBUG -DUSE_HAL_DRIVER -DSTM32F407xx -c -I../Core/Inc -I../Drivers/STM32F4xx_HAL_Driver/Inc -I../Drivers/STM32F4xx_HAL_Driver/Inc/Legacy -I../Drivers/CMSIS/Device/ST/STM32F4xx/Include -I../Drivers/CMSIS/Include -O0 -ffunction-sections -fdata-sections -Wall -fstack-usage -fcyclomatic-complexity -MMD -MP -MF"Core/Src/main.d" -MT"Core/Src/main.o" --specs=nano.specs -mfpu=fpv4-sp-d16 -mfloat-abi=hard -mthumb -o "Core/Src/main.o"
../Core/Src/main.c:72:30: warning: missing braces around initializer [-Wmissing-braces]
   72 | float fetEDA_Vout[2][4096] = {0.0, };
      |                              ^
      |                               {    }
../Core/Src/main.c: In function 'main':
../Core/Src/main.c:129:29: warning: passing argument 2 of 'HAL_ADC_Start_DMA' from incompatible pointer type [-Wincompatible-pointer-types]
  129 |   HAL_ADC_Start_DMA(&hadc1, &ADC_value[0], 2);
      |                             ^~~~~~~~~~~~~
      |                             |
      |                             uint16_t * {aka short unsigned int *}
In file included from ../Core/Inc/stm32f4xx_hal_conf.h:295,
                 from ../Drivers/STM32F4xx_HAL_Driver/Inc/stm32f4xx_hal.h:29,
                 from ../Core/Inc/main.h:30,
                 from ../Core/Src/main.c:20:
../Drivers/STM32F4xx_HAL_Driver/Inc/stm32f4xx_hal_adc.h:594:72: note: expected 'uint32_t *' {aka 'long unsigned int *'} but argument is of type 'uint16_t *' {aka 'short unsigned int *'}
  594 | HAL_StatusTypeDef HAL_ADC_Start_DMA(ADC_HandleTypeDef* hadc, uint32_t* pData, uint32_t Length);
      |                                                              ~~~~~~~~~~^~~~~
../Core/Src/main.c:149:19: warning: implicit declaration of function 'printf' [-Wimplicit-function-declaration]
  149 |                   printf("%d\r\n", j);
      |                   ^~~~~~
../Core/Src/main.c:27:1: note: include '<stdio.h>' or provide a declaration of 'printf'
   26 | #include "gpio.h"
  +++ |+#include <stdio.h>
   27 | 
../Core/Src/main.c:149:19: warning: incompatible implicit declaration of built-in function 'printf' [-Wbuiltin-declaration-mismatch]
  149 |                   printf("%d\r\n", j);
      |                   ^~~~~~
../Core/Src/main.c:149:19: note: include '<stdio.h>' or provide a declaration of 'printf'
../Core/Src/main.c:151:11: warning: incompatible implicit declaration of built-in function 'printf' [-Wbuiltin-declaration-mismatch]
  151 |           printf("=========\r\n");
      |           ^~~~~~
../Core/Src/main.c:151:11: note: include '<stdio.h>' or provide a declaration of 'printf'
../Core/Src/main.c: In function 'HAL_TIM_PeriodElapsedCallback':
../Core/Src/main.c:211:17: warning: incompatible implicit declaration of built-in function 'printf' [-Wbuiltin-declaration-mismatch]
  211 |                 printf("%dm %.2fs. fetEDA_LPF = %.4fv, fetEDA_Vin = %.4fv\r\n", min, sec+ms, fetEDA_LPF, fetEDA_Vin);
      |                 ^~~~~~
../Core/Src/main.c:211:17: note: include '<stdio.h>' or provide a declaration of 'printf'
../Core/Src/main.c: In function 'MOSFET_EDA_Measure_Ids':
../Core/Src/main.c:234:17: warning: incompatible implicit declaration of built-in function 'printf' [-Wbuiltin-declaration-mismatch]
  234 |                 printf("%d\r\n", i);
      |                 ^~~~~~
../Core/Src/main.c:234:17: note: include '<stdio.h>' or provide a declaration of 'printf'
arm-none-eabi-gcc -o "MOSFET_EDA_sensor_v2.0.elf" @"objects.list"   -mcpu=cortex-m4 -T"/Users/namseungyoon/Desktop/PROJECT/01. ERK_project/02. Black_board/MOSFET_EDA_sensor/MOSFET_EDA_sensor_v2.0/STM32F407VGTX_FLASH.ld" --specs=nosys.specs -Wl,-Map="MOSFET_EDA_sensor_v2.0.map" -Wl,--gc-sections -static --specs=nano.specs -mfpu=fpv4-sp-d16 -mfloat-abi=hard -mthumb -u _printf_float -u _scanf_float -Wl,--start-group -lc -lm -Wl,--end-group
Finished building target: MOSFET_EDA_sensor_v2.0.elf
 
arm-none-eabi-size   MOSFET_EDA_sensor_v2.0.elf 
arm-none-eabi-objdump -h -S  MOSFET_EDA_sensor_v2.0.elf  > "MOSFET_EDA_sensor_v2.0.list"
   text	   data	    bss	    dec	    hex	filename
  39268	    476	   2260	  42004	   a414	MOSFET_EDA_sensor_v2.0.elf
Finished building: default.size.stdout
 
Finished building: MOSFET_EDA_sensor_v2.0.list
 
16:19:23 **** Incremental Build of configuration Debug for project MOSFET_EDA_sensor_v2.0 ****
make -j11 all 
arm-none-eabi-gcc "../Core/Src/main.c" -mcpu=cortex-m4 -std=gnu11 -g3 -DDEBUG -DUSE_HAL_DRIVER -DSTM32F407xx -c -I../Core/Inc -I../Drivers/STM32F4xx_HAL_Driver/Inc -I../Drivers/STM32F4xx_HAL_Driver/Inc/Legacy -I../Drivers/CMSIS/Device/ST/STM32F4xx/Include -I../Drivers/CMSIS/Include -O0 -ffunction-sections -fdata-sections -Wall -fstack-usage -fcyclomatic-complexity -MMD -MP -MF"Core/Src/main.d" -MT"Core/Src/main.o" --specs=nano.specs -mfpu=fpv4-sp-d16 -mfloat-abi=hard -mthumb -o "Core/Src/main.o"
../Core/Src/main.c:72:30: warning: missing braces around initializer [-Wmissing-braces]
   72 | float fetEDA_Vout[2][4096] = {0.0, };
      |                              ^
      |                               {    }
../Core/Src/main.c: In function 'main':
../Core/Src/main.c:129:29: warning: passing argument 2 of 'HAL_ADC_Start_DMA' from incompatible pointer type [-Wincompatible-pointer-types]
  129 |   HAL_ADC_Start_DMA(&hadc1, &ADC_value[0], 2);
      |                             ^~~~~~~~~~~~~
      |                             |
      |                             uint16_t * {aka short unsigned int *}
In file included from ../Core/Inc/stm32f4xx_hal_conf.h:295,
                 from ../Drivers/STM32F4xx_HAL_Driver/Inc/stm32f4xx_hal.h:29,
                 from ../Core/Inc/main.h:30,
                 from ../Core/Src/main.c:20:
../Drivers/STM32F4xx_HAL_Driver/Inc/stm32f4xx_hal_adc.h:594:72: note: expected 'uint32_t *' {aka 'long unsigned int *'} but argument is of type 'uint16_t *' {aka 'short unsigned int *'}
  594 | HAL_StatusTypeDef HAL_ADC_Start_DMA(ADC_HandleTypeDef* hadc, uint32_t* pData, uint32_t Length);
      |                                                              ~~~~~~~~~~^~~~~
../Core/Src/main.c:151:11: warning: implicit declaration of function 'printf' [-Wimplicit-function-declaration]
  151 |           printf("=========\r\n");
      |           ^~~~~~
../Core/Src/main.c:27:1: note: include '<stdio.h>' or provide a declaration of 'printf'
   26 | #include "gpio.h"
  +++ |+#include <stdio.h>
   27 | 
../Core/Src/main.c:151:11: warning: incompatible implicit declaration of built-in function 'printf' [-Wbuiltin-declaration-mismatch]
  151 |           printf("=========\r\n");
      |           ^~~~~~
../Core/Src/main.c:151:11: note: include '<stdio.h>' or provide a declaration of 'printf'
../Core/Src/main.c: In function 'HAL_TIM_PeriodElapsedCallback':
../Core/Src/main.c:211:17: warning: incompatible implicit declaration of built-in function 'printf' [-Wbuiltin-declaration-mismatch]
  211 |                 printf("%dm %.2fs. fetEDA_LPF = %.4fv, fetEDA_Vin = %.4fv\r\n", min, sec+ms, fetEDA_LPF, fetEDA_Vin);
      |                 ^~~~~~
../Core/Src/main.c:211:17: note: include '<stdio.h>' or provide a declaration of 'printf'
../Core/Src/main.c: In function 'MOSFET_EDA_Measure_Ids':
../Core/Src/main.c:234:17: warning: incompatible implicit declaration of built-in function 'printf' [-Wbuiltin-declaration-mismatch]
  234 |                 printf("%d\r\n", i);
      |                 ^~~~~~
../Core/Src/main.c:234:17: note: include '<stdio.h>' or provide a declaration of 'printf'
arm-none-eabi-gcc -o "MOSFET_EDA_sensor_v2.0.elf" @"objects.list"   -mcpu=cortex-m4 -T"/Users/namseungyoon/Desktop/PROJECT/01. ERK_project/02. Black_board/MOSFET_EDA_sensor/MOSFET_EDA_sensor_v2.0/STM32F407VGTX_FLASH.ld" --specs=nosys.specs -Wl,-Map="MOSFET_EDA_sensor_v2.0.map" -Wl,--gc-sections -static --specs=nano.specs -mfpu=fpv4-sp-d16 -mfloat-abi=hard -mthumb -u _printf_float -u _scanf_float -Wl,--start-group -lc -lm -Wl,--end-group
Finished building target: MOSFET_EDA_sensor_v2.0.elf
 
arm-none-eabi-size   MOSFET_EDA_sensor_v2.0.elf 
arm-none-eabi-objdump -h -S  MOSFET_EDA_sensor_v2.0.elf  > "MOSFET_EDA_sensor_v2.0.list"
   text	   data	    bss	    dec	    hex	filename
  39252	    476	   2260	  41988	   a404	MOSFET_EDA_sensor_v2.0.elf
Finished building: default.size.stdout
 
Finished building: MOSFET_EDA_sensor_v2.0.list
 
16:31:39 **** Incremental Build of configuration Debug for project MOSFET_EDA_sensor_v1.3 ****
make -j11 all 
arm-none-eabi-size   MOSFET_EDA_sensor_v1.3.elf 
   text	   data	    bss	    dec	    hex	filename
  55308	    512	 101080	 156900	  264e4	MOSFET_EDA_sensor_v1.3.elf
Finished building: default.size.stdout
 
16:31:39 **** Incremental Build of configuration Debug for project MOSFET_EDA_sensor_v2.0 ****
make -j11 all 
arm-none-eabi-gcc "../Core/Src/main.c" -mcpu=cortex-m4 -std=gnu11 -g3 -DDEBUG -DUSE_HAL_DRIVER -DSTM32F407xx -c -I../Core/Inc -I../Drivers/STM32F4xx_HAL_Driver/Inc -I../Drivers/STM32F4xx_HAL_Driver/Inc/Legacy -I../Drivers/CMSIS/Device/ST/STM32F4xx/Include -I../Drivers/CMSIS/Include -O0 -ffunction-sections -fdata-sections -Wall -fstack-usage -fcyclomatic-complexity -MMD -MP -MF"Core/Src/main.d" -MT"Core/Src/main.o" --specs=nano.specs -mfpu=fpv4-sp-d16 -mfloat-abi=hard -mthumb -o "Core/Src/main.o"
../Core/Src/main.c: In function 'main':
../Core/Src/main.c:118:3: warning: implicit declaration of function 'MOSFET_EDA_Measure_Ids' [-Wimplicit-function-declaration]
  118 |   MOSFET_EDA_Measure_Ids();
      |   ^~~~~~~~~~~~~~~~~~~~~~
../Core/Src/main.c: In function 'HAL_TIM_PeriodElapsedCallback':
../Core/Src/main.c:190:17: error: 'fetEDA_Vin' undeclared (first use in this function); did you mean 'fetEDA_HPF'?
  190 |                 fetEDA_Vin = (float)ADC_value[1]/4096 * 3;
      |                 ^~~~~~~~~~
      |                 fetEDA_HPF
../Core/Src/main.c:190:17: note: each undeclared identifier is reported only once for each function it appears in
../Core/Src/main.c:191:17: warning: implicit declaration of function 'printf' [-Wimplicit-function-declaration]
  191 |                 printf("%dm %.2fs. fetEDA_LPF = %.4fv, fetEDA_Vin = %.4fv\r\n", min, sec+ms, fetEDA_LPF, fetEDA_Vin);
      |                 ^~~~~~
../Core/Src/main.c:27:1: note: include '<stdio.h>' or provide a declaration of 'printf'
   26 | #include "gpio.h"
  +++ |+#include <stdio.h>
   27 | 
../Core/Src/main.c:191:17: warning: incompatible implicit declaration of built-in function 'printf' [-Wbuiltin-declaration-mismatch]
  191 |                 printf("%dm %.2fs. fetEDA_LPF = %.4fv, fetEDA_Vin = %.4fv\r\n", min, sec+ms, fetEDA_LPF, fetEDA_Vin);
      |                 ^~~~~~
../Core/Src/main.c:191:17: note: include '<stdio.h>' or provide a declaration of 'printf'
../Core/Src/main.c: At top level:
../Core/Src/main.c:210:6: warning: conflicting types for 'MOSFET_EDA_Measure_Ids'; have 'void(void)'
  210 | void MOSFET_EDA_Measure_Ids(void)
      |      ^~~~~~~~~~~~~~~~~~~~~~
../Core/Src/main.c:118:3: note: previous implicit declaration of 'MOSFET_EDA_Measure_Ids' with type 'void(void)'
  118 |   MOSFET_EDA_Measure_Ids();
      |   ^~~~~~~~~~~~~~~~~~~~~~
../Core/Src/main.c: In function 'MOSFET_EDA_Measure_Ids':
../Core/Src/main.c:214:35: warning: passing argument 2 of 'HAL_ADC_Start_DMA' from incompatible pointer type [-Wincompatible-pointer-types]
  214 |         HAL_ADC_Start_DMA(&hadc1, &ADC_value[0], 2);
      |                                   ^~~~~~~~~~~~~
      |                                   |
      |                                   uint16_t * {aka short unsigned int *}
In file included from ../Core/Inc/stm32f4xx_hal_conf.h:295,
                 from ../Drivers/STM32F4xx_HAL_Driver/Inc/stm32f4xx_hal.h:29,
                 from ../Core/Inc/main.h:30,
                 from ../Core/Src/main.c:20:
../Drivers/STM32F4xx_HAL_Driver/Inc/stm32f4xx_hal_adc.h:594:72: note: expected 'uint32_t *' {aka 'long unsigned int *'} but argument is of type 'uint16_t *' {aka 'short unsigned int *'}
  594 | HAL_StatusTypeDef HAL_ADC_Start_DMA(ADC_HandleTypeDef* hadc, uint32_t* pData, uint32_t Length);
      |                                                              ~~~~~~~~~~^~~~~
../Core/Src/main.c:216:13: error: 'fetEDA_Rfeed_idx' undeclared (first use in this function); did you mean 'fetEDA_Rfeed'?
  216 |         for(fetEDA_Rfeed_idx = 0; fetEDA_Rfeed_idx<2; fetEDA_Rfeed_idx++)
      |             ^~~~~~~~~~~~~~~~
      |             fetEDA_Rfeed
../Core/Src/main.c:221:25: error: 'fetEDA_Vin' undeclared (first use in this function); did you mean 'fetEDA_Ids'?
  221 |                         fetEDA_Vin = (float)ADC_value[1]/4096 * 3;
      |                         ^~~~~~~~~~
      |                         fetEDA_Ids
../Core/Src/main.c:224:25: warning: incompatible implicit declaration of built-in function 'printf' [-Wbuiltin-declaration-mismatch]
  224 |                         printf("%d. fetEDA_Rfeed = %.0fohm, fetEDA_LPF = %.4v, fetEDA_Vin = %.4v, fetEDA_Ids = %.4uA\r\n", fetEDA_Rfeed_idx+1, fetEDA_Rfeed[fetEDA_Rfeed_idx], fetEDA_LPF, fetEDA_Vin, fetEDA_Ids[fetEDA_Rfeed_idx][DAC_value]);
      |                         ^~~~~~
../Core/Src/main.c:224:25: note: include '<stdio.h>' or provide a declaration of 'printf'
../Core/Src/main.c:213:15: warning: variable 'fetEDA_Ids' set but not used [-Wunused-but-set-variable]
  213 |         float fetEDA_Ids[2][4096] = {0,};
      |               ^~~~~~~~~~
../Core/Src/main.c:212:15: warning: variable 'fetEDA_Rfeed' set but not used [-Wunused-but-set-variable]
  212 |         float fetEDA_Rfeed[2] = {1000000, 100000};
      |               ^~~~~~~~~~~~
make: *** [Core/Src/subdir.mk:52: Core/Src/main.o] Error 1
"make -j11 all" terminated with exit code 2. Build might be incomplete.
16:32:08 **** Incremental Build of configuration Debug for project MOSFET_EDA_sensor_v1.3 ****
make -j11 all 
arm-none-eabi-size   MOSFET_EDA_sensor_v1.3.elf 
   text	   data	    bss	    dec	    hex	filename
  55308	    512	 101080	 156900	  264e4	MOSFET_EDA_sensor_v1.3.elf
Finished building: default.size.stdout
 
16:32:09 **** Incremental Build of configuration Debug for project MOSFET_EDA_sensor_v2.0 ****
make -j11 all 
arm-none-eabi-gcc "../Core/Src/main.c" -mcpu=cortex-m4 -std=gnu11 -g3 -DDEBUG -DUSE_HAL_DRIVER -DSTM32F407xx -c -I../Core/Inc -I../Drivers/STM32F4xx_HAL_Driver/Inc -I../Drivers/STM32F4xx_HAL_Driver/Inc/Legacy -I../Drivers/CMSIS/Device/ST/STM32F4xx/Include -I../Drivers/CMSIS/Include -O0 -ffunction-sections -fdata-sections -Wall -fstack-usage -fcyclomatic-complexity -MMD -MP -MF"Core/Src/main.d" -MT"Core/Src/main.o" --specs=nano.specs -mfpu=fpv4-sp-d16 -mfloat-abi=hard -mthumb -o "Core/Src/main.o"
../Core/Src/main.c: In function 'main':
../Core/Src/main.c:118:3: warning: implicit declaration of function 'MOSFET_EDA_Measure_Ids' [-Wimplicit-function-declaration]
  118 |   MOSFET_EDA_Measure_Ids();
      |   ^~~~~~~~~~~~~~~~~~~~~~
../Core/Src/main.c: In function 'HAL_TIM_PeriodElapsedCallback':
../Core/Src/main.c:191:17: warning: implicit declaration of function 'printf' [-Wimplicit-function-declaration]
  191 |                 printf("%dm %.2fs. fetEDA_LPF = %.4fv, fetEDA_Vin = %.4fv\r\n", min, sec+ms, fetEDA_LPF, fetEDA_Vin);
      |                 ^~~~~~
../Core/Src/main.c:27:1: note: include '<stdio.h>' or provide a declaration of 'printf'
   26 | #include "gpio.h"
  +++ |+#include <stdio.h>
   27 | 
../Core/Src/main.c:191:17: warning: incompatible implicit declaration of built-in function 'printf' [-Wbuiltin-declaration-mismatch]
  191 |                 printf("%dm %.2fs. fetEDA_LPF = %.4fv, fetEDA_Vin = %.4fv\r\n", min, sec+ms, fetEDA_LPF, fetEDA_Vin);
      |                 ^~~~~~
../Core/Src/main.c:191:17: note: include '<stdio.h>' or provide a declaration of 'printf'
../Core/Src/main.c: At top level:
../Core/Src/main.c:210:6: warning: conflicting types for 'MOSFET_EDA_Measure_Ids'; have 'void(void)'
  210 | void MOSFET_EDA_Measure_Ids(void)
      |      ^~~~~~~~~~~~~~~~~~~~~~
../Core/Src/main.c:118:3: note: previous implicit declaration of 'MOSFET_EDA_Measure_Ids' with type 'void(void)'
  118 |   MOSFET_EDA_Measure_Ids();
      |   ^~~~~~~~~~~~~~~~~~~~~~
../Core/Src/main.c: In function 'MOSFET_EDA_Measure_Ids':
../Core/Src/main.c:214:35: warning: passing argument 2 of 'HAL_ADC_Start_DMA' from incompatible pointer type [-Wincompatible-pointer-types]
  214 |         HAL_ADC_Start_DMA(&hadc1, &ADC_value[0], 2);
      |                                   ^~~~~~~~~~~~~
      |                                   |
      |                                   uint16_t * {aka short unsigned int *}
In file included from ../Core/Inc/stm32f4xx_hal_conf.h:295,
                 from ../Drivers/STM32F4xx_HAL_Driver/Inc/stm32f4xx_hal.h:29,
                 from ../Core/Inc/main.h:30,
                 from ../Core/Src/main.c:20:
../Drivers/STM32F4xx_HAL_Driver/Inc/stm32f4xx_hal_adc.h:594:72: note: expected 'uint32_t *' {aka 'long unsigned int *'} but argument is of type 'uint16_t *' {aka 'short unsigned int *'}
  594 | HAL_StatusTypeDef HAL_ADC_Start_DMA(ADC_HandleTypeDef* hadc, uint32_t* pData, uint32_t Length);
      |                                                              ~~~~~~~~~~^~~~~
../Core/Src/main.c:224:25: warning: incompatible implicit declaration of built-in function 'printf' [-Wbuiltin-declaration-mismatch]
  224 |                         printf("%d. fetEDA_Rfeed = %.0fohm, fetEDA_LPF = %.4v, fetEDA_Vin = %.4v, fetEDA_Ids = %.4uA\r\n", fetEDA_Rfeed_idx+1, fetEDA_Rfeed[fetEDA_Rfeed_idx], fetEDA_LPF, fetEDA_Vin, fetEDA_Ids[fetEDA_Rfeed_idx][DAC_value]);
      |                         ^~~~~~
../Core/Src/main.c:224:25: note: include '<stdio.h>' or provide a declaration of 'printf'
../Core/Src/main.c:224:77: warning: unknown conversion type character 'v' in format [-Wformat=]
  224 |                         printf("%d. fetEDA_Rfeed = %.0fohm, fetEDA_LPF = %.4v, fetEDA_Vin = %.4v, fetEDA_Ids = %.4uA\r\n", fetEDA_Rfeed_idx+1, fetEDA_Rfeed[fetEDA_Rfeed_idx], fetEDA_LPF, fetEDA_Vin, fetEDA_Ids[fetEDA_Rfeed_idx][DAC_value]);
      |                                                                             ^
../Core/Src/main.c:224:96: warning: unknown conversion type character 'v' in format [-Wformat=]
  224 |                         printf("%d. fetEDA_Rfeed = %.0fohm, fetEDA_LPF = %.4v, fetEDA_Vin = %.4v, fetEDA_Ids = %.4uA\r\n", fetEDA_Rfeed_idx+1, fetEDA_Rfeed[fetEDA_Rfeed_idx], fetEDA_LPF, fetEDA_Vin, fetEDA_Ids[fetEDA_Rfeed_idx][DAC_value]);
      |                                                                                                ^
../Core/Src/main.c:224:115: warning: format '%u' expects argument of type 'unsigned int', but argument 4 has type 'double' [-Wformat=]
  224 |                         printf("%d. fetEDA_Rfeed = %.0fohm, fetEDA_LPF = %.4v, fetEDA_Vin = %.4v, fetEDA_Ids = %.4uA\r\n", fetEDA_Rfeed_idx+1, fetEDA_Rfeed[fetEDA_Rfeed_idx], fetEDA_LPF, fetEDA_Vin, fetEDA_Ids[fetEDA_Rfeed_idx][DAC_value]);
      |                                                                                                                ~~~^                                                            ~~~~~~~~~~
      |                                                                                                                   |                                                            |
      |                                                                                                                   unsigned int                                                 double
      |                                                                                                                %.4f
../Core/Src/main.c:224:32: warning: too many arguments for format [-Wformat-extra-args]
  224 |                         printf("%d. fetEDA_Rfeed = %.0fohm, fetEDA_LPF = %.4v, fetEDA_Vin = %.4v, fetEDA_Ids = %.4uA\r\n", fetEDA_Rfeed_idx+1, fetEDA_Rfeed[fetEDA_Rfeed_idx], fetEDA_LPF, fetEDA_Vin, fetEDA_Ids[fetEDA_Rfeed_idx][DAC_value]);
      |                                ^~~~~~~~~~~~~~~~~~~~~~~~~~~~~~~~~~~~~~~~~~~~~~~~~~~~~~~~~~~~~~~~~~~~~~~~~~~~~~~~~~~~~~~~~~
arm-none-eabi-gcc -o "MOSFET_EDA_sensor_v2.0.elf" @"objects.list"   -mcpu=cortex-m4 -T"/Users/namseungyoon/Desktop/PROJECT/01. ERK_project/02. Black_board/MOSFET_EDA_sensor/MOSFET_EDA_sensor_v2.0/STM32F407VGTX_FLASH.ld" --specs=nosys.specs -Wl,-Map="MOSFET_EDA_sensor_v2.0.map" -Wl,--gc-sections -static --specs=nano.specs -mfpu=fpv4-sp-d16 -mfloat-abi=hard -mthumb -u _printf_float -u _scanf_float -Wl,--start-group -lc -lm -Wl,--end-group
Finished building target: MOSFET_EDA_sensor_v2.0.elf
 
arm-none-eabi-size   MOSFET_EDA_sensor_v2.0.elf 
arm-none-eabi-objdump -h -S  MOSFET_EDA_sensor_v2.0.elf  > "MOSFET_EDA_sensor_v2.0.list"
   text	   data	    bss	    dec	    hex	filename
  39836	    476	   2260	  42572	   a64c	MOSFET_EDA_sensor_v2.0.elf
Finished building: default.size.stdout
 
Finished building: MOSFET_EDA_sensor_v2.0.list
 
16:32:20 **** Incremental Build of configuration Debug for project MOSFET_EDA_sensor_v2.0 ****
make -j11 all 
arm-none-eabi-size   MOSFET_EDA_sensor_v2.0.elf 
   text	   data	    bss	    dec	    hex	filename
  39836	    476	   2260	  42572	   a64c	MOSFET_EDA_sensor_v2.0.elf
Finished building: default.size.stdout
 
16:32:51 **** Incremental Build of configuration Debug for project MOSFET_EDA_sensor_v2.0 ****
make -j11 all 
arm-none-eabi-size   MOSFET_EDA_sensor_v2.0.elf 
   text	   data	    bss	    dec	    hex	filename
  39836	    476	   2260	  42572	   a64c	MOSFET_EDA_sensor_v2.0.elf
Finished building: default.size.stdout
 
16:35:45 **** Incremental Build of configuration Debug for project MOSFET_EDA_sensor_v2.0 ****
make -j11 all 
arm-none-eabi-gcc "../Core/Src/main.c" -mcpu=cortex-m4 -std=gnu11 -g3 -DDEBUG -DUSE_HAL_DRIVER -DSTM32F407xx -c -I../Core/Inc -I../Drivers/STM32F4xx_HAL_Driver/Inc -I../Drivers/STM32F4xx_HAL_Driver/Inc/Legacy -I../Drivers/CMSIS/Device/ST/STM32F4xx/Include -I../Drivers/CMSIS/Include -O0 -ffunction-sections -fdata-sections -Wall -fstack-usage -fcyclomatic-complexity -MMD -MP -MF"Core/Src/main.d" -MT"Core/Src/main.o" --specs=nano.specs -mfpu=fpv4-sp-d16 -mfloat-abi=hard -mthumb -o "Core/Src/main.o"
../Core/Src/main.c: In function 'main':
../Core/Src/main.c:111:29: warning: passing argument 2 of 'HAL_ADC_Start_DMA' from incompatible pointer type [-Wincompatible-pointer-types]
  111 |   HAL_ADC_Start_DMA(&hadc1, &ADC_value[0], 2);
      |                             ^~~~~~~~~~~~~
      |                             |
      |                             uint16_t * {aka short unsigned int *}
In file included from ../Core/Inc/stm32f4xx_hal_conf.h:295,
                 from ../Drivers/STM32F4xx_HAL_Driver/Inc/stm32f4xx_hal.h:29,
                 from ../Core/Inc/main.h:30,
                 from ../Core/Src/main.c:20:
../Drivers/STM32F4xx_HAL_Driver/Inc/stm32f4xx_hal_adc.h:594:72: note: expected 'uint32_t *' {aka 'long unsigned int *'} but argument is of type 'uint16_t *' {aka 'short unsigned int *'}
  594 | HAL_StatusTypeDef HAL_ADC_Start_DMA(ADC_HandleTypeDef* hadc, uint32_t* pData, uint32_t Length);
      |                                                              ~~~~~~~~~~^~~~~
../Core/Src/main.c:113:3: warning: implicit declaration of function 'MOSFET_EDA_Measure_Ids' [-Wimplicit-function-declaration]
  113 |   MOSFET_EDA_Measure_Ids();
      |   ^~~~~~~~~~~~~~~~~~~~~~
../Core/Src/main.c: In function 'HAL_TIM_PeriodElapsedCallback':
../Core/Src/main.c:186:17: warning: implicit declaration of function 'printf' [-Wimplicit-function-declaration]
  186 |                 printf("%dm %.2fs. fetEDA_LPF = %.4fv, fetEDA_Vin = %.4fv\r\n", min, sec+ms, fetEDA_LPF, fetEDA_Vin);
      |                 ^~~~~~
../Core/Src/main.c:27:1: note: include '<stdio.h>' or provide a declaration of 'printf'
   26 | #include "gpio.h"
  +++ |+#include <stdio.h>
   27 | 
../Core/Src/main.c:186:17: warning: incompatible implicit declaration of built-in function 'printf' [-Wbuiltin-declaration-mismatch]
  186 |                 printf("%dm %.2fs. fetEDA_LPF = %.4fv, fetEDA_Vin = %.4fv\r\n", min, sec+ms, fetEDA_LPF, fetEDA_Vin);
      |                 ^~~~~~
../Core/Src/main.c:186:17: note: include '<stdio.h>' or provide a declaration of 'printf'
../Core/Src/main.c: At top level:
../Core/Src/main.c:205:6: warning: conflicting types for 'MOSFET_EDA_Measure_Ids'; have 'void(void)'
  205 | void MOSFET_EDA_Measure_Ids(void)
      |      ^~~~~~~~~~~~~~~~~~~~~~
../Core/Src/main.c:113:3: note: previous implicit declaration of 'MOSFET_EDA_Measure_Ids' with type 'void(void)'
  113 |   MOSFET_EDA_Measure_Ids();
      |   ^~~~~~~~~~~~~~~~~~~~~~
../Core/Src/main.c: In function 'MOSFET_EDA_Measure_Ids':
../Core/Src/main.c:235:25: warning: incompatible implicit declaration of built-in function 'printf' [-Wbuiltin-declaration-mismatch]
  235 |                         printf("%d. fetEDA_Rfeed = %.0fohm, fetEDA_LPF = %.4v, fetEDA_Vin = %.4v, fetEDA_Ids = %.4uA\r\n", fetEDA_Rfeed_idx+1, fetEDA_Rfeed[fetEDA_Rfeed_idx], fetEDA_LPF, fetEDA_Vin, fetEDA_Ids[fetEDA_Rfeed_idx][DAC_value]);
      |                         ^~~~~~
../Core/Src/main.c:235:25: note: include '<stdio.h>' or provide a declaration of 'printf'
../Core/Src/main.c:235:77: warning: unknown conversion type character 'v' in format [-Wformat=]
  235 |                         printf("%d. fetEDA_Rfeed = %.0fohm, fetEDA_LPF = %.4v, fetEDA_Vin = %.4v, fetEDA_Ids = %.4uA\r\n", fetEDA_Rfeed_idx+1, fetEDA_Rfeed[fetEDA_Rfeed_idx], fetEDA_LPF, fetEDA_Vin, fetEDA_Ids[fetEDA_Rfeed_idx][DAC_value]);
      |                                                                             ^
../Core/Src/main.c:235:96: warning: unknown conversion type character 'v' in format [-Wformat=]
  235 |                         printf("%d. fetEDA_Rfeed = %.0fohm, fetEDA_LPF = %.4v, fetEDA_Vin = %.4v, fetEDA_Ids = %.4uA\r\n", fetEDA_Rfeed_idx+1, fetEDA_Rfeed[fetEDA_Rfeed_idx], fetEDA_LPF, fetEDA_Vin, fetEDA_Ids[fetEDA_Rfeed_idx][DAC_value]);
      |                                                                                                ^
../Core/Src/main.c:235:115: warning: format '%u' expects argument of type 'unsigned int', but argument 4 has type 'double' [-Wformat=]
  235 |                         printf("%d. fetEDA_Rfeed = %.0fohm, fetEDA_LPF = %.4v, fetEDA_Vin = %.4v, fetEDA_Ids = %.4uA\r\n", fetEDA_Rfeed_idx+1, fetEDA_Rfeed[fetEDA_Rfeed_idx], fetEDA_LPF, fetEDA_Vin, fetEDA_Ids[fetEDA_Rfeed_idx][DAC_value]);
      |                                                                                                                ~~~^                                                            ~~~~~~~~~~
      |                                                                                                                   |                                                            |
      |                                                                                                                   unsigned int                                                 double
      |                                                                                                                %.4f
../Core/Src/main.c:235:32: warning: too many arguments for format [-Wformat-extra-args]
  235 |                         printf("%d. fetEDA_Rfeed = %.0fohm, fetEDA_LPF = %.4v, fetEDA_Vin = %.4v, fetEDA_Ids = %.4uA\r\n", fetEDA_Rfeed_idx+1, fetEDA_Rfeed[fetEDA_Rfeed_idx], fetEDA_LPF, fetEDA_Vin, fetEDA_Ids[fetEDA_Rfeed_idx][DAC_value]);
      |                                ^~~~~~~~~~~~~~~~~~~~~~~~~~~~~~~~~~~~~~~~~~~~~~~~~~~~~~~~~~~~~~~~~~~~~~~~~~~~~~~~~~~~~~~~~~
arm-none-eabi-gcc -o "MOSFET_EDA_sensor_v2.0.elf" @"objects.list"   -mcpu=cortex-m4 -T"/Users/namseungyoon/Desktop/PROJECT/01. ERK_project/02. Black_board/MOSFET_EDA_sensor/MOSFET_EDA_sensor_v2.0/STM32F407VGTX_FLASH.ld" --specs=nosys.specs -Wl,-Map="MOSFET_EDA_sensor_v2.0.map" -Wl,--gc-sections -static --specs=nano.specs -mfpu=fpv4-sp-d16 -mfloat-abi=hard -mthumb -u _printf_float -u _scanf_float -Wl,--start-group -lc -lm -Wl,--end-group
Finished building target: MOSFET_EDA_sensor_v2.0.elf
 
arm-none-eabi-size   MOSFET_EDA_sensor_v2.0.elf 
arm-none-eabi-objdump -h -S  MOSFET_EDA_sensor_v2.0.elf  > "MOSFET_EDA_sensor_v2.0.list"
   text	   data	    bss	    dec	    hex	filename
  39988	    476	   2260	  42724	   a6e4	MOSFET_EDA_sensor_v2.0.elf
Finished building: default.size.stdout
 
Finished building: MOSFET_EDA_sensor_v2.0.list
 
16:36:11 **** Incremental Build of configuration Debug for project MOSFET_EDA_sensor_v2.0 ****
make -j11 all 
arm-none-eabi-size   MOSFET_EDA_sensor_v2.0.elf 
   text	   data	    bss	    dec	    hex	filename
  39988	    476	   2260	  42724	   a6e4	MOSFET_EDA_sensor_v2.0.elf
Finished building: default.size.stdout
 
16:36:35 **** Incremental Build of configuration Debug for project MOSFET_EDA_sensor_v2.0 ****
make -j11 all 
arm-none-eabi-size   MOSFET_EDA_sensor_v2.0.elf 
   text	   data	    bss	    dec	    hex	filename
  39988	    476	   2260	  42724	   a6e4	MOSFET_EDA_sensor_v2.0.elf
Finished building: default.size.stdout
 
16:37:38 **** Incremental Build of configuration Debug for project MOSFET_EDA_sensor_v2.0 ****
make -j11 all 
arm-none-eabi-size   MOSFET_EDA_sensor_v2.0.elf 
   text	   data	    bss	    dec	    hex	filename
  39988	    476	   2260	  42724	   a6e4	MOSFET_EDA_sensor_v2.0.elf
Finished building: default.size.stdout
 
16:38:03 **** Incremental Build of configuration Debug for project MOSFET_EDA_sensor_v2.0 ****
make -j11 all 
arm-none-eabi-size   MOSFET_EDA_sensor_v2.0.elf 
   text	   data	    bss	    dec	    hex	filename
  39988	    476	   2260	  42724	   a6e4	MOSFET_EDA_sensor_v2.0.elf
Finished building: default.size.stdout
 
16:38:34 **** Incremental Build of configuration Debug for project MOSFET_EDA_sensor_v2.0 ****
make -j11 all 
arm-none-eabi-gcc "../Core/Src/main.c" -mcpu=cortex-m4 -std=gnu11 -g3 -DDEBUG -DUSE_HAL_DRIVER -DSTM32F407xx -c -I../Core/Inc -I../Drivers/STM32F4xx_HAL_Driver/Inc -I../Drivers/STM32F4xx_HAL_Driver/Inc/Legacy -I../Drivers/CMSIS/Device/ST/STM32F4xx/Include -I../Drivers/CMSIS/Include -O0 -ffunction-sections -fdata-sections -Wall -fstack-usage -fcyclomatic-complexity -MMD -MP -MF"Core/Src/main.d" -MT"Core/Src/main.o" --specs=nano.specs -mfpu=fpv4-sp-d16 -mfloat-abi=hard -mthumb -o "Core/Src/main.o"
../Core/Src/main.c: In function 'main':
../Core/Src/main.c:115:29: warning: passing argument 2 of 'HAL_ADC_Start_DMA' from incompatible pointer type [-Wincompatible-pointer-types]
  115 |   HAL_ADC_Start_DMA(&hadc1, &ADC_value[0], 2);
      |                             ^~~~~~~~~~~~~
      |                             |
      |                             uint16_t * {aka short unsigned int *}
In file included from ../Core/Inc/stm32f4xx_hal_conf.h:295,
                 from ../Drivers/STM32F4xx_HAL_Driver/Inc/stm32f4xx_hal.h:29,
                 from ../Core/Inc/main.h:30,
                 from ../Core/Src/main.c:20:
../Drivers/STM32F4xx_HAL_Driver/Inc/stm32f4xx_hal_adc.h:594:72: note: expected 'uint32_t *' {aka 'long unsigned int *'} but argument is of type 'uint16_t *' {aka 'short unsigned int *'}
  594 | HAL_StatusTypeDef HAL_ADC_Start_DMA(ADC_HandleTypeDef* hadc, uint32_t* pData, uint32_t Length);
      |                                                              ~~~~~~~~~~^~~~~
../Core/Src/main.c: In function 'HAL_TIM_PeriodElapsedCallback':
../Core/Src/main.c:186:17: warning: implicit declaration of function 'printf' [-Wimplicit-function-declaration]
  186 |                 printf("%dm %.2fs. fetEDA_LPF = %.4fv, fetEDA_Vin = %.4fv\r\n", min, sec+ms, fetEDA_LPF, fetEDA_Vin);
      |                 ^~~~~~
../Core/Src/main.c:27:1: note: include '<stdio.h>' or provide a declaration of 'printf'
   26 | #include "gpio.h"
  +++ |+#include <stdio.h>
   27 | 
../Core/Src/main.c:186:17: warning: incompatible implicit declaration of built-in function 'printf' [-Wbuiltin-declaration-mismatch]
  186 |                 printf("%dm %.2fs. fetEDA_LPF = %.4fv, fetEDA_Vin = %.4fv\r\n", min, sec+ms, fetEDA_LPF, fetEDA_Vin);
      |                 ^~~~~~
../Core/Src/main.c:186:17: note: include '<stdio.h>' or provide a declaration of 'printf'
../Core/Src/main.c: In function 'MOSFET_EDA_Measure_Ids':
../Core/Src/main.c:235:25: warning: incompatible implicit declaration of built-in function 'printf' [-Wbuiltin-declaration-mismatch]
  235 |                         printf("%d. fetEDA_Rfeed = %.0fohm, fetEDA_LPF = %.4v, fetEDA_Vin = %.4v, fetEDA_Ids = %.4uA\r\n", fetEDA_Rfeed_idx+1, fetEDA_Rfeed[fetEDA_Rfeed_idx], fetEDA_LPF, fetEDA_Vin, fetEDA_Ids[fetEDA_Rfeed_idx][DAC_value]);
      |                         ^~~~~~
../Core/Src/main.c:235:25: note: include '<stdio.h>' or provide a declaration of 'printf'
../Core/Src/main.c:235:77: warning: unknown conversion type character 'v' in format [-Wformat=]
  235 |                         printf("%d. fetEDA_Rfeed = %.0fohm, fetEDA_LPF = %.4v, fetEDA_Vin = %.4v, fetEDA_Ids = %.4uA\r\n", fetEDA_Rfeed_idx+1, fetEDA_Rfeed[fetEDA_Rfeed_idx], fetEDA_LPF, fetEDA_Vin, fetEDA_Ids[fetEDA_Rfeed_idx][DAC_value]);
      |                                                                             ^
arm-none-eabi-gcc -o "MOSFET_EDA_sensor_v2.0.elf" @"objects.list"   -mcpu=cortex-m4 -T"/Users/namseungyoon/Desktop/PROJECT/01. ERK_project/02. Black_board/MOSFET_EDA_sensor/MOSFET_EDA_sensor_v2.0/STM32F407VGTX_FLASH.ld" --specs=nosys.specs -Wl,-Map="MOSFET_EDA_sensor_v2.0.map" -Wl,--gc-sections -static --specs=nano.specs -mfpu=fpv4-sp-d16 -mfloat-abi=hard -mthumb -u _printf_float -u _scanf_float -Wl,--start-group -lc -lm -Wl,--end-group
../Core/Src/main.c:235:96: warning: unknown conversion type character 'v' in format [-Wformat=]
  235 |                         printf("%d. fetEDA_Rfeed = %.0fohm, fetEDA_LPF = %.4v, fetEDA_Vin = %.4v, fetEDA_Ids = %.4uA\r\n", fetEDA_Rfeed_idx+1, fetEDA_Rfeed[fetEDA_Rfeed_idx], fetEDA_LPF, fetEDA_Vin, fetEDA_Ids[fetEDA_Rfeed_idx][DAC_value]);
      |                                                                                                ^
../Core/Src/main.c:235:115: warning: format '%u' expects argument of type 'unsigned int', but argument 4 has type 'double' [-Wformat=]
  235 |                         printf("%d. fetEDA_Rfeed = %.0fohm, fetEDA_LPF = %.4v, fetEDA_Vin = %.4v, fetEDA_Ids = %.4uA\r\n", fetEDA_Rfeed_idx+1, fetEDA_Rfeed[fetEDA_Rfeed_idx], fetEDA_LPF, fetEDA_Vin, fetEDA_Ids[fetEDA_Rfeed_idx][DAC_value]);
      |                                                                                                                ~~~^                                                            ~~~~~~~~~~
      |                                                                                                                   |                                                            |
      |                                                                                                                   unsigned int                                                 double
      |                                                                                                                %.4f
../Core/Src/main.c:235:32: warning: too many arguments for format [-Wformat-extra-args]
  235 |                         printf("%d. fetEDA_Rfeed = %.0fohm, fetEDA_LPF = %.4v, fetEDA_Vin = %.4v, fetEDA_Ids = %.4uA\r\n", fetEDA_Rfeed_idx+1, fetEDA_Rfeed[fetEDA_Rfeed_idx], fetEDA_LPF, fetEDA_Vin, fetEDA_Ids[fetEDA_Rfeed_idx][DAC_value]);
      |                                ^~~~~~~~~~~~~~~~~~~~~~~~~~~~~~~~~~~~~~~~~~~~~~~~~~~~~~~~~~~~~~~~~~~~~~~~~~~~~~~~~~~~~~~~~~
Finished building target: MOSFET_EDA_sensor_v2.0.elf
 
arm-none-eabi-size   MOSFET_EDA_sensor_v2.0.elf 
arm-none-eabi-objdump -h -S  MOSFET_EDA_sensor_v2.0.elf  > "MOSFET_EDA_sensor_v2.0.list"
   text	   data	    bss	    dec	    hex	filename
  39052	    476	   2260	  41788	   a33c	MOSFET_EDA_sensor_v2.0.elf
Finished building: default.size.stdout
 
Finished building: MOSFET_EDA_sensor_v2.0.list
 
16:39:11 **** Incremental Build of configuration Debug for project MOSFET_EDA_sensor_v2.0 ****
make -j11 all 
arm-none-eabi-gcc "../Core/Src/main.c" -mcpu=cortex-m4 -std=gnu11 -g3 -DDEBUG -DUSE_HAL_DRIVER -DSTM32F407xx -c -I../Core/Inc -I../Drivers/STM32F4xx_HAL_Driver/Inc -I../Drivers/STM32F4xx_HAL_Driver/Inc/Legacy -I../Drivers/CMSIS/Device/ST/STM32F4xx/Include -I../Drivers/CMSIS/Include -O0 -ffunction-sections -fdata-sections -Wall -fstack-usage -fcyclomatic-complexity -MMD -MP -MF"Core/Src/main.d" -MT"Core/Src/main.o" --specs=nano.specs -mfpu=fpv4-sp-d16 -mfloat-abi=hard -mthumb -o "Core/Src/main.o"
../Core/Src/main.c: In function 'main':
../Core/Src/main.c:114:29: warning: passing argument 2 of 'HAL_ADC_Start_DMA' from incompatible pointer type [-Wincompatible-pointer-types]
  114 |   HAL_ADC_Start_DMA(&hadc1, &ADC_value[0], 2);
      |                             ^~~~~~~~~~~~~
      |                             |
      |                             uint16_t * {aka short unsigned int *}
In file included from ../Core/Inc/stm32f4xx_hal_conf.h:295,
                 from ../Drivers/STM32F4xx_HAL_Driver/Inc/stm32f4xx_hal.h:29,
                 from ../Core/Inc/main.h:30,
                 from ../Core/Src/main.c:20:
../Drivers/STM32F4xx_HAL_Driver/Inc/stm32f4xx_hal_adc.h:594:72: note: expected 'uint32_t *' {aka 'long unsigned int *'} but argument is of type 'uint16_t *' {aka 'short unsigned int *'}
  594 | HAL_StatusTypeDef HAL_ADC_Start_DMA(ADC_HandleTypeDef* hadc, uint32_t* pData, uint32_t Length);
      |                                                              ~~~~~~~~~~^~~~~
../Core/Src/main.c:115:3: warning: implicit declaration of function 'MOSFET_EDA_Measure_Ids' [-Wimplicit-function-declaration]
  115 |   MOSFET_EDA_Measure_Ids();
      |   ^~~~~~~~~~~~~~~~~~~~~~
../Core/Src/main.c: In function 'HAL_TIM_PeriodElapsedCallback':
../Core/Src/main.c:186:17: warning: implicit declaration of function 'printf' [-Wimplicit-function-declaration]
  186 |                 printf("%dm %.2fs. fetEDA_LPF = %.4fv, fetEDA_Vin = %.4fv\r\n", min, sec+ms, fetEDA_LPF, fetEDA_Vin);
      |                 ^~~~~~
../Core/Src/main.c:27:1: note: include '<stdio.h>' or provide a declaration of 'printf'
   26 | #include "gpio.h"
  +++ |+#include <stdio.h>
   27 | 
../Core/Src/main.c:186:17: warning: incompatible implicit declaration of built-in function 'printf' [-Wbuiltin-declaration-mismatch]
  186 |                 printf("%dm %.2fs. fetEDA_LPF = %.4fv, fetEDA_Vin = %.4fv\r\n", min, sec+ms, fetEDA_LPF, fetEDA_Vin);
      |                 ^~~~~~
../Core/Src/main.c:186:17: note: include '<stdio.h>' or provide a declaration of 'printf'
../Core/Src/main.c: At top level:
../Core/Src/main.c:205:6: warning: conflicting types for 'MOSFET_EDA_Measure_Ids'; have 'void(void)'
  205 | void MOSFET_EDA_Measure_Ids(void)
      |      ^~~~~~~~~~~~~~~~~~~~~~
../Core/Src/main.c:115:3: note: previous implicit declaration of 'MOSFET_EDA_Measure_Ids' with type 'void(void)'
  115 |   MOSFET_EDA_Measure_Ids();
      |   ^~~~~~~~~~~~~~~~~~~~~~
../Core/Src/main.c: In function 'MOSFET_EDA_Measure_Ids':
../Core/Src/main.c:235:25: warning: incompatible implicit declaration of built-in function 'printf' [-Wbuiltin-declaration-mismatch]
  235 |                         printf("%d. fetEDA_Rfeed = %.0fohm, fetEDA_LPF = %.4v, fetEDA_Vin = %.4v, fetEDA_Ids = %.4uA\r\n", fetEDA_Rfeed_idx+1, fetEDA_Rfeed[fetEDA_Rfeed_idx], fetEDA_LPF, fetEDA_Vin, fetEDA_Ids[fetEDA_Rfeed_idx][DAC_value]);
      |                         ^~~~~~
../Core/Src/main.c:235:25: note: include '<stdio.h>' or provide a declaration of 'printf'
../Core/Src/main.c:235:77: warning: unknown conversion type character 'v' in format [-Wformat=]
  235 |                         printf("%d. fetEDA_Rfeed = %.0fohm, fetEDA_LPF = %.4v, fetEDA_Vin = %.4v, fetEDA_Ids = %.4uA\r\n", fetEDA_Rfeed_idx+1, fetEDA_Rfeed[fetEDA_Rfeed_idx], fetEDA_LPF, fetEDA_Vin, fetEDA_Ids[fetEDA_Rfeed_idx][DAC_value]);
      |                                                                             ^
../Core/Src/main.c:235:96: warning: unknown conversion type character 'v' in format [-Wformat=]
  235 |                         printf("%d. fetEDA_Rfeed = %.0fohm, fetEDA_LPF = %.4v, fetEDA_Vin = %.4v, fetEDA_Ids = %.4uA\r\n", fetEDA_Rfeed_idx+1, fetEDA_Rfeed[fetEDA_Rfeed_idx], fetEDA_LPF, fetEDA_Vin, fetEDA_Ids[fetEDA_Rfeed_idx][DAC_value]);
      |                                                                                                ^
../Core/Src/main.c:235:115: warning: format '%u' expects argument of type 'unsigned int', but argument 4 has type 'double' [-Wformat=]
  235 |                         printf("%d. fetEDA_Rfeed = %.0fohm, fetEDA_LPF = %.4v, fetEDA_Vin = %.4v, fetEDA_Ids = %.4uA\r\n", fetEDA_Rfeed_idx+1, fetEDA_Rfeed[fetEDA_Rfeed_idx], fetEDA_LPF, fetEDA_Vin, fetEDA_Ids[fetEDA_Rfeed_idx][DAC_value]);
      |                                                                                                                ~~~^                                                            ~~~~~~~~~~
      |                                                                                                                   |                                                            |
      |                                                                                                                   unsigned int                                                 double
      |                                                                                                                %.4f
../Core/Src/main.c:235:32: warning: too many arguments for format [-Wformat-extra-args]
  235 |                         printf("%d. fetEDA_Rfeed = %.0fohm, fetEDA_LPF = %.4v, fetEDA_Vin = %.4v, fetEDA_Ids = %.4uA\r\n", fetEDA_Rfeed_idx+1, fetEDA_Rfeed[fetEDA_Rfeed_idx], fetEDA_LPF, fetEDA_Vin, fetEDA_Ids[fetEDA_Rfeed_idx][DAC_value]);
      |                                ^~~~~~~~~~~~~~~~~~~~~~~~~~~~~~~~~~~~~~~~~~~~~~~~~~~~~~~~~~~~~~~~~~~~~~~~~~~~~~~~~~~~~~~~~~
arm-none-eabi-gcc -o "MOSFET_EDA_sensor_v2.0.elf" @"objects.list"   -mcpu=cortex-m4 -T"/Users/namseungyoon/Desktop/PROJECT/01. ERK_project/02. Black_board/MOSFET_EDA_sensor/MOSFET_EDA_sensor_v2.0/STM32F407VGTX_FLASH.ld" --specs=nosys.specs -Wl,-Map="MOSFET_EDA_sensor_v2.0.map" -Wl,--gc-sections -static --specs=nano.specs -mfpu=fpv4-sp-d16 -mfloat-abi=hard -mthumb -u _printf_float -u _scanf_float -Wl,--start-group -lc -lm -Wl,--end-group
Finished building target: MOSFET_EDA_sensor_v2.0.elf
 
arm-none-eabi-size   MOSFET_EDA_sensor_v2.0.elf 
arm-none-eabi-objdump -h -S  MOSFET_EDA_sensor_v2.0.elf  > "MOSFET_EDA_sensor_v2.0.list"
   text	   data	    bss	    dec	    hex	filename
  39748	    476	   2260	  42484	   a5f4	MOSFET_EDA_sensor_v2.0.elf
Finished building: default.size.stdout
 
Finished building: MOSFET_EDA_sensor_v2.0.list
 
16:39:30 **** Incremental Build of configuration Debug for project MOSFET_EDA_sensor_v2.0 ****
make -j11 all 
arm-none-eabi-size   MOSFET_EDA_sensor_v2.0.elf 
   text	   data	    bss	    dec	    hex	filename
  39748	    476	   2260	  42484	   a5f4	MOSFET_EDA_sensor_v2.0.elf
Finished building: default.size.stdout
 
16:39:59 **** Incremental Build of configuration Debug for project MOSFET_EDA_sensor_v2.0 ****
make -j11 all 
arm-none-eabi-gcc "../Core/Src/main.c" -mcpu=cortex-m4 -std=gnu11 -g3 -DDEBUG -DUSE_HAL_DRIVER -DSTM32F407xx -c -I../Core/Inc -I../Drivers/STM32F4xx_HAL_Driver/Inc -I../Drivers/STM32F4xx_HAL_Driver/Inc/Legacy -I../Drivers/CMSIS/Device/ST/STM32F4xx/Include -I../Drivers/CMSIS/Include -O0 -ffunction-sections -fdata-sections -Wall -fstack-usage -fcyclomatic-complexity -MMD -MP -MF"Core/Src/main.d" -MT"Core/Src/main.o" --specs=nano.specs -mfpu=fpv4-sp-d16 -mfloat-abi=hard -mthumb -o "Core/Src/main.o"
../Core/Src/main.c: In function 'main':
../Core/Src/main.c:114:29: warning: passing argument 2 of 'HAL_ADC_Start_DMA' from incompatible pointer type [-Wincompatible-pointer-types]
  114 |   HAL_ADC_Start_DMA(&hadc1, &ADC_value[0], 2);
      |                             ^~~~~~~~~~~~~
      |                             |
      |                             uint16_t * {aka short unsigned int *}
In file included from ../Core/Inc/stm32f4xx_hal_conf.h:295,
                 from ../Drivers/STM32F4xx_HAL_Driver/Inc/stm32f4xx_hal.h:29,
                 from ../Core/Inc/main.h:30,
                 from ../Core/Src/main.c:20:
../Drivers/STM32F4xx_HAL_Driver/Inc/stm32f4xx_hal_adc.h:594:72: note: expected 'uint32_t *' {aka 'long unsigned int *'} but argument is of type 'uint16_t *' {aka 'short unsigned int *'}
  594 | HAL_StatusTypeDef HAL_ADC_Start_DMA(ADC_HandleTypeDef* hadc, uint32_t* pData, uint32_t Length);
      |                                                              ~~~~~~~~~~^~~~~
../Core/Src/main.c:115:3: warning: implicit declaration of function 'MOSFET_EDA_Measure_Ids' [-Wimplicit-function-declaration]
  115 |   MOSFET_EDA_Measure_Ids();
      |   ^~~~~~~~~~~~~~~~~~~~~~
../Core/Src/main.c: At top level:
../Core/Src/main.c:205:6: warning: conflicting types for 'MOSFET_EDA_Measure_Ids'; have 'void(void)'
  205 | void MOSFET_EDA_Measure_Ids(void)
      |      ^~~~~~~~~~~~~~~~~~~~~~
../Core/Src/main.c:115:3: note: previous implicit declaration of 'MOSFET_EDA_Measure_Ids' with type 'void(void)'
  115 |   MOSFET_EDA_Measure_Ids();
      |   ^~~~~~~~~~~~~~~~~~~~~~
../Core/Src/main.c: In function 'MOSFET_EDA_Measure_Ids':
../Core/Src/main.c:235:25: warning: implicit declaration of function 'printf' [-Wimplicit-function-declaration]
  235 |                         printf("%d. fetEDA_Rfeed = %.0fohm, fetEDA_LPF = %.4v, fetEDA_Vin = %.4v, fetEDA_Ids = %.4uA\r\n", fetEDA_Rfeed_idx+1, fetEDA_Rfeed[fetEDA_Rfeed_idx], fetEDA_LPF, fetEDA_Vin, fetEDA_Ids[fetEDA_Rfeed_idx][DAC_value]);
      |                         ^~~~~~
../Core/Src/main.c:27:1: note: include '<stdio.h>' or provide a declaration of 'printf'
   26 | #include "gpio.h"
  +++ |+#include <stdio.h>
   27 | 
../Core/Src/main.c:235:25: warning: incompatible implicit declaration of built-in function 'printf' [-Wbuiltin-declaration-mismatch]
  235 |                         printf("%d. fetEDA_Rfeed = %.0fohm, fetEDA_LPF = %.4v, fetEDA_Vin = %.4v, fetEDA_Ids = %.4uA\r\n", fetEDA_Rfeed_idx+1, fetEDA_Rfeed[fetEDA_Rfeed_idx], fetEDA_LPF, fetEDA_Vin, fetEDA_Ids[fetEDA_Rfeed_idx][DAC_value]);
      |                         ^~~~~~
../Core/Src/main.c:235:25: note: include '<stdio.h>' or provide a declaration of 'printf'
../Core/Src/main.c:235:77: warning: unknown conversion type character 'v' in format [-Wformat=]
  235 |                         printf("%d. fetEDA_Rfeed = %.0fohm, fetEDA_LPF = %.4v, fetEDA_Vin = %.4v, fetEDA_Ids = %.4uA\r\n", fetEDA_Rfeed_idx+1, fetEDA_Rfeed[fetEDA_Rfeed_idx], fetEDA_LPF, fetEDA_Vin, fetEDA_Ids[fetEDA_Rfeed_idx][DAC_value]);
      |                                                                             ^
../Core/Src/main.c:235:96: warning: unknown conversion type character 'v' in format [-Wformat=]
  235 |                         printf("%d. fetEDA_Rfeed = %.0fohm, fetEDA_LPF = %.4v, fetEDA_Vin = %.4v, fetEDA_Ids = %.4uA\r\n", fetEDA_Rfeed_idx+1, fetEDA_Rfeed[fetEDA_Rfeed_idx], fetEDA_LPF, fetEDA_Vin, fetEDA_Ids[fetEDA_Rfeed_idx][DAC_value]);
      |                                                                                                ^
../Core/Src/main.c:235:115: warning: format '%u' expects argument of type 'unsigned int', but argument 4 has type 'double' [-Wformat=]
  235 |                         printf("%d. fetEDA_Rfeed = %.0fohm, fetEDA_LPF = %.4v, fetEDA_Vin = %.4v, fetEDA_Ids = %.4uA\r\n", fetEDA_Rfeed_idx+1, fetEDA_Rfeed[fetEDA_Rfeed_idx], fetEDA_LPF, fetEDA_Vin, fetEDA_Ids[fetEDA_Rfeed_idx][DAC_value]);
      |                                                                                                                ~~~^                                                            ~~~~~~~~~~
      |                                                                                                                   |                                                            |
      |                                                                                                                   unsigned int                                                 double
      |                                                                                                                %.4f
../Core/Src/main.c:235:32: warning: too many arguments for format [-Wformat-extra-args]
  235 |                         printf("%d. fetEDA_Rfeed = %.0fohm, fetEDA_LPF = %.4v, fetEDA_Vin = %.4v, fetEDA_Ids = %.4uA\r\n", fetEDA_Rfeed_idx+1, fetEDA_Rfeed[fetEDA_Rfeed_idx], fetEDA_LPF, fetEDA_Vin, fetEDA_Ids[fetEDA_Rfeed_idx][DAC_value]);
      |                                ^~~~~~~~~~~~~~~~~~~~~~~~~~~~~~~~~~~~~~~~~~~~~~~~~~~~~~~~~~~~~~~~~~~~~~~~~~~~~~~~~~~~~~~~~~
arm-none-eabi-gcc -o "MOSFET_EDA_sensor_v2.0.elf" @"objects.list"   -mcpu=cortex-m4 -T"/Users/namseungyoon/Desktop/PROJECT/01. ERK_project/02. Black_board/MOSFET_EDA_sensor/MOSFET_EDA_sensor_v2.0/STM32F407VGTX_FLASH.ld" --specs=nosys.specs -Wl,-Map="MOSFET_EDA_sensor_v2.0.map" -Wl,--gc-sections -static --specs=nano.specs -mfpu=fpv4-sp-d16 -mfloat-abi=hard -mthumb -u _printf_float -u _scanf_float -Wl,--start-group -lc -lm -Wl,--end-group
Finished building target: MOSFET_EDA_sensor_v2.0.elf
 
arm-none-eabi-size   MOSFET_EDA_sensor_v2.0.elf 
arm-none-eabi-objdump -h -S  MOSFET_EDA_sensor_v2.0.elf  > "MOSFET_EDA_sensor_v2.0.list"
   text	   data	    bss	    dec	    hex	filename
  39844	    476	   2260	  42580	   a654	MOSFET_EDA_sensor_v2.0.elf
Finished building: default.size.stdout
 
Finished building: MOSFET_EDA_sensor_v2.0.list
 
16:40:33 **** Incremental Build of configuration Debug for project MOSFET_EDA_sensor_v2.0 ****
make -j11 all 
arm-none-eabi-size   MOSFET_EDA_sensor_v2.0.elf 
   text	   data	    bss	    dec	    hex	filename
  39844	    476	   2260	  42580	   a654	MOSFET_EDA_sensor_v2.0.elf
Finished building: default.size.stdout
 
16:53:54 **** Incremental Build of configuration Debug for project MOSFET_EDA_sensor_v1.3 ****
make -j11 all 
arm-none-eabi-size   MOSFET_EDA_sensor_v1.3.elf 
   text	   data	    bss	    dec	    hex	filename
  55308	    512	 101080	 156900	  264e4	MOSFET_EDA_sensor_v1.3.elf
Finished building: default.size.stdout
 
16:53:55 **** Incremental Build of configuration Debug for project MOSFET_EDA_sensor_v2.0 ****
make -j11 all 
arm-none-eabi-gcc "../Core/Src/main.c" -mcpu=cortex-m4 -std=gnu11 -g3 -DDEBUG -DUSE_HAL_DRIVER -DSTM32F407xx -c -I../Core/Inc -I../Drivers/STM32F4xx_HAL_Driver/Inc -I../Drivers/STM32F4xx_HAL_Driver/Inc/Legacy -I../Drivers/CMSIS/Device/ST/STM32F4xx/Include -I../Drivers/CMSIS/Include -O0 -ffunction-sections -fdata-sections -Wall -fstack-usage -fcyclomatic-complexity -MMD -MP -MF"Core/Src/main.d" -MT"Core/Src/main.o" --specs=nano.specs -mfpu=fpv4-sp-d16 -mfloat-abi=hard -mthumb -o "Core/Src/main.o"
../Core/Src/main.c: In function 'main':
../Core/Src/main.c:111:29: warning: passing argument 2 of 'HAL_ADC_Start_DMA' from incompatible pointer type [-Wincompatible-pointer-types]
  111 |   HAL_ADC_Start_DMA(&hadc1, &ADC_value[0], 2);
      |                             ^~~~~~~~~~~~~
      |                             |
      |                             uint16_t * {aka short unsigned int *}
In file included from ../Core/Inc/stm32f4xx_hal_conf.h:295,
                 from ../Drivers/STM32F4xx_HAL_Driver/Inc/stm32f4xx_hal.h:29,
                 from ../Core/Inc/main.h:30,
                 from ../Core/Src/main.c:20:
../Drivers/STM32F4xx_HAL_Driver/Inc/stm32f4xx_hal_adc.h:594:72: note: expected 'uint32_t *' {aka 'long unsigned int *'} but argument is of type 'uint16_t *' {aka 'short unsigned int *'}
  594 | HAL_StatusTypeDef HAL_ADC_Start_DMA(ADC_HandleTypeDef* hadc, uint32_t* pData, uint32_t Length);
      |                                                              ~~~~~~~~~~^~~~~
../Core/Src/main.c: In function 'HAL_TIM_PeriodElapsedCallback':
../Core/Src/main.c:184:17: warning: implicit declaration of function 'printf' [-Wimplicit-function-declaration]
  184 |                 printf("%dm %.2fs. fetEDA_LPF = %.4fv, fetEDA_Vin = %.4fv\r\n", min, sec+ms, fetEDA_LPF, fetEDA_Vin);
      |                 ^~~~~~
../Core/Src/main.c:27:1: note: include '<stdio.h>' or provide a declaration of 'printf'
   26 | #include "gpio.h"
  +++ |+#include <stdio.h>
   27 | 
../Core/Src/main.c:184:17: warning: incompatible implicit declaration of built-in function 'printf' [-Wbuiltin-declaration-mismatch]
  184 |                 printf("%dm %.2fs. fetEDA_LPF = %.4fv, fetEDA_Vin = %.4fv\r\n", min, sec+ms, fetEDA_LPF, fetEDA_Vin);
      |                 ^~~~~~
../Core/Src/main.c:184:17: note: include '<stdio.h>' or provide a declaration of 'printf'
../Core/Src/main.c: In function 'MOSFET_EDA_Measure_Ids':
../Core/Src/main.c:236:25: warning: incompatible implicit declaration of built-in function 'printf' [-Wbuiltin-declaration-mismatch]
  236 |                         printf("%d. fetEDA_Rfeed = %.0fohm, fetEDA_LPF = %.4v, fetEDA_Vin = %.4v, fetEDA_Ids = %.4uA\r\n", fetEDA_Rfeed_idx+1, fetEDA_Rfeed[fetEDA_Rfeed_idx], fetEDA_LPF, fetEDA_Vin, fetEDA_Ids[fetEDA_Rfeed_idx][DAC_value]);
      |                         ^~~~~~
../Core/Src/main.c:236:25: note: include '<stdio.h>' or provide a declaration of 'printf'
../Core/Src/main.c:236:77: warning: unknown conversion type character 'v' in format [-Wformat=]
  236 |                         printf("%d. fetEDA_Rfeed = %.0fohm, fetEDA_LPF = %.4v, fetEDA_Vin = %.4v, fetEDA_Ids = %.4uA\r\n", fetEDA_Rfeed_idx+1, fetEDA_Rfeed[fetEDA_Rfeed_idx], fetEDA_LPF, fetEDA_Vin, fetEDA_Ids[fetEDA_Rfeed_idx][DAC_value]);
      |                                                                             ^
../Core/Src/main.c:236:96: warning: unknown conversion type character 'v' in format [-Wformat=]
  236 |                         printf("%d. fetEDA_Rfeed = %.0fohm, fetEDA_LPF = %.4v, fetEDA_Vin = %.4v, fetEDA_Ids = %.4uA\r\n", fetEDA_Rfeed_idx+1, fetEDA_Rfeed[fetEDA_Rfeed_idx], fetEDA_LPF, fetEDA_Vin, fetEDA_Ids[fetEDA_Rfeed_idx][DAC_value]);
      |                                                                                                ^
../Core/Src/main.c:236:115: warning: format '%u' expects argument of type 'unsigned int', but argument 4 has type 'double' [-Wformat=]
  236 |                         printf("%d. fetEDA_Rfeed = %.0fohm, fetEDA_LPF = %.4v, fetEDA_Vin = %.4v, fetEDA_Ids = %.4uA\r\n", fetEDA_Rfeed_idx+1, fetEDA_Rfeed[fetEDA_Rfeed_idx], fetEDA_LPF, fetEDA_Vin, fetEDA_Ids[fetEDA_Rfeed_idx][DAC_value]);
      |                                                                                                                ~~~^                                                            ~~~~~~~~~~
      |                                                                                                                   |                                                            |
      |                                                                                                                   unsigned int                                                 double
      |                                                                                                                %.4f
../Core/Src/main.c:236:32: warning: too many arguments for format [-Wformat-extra-args]
  236 |                         printf("%d. fetEDA_Rfeed = %.0fohm, fetEDA_LPF = %.4v, fetEDA_Vin = %.4v, fetEDA_Ids = %.4uA\r\n", fetEDA_Rfeed_idx+1, fetEDA_Rfeed[fetEDA_Rfeed_idx], fetEDA_LPF, fetEDA_Vin, fetEDA_Ids[fetEDA_Rfeed_idx][DAC_value]);
      |                                ^~~~~~~~~~~~~~~~~~~~~~~~~~~~~~~~~~~~~~~~~~~~~~~~~~~~~~~~~~~~~~~~~~~~~~~~~~~~~~~~~~~~~~~~~~
arm-none-eabi-gcc -o "MOSFET_EDA_sensor_v2.0.elf" @"objects.list"   -mcpu=cortex-m4 -T"/Users/namseungyoon/Desktop/PROJECT/01. ERK_project/02. Black_board/MOSFET_EDA_sensor/MOSFET_EDA_sensor_v2.0/STM32F407VGTX_FLASH.ld" --specs=nosys.specs -Wl,-Map="MOSFET_EDA_sensor_v2.0.map" -Wl,--gc-sections -static --specs=nano.specs -mfpu=fpv4-sp-d16 -mfloat-abi=hard -mthumb -u _printf_float -u _scanf_float -Wl,--start-group -lc -lm -Wl,--end-group
Finished building target: MOSFET_EDA_sensor_v2.0.elf
 
arm-none-eabi-size   MOSFET_EDA_sensor_v2.0.elf 
arm-none-eabi-objdump -h -S  MOSFET_EDA_sensor_v2.0.elf  > "MOSFET_EDA_sensor_v2.0.list"
   text	   data	    bss	    dec	    hex	filename
  39052	    476	   2260	  41788	   a33c	MOSFET_EDA_sensor_v2.0.elf
Finished building: default.size.stdout
 
Finished building: MOSFET_EDA_sensor_v2.0.list
 
16:53:59 **** Incremental Build of configuration Debug for project MOSFET_EDA_sensor_v2.0 ****
make -j11 all 
arm-none-eabi-size   MOSFET_EDA_sensor_v2.0.elf 
   text	   data	    bss	    dec	    hex	filename
  39052	    476	   2260	  41788	   a33c	MOSFET_EDA_sensor_v2.0.elf
Finished building: default.size.stdout
 
16:56:03 **** Incremental Build of configuration Debug for project MOSFET_EDA_sensor_v2.0 ****
make -j11 all 
arm-none-eabi-gcc "../Core/Src/main.c" -mcpu=cortex-m4 -std=gnu11 -g3 -DDEBUG -DUSE_HAL_DRIVER -DSTM32F407xx -c -I../Core/Inc -I../Drivers/STM32F4xx_HAL_Driver/Inc -I../Drivers/STM32F4xx_HAL_Driver/Inc/Legacy -I../Drivers/CMSIS/Device/ST/STM32F4xx/Include -I../Drivers/CMSIS/Include -O0 -ffunction-sections -fdata-sections -Wall -fstack-usage -fcyclomatic-complexity -MMD -MP -MF"Core/Src/main.d" -MT"Core/Src/main.o" --specs=nano.specs -mfpu=fpv4-sp-d16 -mfloat-abi=hard -mthumb -o "Core/Src/main.o"
../Core/Src/main.c: In function 'main':
../Core/Src/main.c:111:29: warning: passing argument 2 of 'HAL_ADC_Start_DMA' from incompatible pointer type [-Wincompatible-pointer-types]
  111 |   HAL_ADC_Start_DMA(&hadc1, &ADC_value[0], 2);
      |                             ^~~~~~~~~~~~~
      |                             |
      |                             uint16_t * {aka short unsigned int *}
In file included from ../Core/Inc/stm32f4xx_hal_conf.h:295,
                 from ../Drivers/STM32F4xx_HAL_Driver/Inc/stm32f4xx_hal.h:29,
                 from ../Core/Inc/main.h:30,
                 from ../Core/Src/main.c:20:
../Drivers/STM32F4xx_HAL_Driver/Inc/stm32f4xx_hal_adc.h:594:72: note: expected 'uint32_t *' {aka 'long unsigned int *'} but argument is of type 'uint16_t *' {aka 'short unsigned int *'}
  594 | HAL_StatusTypeDef HAL_ADC_Start_DMA(ADC_HandleTypeDef* hadc, uint32_t* pData, uint32_t Length);
      |                                                              ~~~~~~~~~~^~~~~
../Core/Src/main.c: In function 'HAL_TIM_PeriodElapsedCallback':
../Core/Src/main.c:185:25: warning: implicit declaration of function 'MOSFET_EDA_Measure_Ids' [-Wimplicit-function-declaration]
  185 |                         MOSFET_EDA_Measure_Ids();
      |                         ^~~~~~~~~~~~~~~~~~~~~~
../Core/Src/main.c:192:17: warning: implicit declaration of function 'printf' [-Wimplicit-function-declaration]
  192 |                 printf("%dm %.2fs. fetEDA_LPF = %.4fv, fetEDA_Vin = %.4fv\r\n", min, sec+ms, fetEDA_LPF, fetEDA_Vin);
      |                 ^~~~~~
../Core/Src/main.c:27:1: note: include '<stdio.h>' or provide a declaration of 'printf'
   26 | #include "gpio.h"
  +++ |+#include <stdio.h>
   27 | 
../Core/Src/main.c:192:17: warning: incompatible implicit declaration of built-in function 'printf' [-Wbuiltin-declaration-mismatch]
  192 |                 printf("%dm %.2fs. fetEDA_LPF = %.4fv, fetEDA_Vin = %.4fv\r\n", min, sec+ms, fetEDA_LPF, fetEDA_Vin);
      |                 ^~~~~~
../Core/Src/main.c:192:17: note: include '<stdio.h>' or provide a declaration of 'printf'
../Core/Src/main.c: At top level:
../Core/Src/main.c:211:6: warning: conflicting types for 'MOSFET_EDA_Measure_Ids'; have 'void(void)'
  211 | void MOSFET_EDA_Measure_Ids(void)
      |      ^~~~~~~~~~~~~~~~~~~~~~
../Core/Src/main.c:185:25: note: previous implicit declaration of 'MOSFET_EDA_Measure_Ids' with type 'void(void)'
  185 |                         MOSFET_EDA_Measure_Ids();
      |                         ^~~~~~~~~~~~~~~~~~~~~~
../Core/Src/main.c: In function 'MOSFET_EDA_Measure_Ids':
../Core/Src/main.c:244:25: warning: incompatible implicit declaration of built-in function 'printf' [-Wbuiltin-declaration-mismatch]
  244 |                         printf("%d. fetEDA_Rfeed = %.0fohm, fetEDA_LPF = %.4v, fetEDA_Vin = %.4v, fetEDA_Ids = %.4uA\r\n", fetEDA_Rfeed_idx+1, fetEDA_Rfeed[fetEDA_Rfeed_idx], fetEDA_LPF, fetEDA_Vin, fetEDA_Ids[fetEDA_Rfeed_idx][DAC_value]);
      |                         ^~~~~~
../Core/Src/main.c:244:25: note: include '<stdio.h>' or provide a declaration of 'printf'
../Core/Src/main.c:244:77: warning: unknown conversion type character 'v' in format [-Wformat=]
  244 |                         printf("%d. fetEDA_Rfeed = %.0fohm, fetEDA_LPF = %.4v, fetEDA_Vin = %.4v, fetEDA_Ids = %.4uA\r\n", fetEDA_Rfeed_idx+1, fetEDA_Rfeed[fetEDA_Rfeed_idx], fetEDA_LPF, fetEDA_Vin, fetEDA_Ids[fetEDA_Rfeed_idx][DAC_value]);
      |                                                                             ^
../Core/Src/main.c:244:96: warning: unknown conversion type character 'v' in format [-Wformat=]
  244 |                         printf("%d. fetEDA_Rfeed = %.0fohm, fetEDA_LPF = %.4v, fetEDA_Vin = %.4v, fetEDA_Ids = %.4uA\r\n", fetEDA_Rfeed_idx+1, fetEDA_Rfeed[fetEDA_Rfeed_idx], fetEDA_LPF, fetEDA_Vin, fetEDA_Ids[fetEDA_Rfeed_idx][DAC_value]);
      |                                                                                                ^
../Core/Src/main.c:244:115: warning: format '%u' expects argument of type 'unsigned int', but argument 4 has type 'double' [-Wformat=]
  244 |                         printf("%d. fetEDA_Rfeed = %.0fohm, fetEDA_LPF = %.4v, fetEDA_Vin = %.4v, fetEDA_Ids = %.4uA\r\n", fetEDA_Rfeed_idx+1, fetEDA_Rfeed[fetEDA_Rfeed_idx], fetEDA_LPF, fetEDA_Vin, fetEDA_Ids[fetEDA_Rfeed_idx][DAC_value]);
      |                                                                                                                ~~~^                                                            ~~~~~~~~~~
      |                                                                                                                   |                                                            |
      |                                                                                                                   unsigned int                                                 double
      |                                                                                                                %.4f
../Core/Src/main.c:244:32: warning: too many arguments for format [-Wformat-extra-args]
  244 |                         printf("%d. fetEDA_Rfeed = %.0fohm, fetEDA_LPF = %.4v, fetEDA_Vin = %.4v, fetEDA_Ids = %.4uA\r\n", fetEDA_Rfeed_idx+1, fetEDA_Rfeed[fetEDA_Rfeed_idx], fetEDA_LPF, fetEDA_Vin, fetEDA_Ids[fetEDA_Rfeed_idx][DAC_value]);
      |                                ^~~~~~~~~~~~~~~~~~~~~~~~~~~~~~~~~~~~~~~~~~~~~~~~~~~~~~~~~~~~~~~~~~~~~~~~~~~~~~~~~~~~~~~~~~
arm-none-eabi-gcc -o "MOSFET_EDA_sensor_v2.0.elf" @"objects.list"   -mcpu=cortex-m4 -T"/Users/namseungyoon/Desktop/PROJECT/01. ERK_project/02. Black_board/MOSFET_EDA_sensor/MOSFET_EDA_sensor_v2.0/STM32F407VGTX_FLASH.ld" --specs=nosys.specs -Wl,-Map="MOSFET_EDA_sensor_v2.0.map" -Wl,--gc-sections -static --specs=nano.specs -mfpu=fpv4-sp-d16 -mfloat-abi=hard -mthumb -u _printf_float -u _scanf_float -Wl,--start-group -lc -lm -Wl,--end-group
Finished building target: MOSFET_EDA_sensor_v2.0.elf
 
arm-none-eabi-size   MOSFET_EDA_sensor_v2.0.elf 
arm-none-eabi-objdump -h -S  MOSFET_EDA_sensor_v2.0.elf  > "MOSFET_EDA_sensor_v2.0.list"
   text	   data	    bss	    dec	    hex	filename
  40116	    480	   2264	  42860	   a76c	MOSFET_EDA_sensor_v2.0.elf
Finished building: default.size.stdout
 
Finished building: MOSFET_EDA_sensor_v2.0.list
 
16:57:24 **** Incremental Build of configuration Debug for project MOSFET_EDA_sensor_v2.0 ****
make -j11 all 
arm-none-eabi-gcc "../Core/Src/main.c" -mcpu=cortex-m4 -std=gnu11 -g3 -DDEBUG -DUSE_HAL_DRIVER -DSTM32F407xx -c -I../Core/Inc -I../Drivers/STM32F4xx_HAL_Driver/Inc -I../Drivers/STM32F4xx_HAL_Driver/Inc/Legacy -I../Drivers/CMSIS/Device/ST/STM32F4xx/Include -I../Drivers/CMSIS/Include -O0 -ffunction-sections -fdata-sections -Wall -fstack-usage -fcyclomatic-complexity -MMD -MP -MF"Core/Src/main.d" -MT"Core/Src/main.o" --specs=nano.specs -mfpu=fpv4-sp-d16 -mfloat-abi=hard -mthumb -o "Core/Src/main.o"
../Core/Src/main.c: In function 'main':
../Core/Src/main.c:111:29: warning: passing argument 2 of 'HAL_ADC_Start_DMA' from incompatible pointer type [-Wincompatible-pointer-types]
  111 |   HAL_ADC_Start_DMA(&hadc1, &ADC_value[0], 2);
      |                             ^~~~~~~~~~~~~
      |                             |
      |                             uint16_t * {aka short unsigned int *}
In file included from ../Core/Inc/stm32f4xx_hal_conf.h:295,
                 from ../Drivers/STM32F4xx_HAL_Driver/Inc/stm32f4xx_hal.h:29,
                 from ../Core/Inc/main.h:30,
                 from ../Core/Src/main.c:20:
../Drivers/STM32F4xx_HAL_Driver/Inc/stm32f4xx_hal_adc.h:594:72: note: expected 'uint32_t *' {aka 'long unsigned int *'} but argument is of type 'uint16_t *' {aka 'short unsigned int *'}
  594 | HAL_StatusTypeDef HAL_ADC_Start_DMA(ADC_HandleTypeDef* hadc, uint32_t* pData, uint32_t Length);
      |                                                              ~~~~~~~~~~^~~~~
../Core/Src/main.c: In function 'HAL_TIM_PeriodElapsedCallback':
../Core/Src/main.c:185:25: warning: implicit declaration of function 'MOSFET_EDA_Measure_Ids' [-Wimplicit-function-declaration]
  185 |                         MOSFET_EDA_Measure_Ids();
      |                         ^~~~~~~~~~~~~~~~~~~~~~
../Core/Src/main.c:192:17: warning: implicit declaration of function 'printf' [-Wimplicit-function-declaration]
  192 |                 printf("%dm %.2fs. fetEDA_LPF = %.4fv, fetEDA_Vin = %.4fv\r\n", min, sec+ms, fetEDA_LPF, fetEDA_Vin);
      |                 ^~~~~~
../Core/Src/main.c:27:1: note: include '<stdio.h>' or provide a declaration of 'printf'
   26 | #include "gpio.h"
  +++ |+#include <stdio.h>
   27 | 
../Core/Src/main.c:192:17: warning: incompatible implicit declaration of built-in function 'printf' [-Wbuiltin-declaration-mismatch]
  192 |                 printf("%dm %.2fs. fetEDA_LPF = %.4fv, fetEDA_Vin = %.4fv\r\n", min, sec+ms, fetEDA_LPF, fetEDA_Vin);
      |                 ^~~~~~
../Core/Src/main.c:192:17: note: include '<stdio.h>' or provide a declaration of 'printf'
../Core/Src/main.c: At top level:
../Core/Src/main.c:211:6: warning: conflicting types for 'MOSFET_EDA_Measure_Ids'; have 'void(void)'
  211 | void MOSFET_EDA_Measure_Ids(void)
      |      ^~~~~~~~~~~~~~~~~~~~~~
../Core/Src/main.c:185:25: note: previous implicit declaration of 'MOSFET_EDA_Measure_Ids' with type 'void(void)'
  185 |                         MOSFET_EDA_Measure_Ids();
      |                         ^~~~~~~~~~~~~~~~~~~~~~
../Core/Src/main.c: In function 'MOSFET_EDA_Measure_Ids':
../Core/Src/main.c:244:25: warning: incompatible implicit declaration of built-in function 'printf' [-Wbuiltin-declaration-mismatch]
  244 |                         printf("%d. fetEDA_Rfeed = %.0fohm, fetEDA_LPF = %.4v, fetEDA_Vin = %.4v, fetEDA_Ids = %.4uA\r\n", fetEDA_Rfeed_idx+1, fetEDA_Rfeed[fetEDA_Rfeed_idx], fetEDA_LPF, fetEDA_Vin, fetEDA_Ids[fetEDA_Rfeed_idx][DAC_value]);
      |                         ^~~~~~
../Core/Src/main.c:244:25: note: include '<stdio.h>' or provide a declaration of 'printf'
../Core/Src/main.c:244:77: warning: unknown conversion type character 'v' in format [-Wformat=]
  244 |                         printf("%d. fetEDA_Rfeed = %.0fohm, fetEDA_LPF = %.4v, fetEDA_Vin = %.4v, fetEDA_Ids = %.4uA\r\n", fetEDA_Rfeed_idx+1, fetEDA_Rfeed[fetEDA_Rfeed_idx], fetEDA_LPF, fetEDA_Vin, fetEDA_Ids[fetEDA_Rfeed_idx][DAC_value]);
      |                                                                             ^
../Core/Src/main.c:244:96: warning: unknown conversion type character 'v' in format [-Wformat=]
  244 |                         printf("%d. fetEDA_Rfeed = %.0fohm, fetEDA_LPF = %.4v, fetEDA_Vin = %.4v, fetEDA_Ids = %.4uA\r\n", fetEDA_Rfeed_idx+1, fetEDA_Rfeed[fetEDA_Rfeed_idx], fetEDA_LPF, fetEDA_Vin, fetEDA_Ids[fetEDA_Rfeed_idx][DAC_value]);
      |                                                                                                ^
../Core/Src/main.c:244:115: warning: format '%u' expects argument of type 'unsigned int', but argument 4 has type 'double' [-Wformat=]
  244 |                         printf("%d. fetEDA_Rfeed = %.0fohm, fetEDA_LPF = %.4v, fetEDA_Vin = %.4v, fetEDA_Ids = %.4uA\r\n", fetEDA_Rfeed_idx+1, fetEDA_Rfeed[fetEDA_Rfeed_idx], fetEDA_LPF, fetEDA_Vin, fetEDA_Ids[fetEDA_Rfeed_idx][DAC_value]);
      |                                                                                                                ~~~^                                                            ~~~~~~~~~~
      |                                                                                                                   |                                                            |
      |                                                                                                                   unsigned int                                                 double
      |                                                                                                                %.4f
../Core/Src/main.c:244:32: warning: too many arguments for format [-Wformat-extra-args]
  244 |                         printf("%d. fetEDA_Rfeed = %.0fohm, fetEDA_LPF = %.4v, fetEDA_Vin = %.4v, fetEDA_Ids = %.4uA\r\n", fetEDA_Rfeed_idx+1, fetEDA_Rfeed[fetEDA_Rfeed_idx], fetEDA_LPF, fetEDA_Vin, fetEDA_Ids[fetEDA_Rfeed_idx][DAC_value]);
      |                                ^~~~~~~~~~~~~~~~~~~~~~~~~~~~~~~~~~~~~~~~~~~~~~~~~~~~~~~~~~~~~~~~~~~~~~~~~~~~~~~~~~~~~~~~~~
arm-none-eabi-gcc -o "MOSFET_EDA_sensor_v2.0.elf" @"objects.list"   -mcpu=cortex-m4 -T"/Users/namseungyoon/Desktop/PROJECT/01. ERK_project/02. Black_board/MOSFET_EDA_sensor/MOSFET_EDA_sensor_v2.0/STM32F407VGTX_FLASH.ld" --specs=nosys.specs -Wl,-Map="MOSFET_EDA_sensor_v2.0.map" -Wl,--gc-sections -static --specs=nano.specs -mfpu=fpv4-sp-d16 -mfloat-abi=hard -mthumb -u _printf_float -u _scanf_float -Wl,--start-group -lc -lm -Wl,--end-group
Finished building target: MOSFET_EDA_sensor_v2.0.elf
 
arm-none-eabi-size   MOSFET_EDA_sensor_v2.0.elf 
arm-none-eabi-objdump -h -S  MOSFET_EDA_sensor_v2.0.elf  > "MOSFET_EDA_sensor_v2.0.list"
   text	   data	    bss	    dec	    hex	filename
  40116	    480	   2264	  42860	   a76c	MOSFET_EDA_sensor_v2.0.elf
Finished building: default.size.stdout
 
Finished building: MOSFET_EDA_sensor_v2.0.list
 
16:58:13 **** Incremental Build of configuration Debug for project MOSFET_EDA_sensor_v2.0 ****
make -j11 all 
arm-none-eabi-gcc "../Core/Src/main.c" -mcpu=cortex-m4 -std=gnu11 -g3 -DDEBUG -DUSE_HAL_DRIVER -DSTM32F407xx -c -I../Core/Inc -I../Drivers/STM32F4xx_HAL_Driver/Inc -I../Drivers/STM32F4xx_HAL_Driver/Inc/Legacy -I../Drivers/CMSIS/Device/ST/STM32F4xx/Include -I../Drivers/CMSIS/Include -O0 -ffunction-sections -fdata-sections -Wall -fstack-usage -fcyclomatic-complexity -MMD -MP -MF"Core/Src/main.d" -MT"Core/Src/main.o" --specs=nano.specs -mfpu=fpv4-sp-d16 -mfloat-abi=hard -mthumb -o "Core/Src/main.o"
../Core/Src/main.c: In function 'main':
../Core/Src/main.c:111:29: warning: passing argument 2 of 'HAL_ADC_Start_DMA' from incompatible pointer type [-Wincompatible-pointer-types]
  111 |   HAL_ADC_Start_DMA(&hadc1, &ADC_value[0], 2);
      |                             ^~~~~~~~~~~~~
      |                             |
      |                             uint16_t * {aka short unsigned int *}
In file included from ../Core/Inc/stm32f4xx_hal_conf.h:295,
                 from ../Drivers/STM32F4xx_HAL_Driver/Inc/stm32f4xx_hal.h:29,
                 from ../Core/Inc/main.h:30,
                 from ../Core/Src/main.c:20:
../Drivers/STM32F4xx_HAL_Driver/Inc/stm32f4xx_hal_adc.h:594:72: note: expected 'uint32_t *' {aka 'long unsigned int *'} but argument is of type 'uint16_t *' {aka 'short unsigned int *'}
  594 | HAL_StatusTypeDef HAL_ADC_Start_DMA(ADC_HandleTypeDef* hadc, uint32_t* pData, uint32_t Length);
      |                                                              ~~~~~~~~~~^~~~~
../Core/Src/main.c: In function 'HAL_TIM_PeriodElapsedCallback':
../Core/Src/main.c:185:25: warning: implicit declaration of function 'MOSFET_EDA_Measure_Ids' [-Wimplicit-function-declaration]
  185 |                         MOSFET_EDA_Measure_Ids();
      |                         ^~~~~~~~~~~~~~~~~~~~~~
../Core/Src/main.c:192:17: warning: implicit declaration of function 'printf' [-Wimplicit-function-declaration]
  192 |                 printf("%dm %.2fs. fetEDA_LPF = %.4fv, fetEDA_Vin = %.4fv\r\n", min, sec+ms, fetEDA_LPF, fetEDA_Vin);
      |                 ^~~~~~
../Core/Src/main.c:27:1: note: include '<stdio.h>' or provide a declaration of 'printf'
   26 | #include "gpio.h"
  +++ |+#include <stdio.h>
   27 | 
../Core/Src/main.c:192:17: warning: incompatible implicit declaration of built-in function 'printf' [-Wbuiltin-declaration-mismatch]
  192 |                 printf("%dm %.2fs. fetEDA_LPF = %.4fv, fetEDA_Vin = %.4fv\r\n", min, sec+ms, fetEDA_LPF, fetEDA_Vin);
      |                 ^~~~~~
../Core/Src/main.c:192:17: note: include '<stdio.h>' or provide a declaration of 'printf'
../Core/Src/main.c: At top level:
../Core/Src/main.c:211:6: warning: conflicting types for 'MOSFET_EDA_Measure_Ids'; have 'void(void)'
  211 | void MOSFET_EDA_Measure_Ids(void)
      |      ^~~~~~~~~~~~~~~~~~~~~~
../Core/Src/main.c:185:25: note: previous implicit declaration of 'MOSFET_EDA_Measure_Ids' with type 'void(void)'
  185 |                         MOSFET_EDA_Measure_Ids();
      |                         ^~~~~~~~~~~~~~~~~~~~~~
../Core/Src/main.c: In function 'MOSFET_EDA_Measure_Ids':
../Core/Src/main.c:244:25: warning: incompatible implicit declaration of built-in function 'printf' [-Wbuiltin-declaration-mismatch]
  244 |                         printf("%d. fetEDA_Rfeed = %.0fohm, fetEDA_LPF = %.4v, fetEDA_Vin = %.4v, fetEDA_Ids = %.4uA\r\n", fetEDA_Rfeed_idx+1, fetEDA_Rfeed[fetEDA_Rfeed_idx], fetEDA_LPF, fetEDA_Vin, fetEDA_Ids[fetEDA_Rfeed_idx][DAC_value]);
      |                         ^~~~~~
../Core/Src/main.c:244:25: note: include '<stdio.h>' or provide a declaration of 'printf'
../Core/Src/main.c:244:77: warning: unknown conversion type character 'v' in format [-Wformat=]
  244 |                         printf("%d. fetEDA_Rfeed = %.0fohm, fetEDA_LPF = %.4v, fetEDA_Vin = %.4v, fetEDA_Ids = %.4uA\r\n", fetEDA_Rfeed_idx+1, fetEDA_Rfeed[fetEDA_Rfeed_idx], fetEDA_LPF, fetEDA_Vin, fetEDA_Ids[fetEDA_Rfeed_idx][DAC_value]);
      |                                                                             ^
../Core/Src/main.c:244:96: warning: unknown conversion type character 'v' in format [-Wformat=]
  244 |                         printf("%d. fetEDA_Rfeed = %.0fohm, fetEDA_LPF = %.4v, fetEDA_Vin = %.4v, fetEDA_Ids = %.4uA\r\n", fetEDA_Rfeed_idx+1, fetEDA_Rfeed[fetEDA_Rfeed_idx], fetEDA_LPF, fetEDA_Vin, fetEDA_Ids[fetEDA_Rfeed_idx][DAC_value]);
      |                                                                                                ^
../Core/Src/main.c:244:115: warning: format '%u' expects argument of type 'unsigned int', but argument 4 has type 'double' [-Wformat=]
  244 |                         printf("%d. fetEDA_Rfeed = %.0fohm, fetEDA_LPF = %.4v, fetEDA_Vin = %.4v, fetEDA_Ids = %.4uA\r\n", fetEDA_Rfeed_idx+1, fetEDA_Rfeed[fetEDA_Rfeed_idx], fetEDA_LPF, fetEDA_Vin, fetEDA_Ids[fetEDA_Rfeed_idx][DAC_value]);
      |                                                                                                                ~~~^                                                            ~~~~~~~~~~
      |                                                                                                                   |                                                            |
      |                                                                                                                   unsigned int                                                 double
      |                                                                                                                %.4f
../Core/Src/main.c:244:32: warning: too many arguments for format [-Wformat-extra-args]
  244 |                         printf("%d. fetEDA_Rfeed = %.0fohm, fetEDA_LPF = %.4v, fetEDA_Vin = %.4v, fetEDA_Ids = %.4uA\r\n", fetEDA_Rfeed_idx+1, fetEDA_Rfeed[fetEDA_Rfeed_idx], fetEDA_LPF, fetEDA_Vin, fetEDA_Ids[fetEDA_Rfeed_idx][DAC_value]);
      |                                ^~~~~~~~~~~~~~~~~~~~~~~~~~~~~~~~~~~~~~~~~~~~~~~~~~~~~~~~~~~~~~~~~~~~~~~~~~~~~~~~~~~~~~~~~~
arm-none-eabi-gcc -o "MOSFET_EDA_sensor_v2.0.elf" @"objects.list"   -mcpu=cortex-m4 -T"/Users/namseungyoon/Desktop/PROJECT/01. ERK_project/02. Black_board/MOSFET_EDA_sensor/MOSFET_EDA_sensor_v2.0/STM32F407VGTX_FLASH.ld" --specs=nosys.specs -Wl,-Map="MOSFET_EDA_sensor_v2.0.map" -Wl,--gc-sections -static --specs=nano.specs -mfpu=fpv4-sp-d16 -mfloat-abi=hard -mthumb -u _printf_float -u _scanf_float -Wl,--start-group -lc -lm -Wl,--end-group
Finished building target: MOSFET_EDA_sensor_v2.0.elf
 
arm-none-eabi-size   MOSFET_EDA_sensor_v2.0.elf 
arm-none-eabi-objdump -h -S  MOSFET_EDA_sensor_v2.0.elf  > "MOSFET_EDA_sensor_v2.0.list"
   text	   data	    bss	    dec	    hex	filename
  40084	    480	   2264	  42828	   a74c	MOSFET_EDA_sensor_v2.0.elf
Finished building: default.size.stdout
 
Finished building: MOSFET_EDA_sensor_v2.0.list
 
16:58:29 **** Incremental Build of configuration Debug for project MOSFET_EDA_sensor_v2.0 ****
make -j11 all 
arm-none-eabi-gcc "../Core/Src/main.c" -mcpu=cortex-m4 -std=gnu11 -g3 -DDEBUG -DUSE_HAL_DRIVER -DSTM32F407xx -c -I../Core/Inc -I../Drivers/STM32F4xx_HAL_Driver/Inc -I../Drivers/STM32F4xx_HAL_Driver/Inc/Legacy -I../Drivers/CMSIS/Device/ST/STM32F4xx/Include -I../Drivers/CMSIS/Include -O0 -ffunction-sections -fdata-sections -Wall -fstack-usage -fcyclomatic-complexity -MMD -MP -MF"Core/Src/main.d" -MT"Core/Src/main.o" --specs=nano.specs -mfpu=fpv4-sp-d16 -mfloat-abi=hard -mthumb -o "Core/Src/main.o"
../Core/Src/main.c: In function 'main':
../Core/Src/main.c:111:29: warning: passing argument 2 of 'HAL_ADC_Start_DMA' from incompatible pointer type [-Wincompatible-pointer-types]
  111 |   HAL_ADC_Start_DMA(&hadc1, &ADC_value[0], 2);
      |                             ^~~~~~~~~~~~~
      |                             |
      |                             uint16_t * {aka short unsigned int *}
In file included from ../Core/Inc/stm32f4xx_hal_conf.h:295,
                 from ../Drivers/STM32F4xx_HAL_Driver/Inc/stm32f4xx_hal.h:29,
                 from ../Core/Inc/main.h:30,
                 from ../Core/Src/main.c:20:
../Drivers/STM32F4xx_HAL_Driver/Inc/stm32f4xx_hal_adc.h:594:72: note: expected 'uint32_t *' {aka 'long unsigned int *'} but argument is of type 'uint16_t *' {aka 'short unsigned int *'}
  594 | HAL_StatusTypeDef HAL_ADC_Start_DMA(ADC_HandleTypeDef* hadc, uint32_t* pData, uint32_t Length);
      |                                                              ~~~~~~~~~~^~~~~
../Core/Src/main.c: In function 'HAL_TIM_PeriodElapsedCallback':
../Core/Src/main.c:185:25: warning: implicit declaration of function 'MOSFET_EDA_Measure_Ids' [-Wimplicit-function-declaration]
  185 |                         MOSFET_EDA_Measure_Ids();
      |                         ^~~~~~~~~~~~~~~~~~~~~~
../Core/Src/main.c:192:17: warning: implicit declaration of function 'printf' [-Wimplicit-function-declaration]
  192 |                 printf("%dm %.2fs. fetEDA_LPF = %.4fv, fetEDA_Vin = %.4fv\r\n", min, sec+ms, fetEDA_LPF, fetEDA_Vin);
      |                 ^~~~~~
../Core/Src/main.c:27:1: note: include '<stdio.h>' or provide a declaration of 'printf'
   26 | #include "gpio.h"
  +++ |+#include <stdio.h>
   27 | 
../Core/Src/main.c:192:17: warning: incompatible implicit declaration of built-in function 'printf' [-Wbuiltin-declaration-mismatch]
  192 |                 printf("%dm %.2fs. fetEDA_LPF = %.4fv, fetEDA_Vin = %.4fv\r\n", min, sec+ms, fetEDA_LPF, fetEDA_Vin);
      |                 ^~~~~~
../Core/Src/main.c:192:17: note: include '<stdio.h>' or provide a declaration of 'printf'
../Core/Src/main.c: At top level:
../Core/Src/main.c:211:6: warning: conflicting types for 'MOSFET_EDA_Measure_Ids'; have 'void(void)'
  211 | void MOSFET_EDA_Measure_Ids(void)
      |      ^~~~~~~~~~~~~~~~~~~~~~
../Core/Src/main.c:185:25: note: previous implicit declaration of 'MOSFET_EDA_Measure_Ids' with type 'void(void)'
  185 |                         MOSFET_EDA_Measure_Ids();
      |                         ^~~~~~~~~~~~~~~~~~~~~~
../Core/Src/main.c: In function 'MOSFET_EDA_Measure_Ids':
../Core/Src/main.c:244:25: warning: incompatible implicit declaration of built-in function 'printf' [-Wbuiltin-declaration-mismatch]
  244 |                         printf("%d. fetEDA_Rfeed = %.0fohm, fetEDA_LPF = %.4v, fetEDA_Vin = %.4v, fetEDA_Ids = %.4uA\r\n", fetEDA_Rfeed_idx+1, fetEDA_Rfeed[fetEDA_Rfeed_idx], fetEDA_LPF, fetEDA_Vin, fetEDA_Ids[fetEDA_Rfeed_idx][DAC_value]);
      |                         ^~~~~~
../Core/Src/main.c:244:25: note: include '<stdio.h>' or provide a declaration of 'printf'
../Core/Src/main.c:244:77: warning: unknown conversion type character 'v' in format [-Wformat=]
  244 |                         printf("%d. fetEDA_Rfeed = %.0fohm, fetEDA_LPF = %.4v, fetEDA_Vin = %.4v, fetEDA_Ids = %.4uA\r\n", fetEDA_Rfeed_idx+1, fetEDA_Rfeed[fetEDA_Rfeed_idx], fetEDA_LPF, fetEDA_Vin, fetEDA_Ids[fetEDA_Rfeed_idx][DAC_value]);
      |                                                                             ^
../Core/Src/main.c:244:96: warning: unknown conversion type character 'v' in format [-Wformat=]
  244 |                         printf("%d. fetEDA_Rfeed = %.0fohm, fetEDA_LPF = %.4v, fetEDA_Vin = %.4v, fetEDA_Ids = %.4uA\r\n", fetEDA_Rfeed_idx+1, fetEDA_Rfeed[fetEDA_Rfeed_idx], fetEDA_LPF, fetEDA_Vin, fetEDA_Ids[fetEDA_Rfeed_idx][DAC_value]);
      |                                                                                                ^
../Core/Src/main.c:244:115: warning: format '%u' expects argument of type 'unsigned int', but argument 4 has type 'double' [-Wformat=]
  244 |                         printf("%d. fetEDA_Rfeed = %.0fohm, fetEDA_LPF = %.4v, fetEDA_Vin = %.4v, fetEDA_Ids = %.4uA\r\n", fetEDA_Rfeed_idx+1, fetEDA_Rfeed[fetEDA_Rfeed_idx], fetEDA_LPF, fetEDA_Vin, fetEDA_Ids[fetEDA_Rfeed_idx][DAC_value]);
      |                                                                                                                ~~~^                                                            ~~~~~~~~~~
      |                                                                                                                   |                                                            |
      |                                                                                                                   unsigned int                                                 double
      |                                                                                                                %.4f
../Core/Src/main.c:244:32: warning: too many arguments for format [-Wformat-extra-args]
  244 |                         printf("%d. fetEDA_Rfeed = %.0fohm, fetEDA_LPF = %.4v, fetEDA_Vin = %.4v, fetEDA_Ids = %.4uA\r\n", fetEDA_Rfeed_idx+1, fetEDA_Rfeed[fetEDA_Rfeed_idx], fetEDA_LPF, fetEDA_Vin, fetEDA_Ids[fetEDA_Rfeed_idx][DAC_value]);
      |                                ^~~~~~~~~~~~~~~~~~~~~~~~~~~~~~~~~~~~~~~~~~~~~~~~~~~~~~~~~~~~~~~~~~~~~~~~~~~~~~~~~~~~~~~~~~
arm-none-eabi-gcc -o "MOSFET_EDA_sensor_v2.0.elf" @"objects.list"   -mcpu=cortex-m4 -T"/Users/namseungyoon/Desktop/PROJECT/01. ERK_project/02. Black_board/MOSFET_EDA_sensor/MOSFET_EDA_sensor_v2.0/STM32F407VGTX_FLASH.ld" --specs=nosys.specs -Wl,-Map="MOSFET_EDA_sensor_v2.0.map" -Wl,--gc-sections -static --specs=nano.specs -mfpu=fpv4-sp-d16 -mfloat-abi=hard -mthumb -u _printf_float -u _scanf_float -Wl,--start-group -lc -lm -Wl,--end-group
Finished building target: MOSFET_EDA_sensor_v2.0.elf
 
arm-none-eabi-size   MOSFET_EDA_sensor_v2.0.elf 
arm-none-eabi-objdump -h -S  MOSFET_EDA_sensor_v2.0.elf  > "MOSFET_EDA_sensor_v2.0.list"
   text	   data	    bss	    dec	    hex	filename
  39820	    480	   2264	  42564	   a644	MOSFET_EDA_sensor_v2.0.elf
Finished building: default.size.stdout
 
Finished building: MOSFET_EDA_sensor_v2.0.list
 
16:59:24 **** Incremental Build of configuration Debug for project MOSFET_EDA_sensor_v2.0 ****
make -j11 all 
arm-none-eabi-gcc "../Core/Src/main.c" -mcpu=cortex-m4 -std=gnu11 -g3 -DDEBUG -DUSE_HAL_DRIVER -DSTM32F407xx -c -I../Core/Inc -I../Drivers/STM32F4xx_HAL_Driver/Inc -I../Drivers/STM32F4xx_HAL_Driver/Inc/Legacy -I../Drivers/CMSIS/Device/ST/STM32F4xx/Include -I../Drivers/CMSIS/Include -O0 -ffunction-sections -fdata-sections -Wall -fstack-usage -fcyclomatic-complexity -MMD -MP -MF"Core/Src/main.d" -MT"Core/Src/main.o" --specs=nano.specs -mfpu=fpv4-sp-d16 -mfloat-abi=hard -mthumb -o "Core/Src/main.o"
../Core/Src/main.c: In function 'main':
../Core/Src/main.c:111:29: warning: passing argument 2 of 'HAL_ADC_Start_DMA' from incompatible pointer type [-Wincompatible-pointer-types]
  111 |   HAL_ADC_Start_DMA(&hadc1, &ADC_value[0], 2);
      |                             ^~~~~~~~~~~~~
      |                             |
      |                             uint16_t * {aka short unsigned int *}
In file included from ../Core/Inc/stm32f4xx_hal_conf.h:295,
                 from ../Drivers/STM32F4xx_HAL_Driver/Inc/stm32f4xx_hal.h:29,
                 from ../Core/Inc/main.h:30,
                 from ../Core/Src/main.c:20:
../Drivers/STM32F4xx_HAL_Driver/Inc/stm32f4xx_hal_adc.h:594:72: note: expected 'uint32_t *' {aka 'long unsigned int *'} but argument is of type 'uint16_t *' {aka 'short unsigned int *'}
  594 | HAL_StatusTypeDef HAL_ADC_Start_DMA(ADC_HandleTypeDef* hadc, uint32_t* pData, uint32_t Length);
      |                                                              ~~~~~~~~~~^~~~~
../Core/Src/main.c:112:3: warning: implicit declaration of function 'MOSFET_EDA_Measure_Ids' [-Wimplicit-function-declaration]
  112 |   MOSFET_EDA_Measure_Ids();
      |   ^~~~~~~~~~~~~~~~~~~~~~
../Core/Src/main.c: In function 'HAL_TIM_PeriodElapsedCallback':
../Core/Src/main.c:186:17: warning: implicit declaration of function 'printf' [-Wimplicit-function-declaration]
  186 |                 printf("%dm %.2fs. fetEDA_LPF = %.4fv, fetEDA_Vin = %.4fv\r\n", min, sec+ms, fetEDA_LPF, fetEDA_Vin);
      |                 ^~~~~~
../Core/Src/main.c:27:1: note: include '<stdio.h>' or provide a declaration of 'printf'
   26 | #include "gpio.h"
  +++ |+#include <stdio.h>
   27 | 
../Core/Src/main.c:186:17: warning: incompatible implicit declaration of built-in function 'printf' [-Wbuiltin-declaration-mismatch]
  186 |                 printf("%dm %.2fs. fetEDA_LPF = %.4fv, fetEDA_Vin = %.4fv\r\n", min, sec+ms, fetEDA_LPF, fetEDA_Vin);
      |                 ^~~~~~
../Core/Src/main.c:186:17: note: include '<stdio.h>' or provide a declaration of 'printf'
../Core/Src/main.c: At top level:
../Core/Src/main.c:205:6: warning: conflicting types for 'MOSFET_EDA_Measure_Ids'; have 'void(void)'
  205 | void MOSFET_EDA_Measure_Ids(void)
      |      ^~~~~~~~~~~~~~~~~~~~~~
../Core/Src/main.c:112:3: note: previous implicit declaration of 'MOSFET_EDA_Measure_Ids' with type 'void(void)'
  112 |   MOSFET_EDA_Measure_Ids();
      |   ^~~~~~~~~~~~~~~~~~~~~~
../Core/Src/main.c: In function 'MOSFET_EDA_Measure_Ids':
../Core/Src/main.c:238:25: warning: incompatible implicit declaration of built-in function 'printf' [-Wbuiltin-declaration-mismatch]
  238 |                         printf("%d. fetEDA_Rfeed = %.0fohm, fetEDA_LPF = %.4v, fetEDA_Vin = %.4v, fetEDA_Ids = %.4uA\r\n", fetEDA_Rfeed_idx+1, fetEDA_Rfeed[fetEDA_Rfeed_idx], fetEDA_LPF, fetEDA_Vin, fetEDA_Ids[fetEDA_Rfeed_idx][DAC_value]);
      |                         ^~~~~~
../Core/Src/main.c:238:25: note: include '<stdio.h>' or provide a declaration of 'printf'
../Core/Src/main.c:238:77: warning: unknown conversion type character 'v' in format [-Wformat=]
  238 |                         printf("%d. fetEDA_Rfeed = %.0fohm, fetEDA_LPF = %.4v, fetEDA_Vin = %.4v, fetEDA_Ids = %.4uA\r\n", fetEDA_Rfeed_idx+1, fetEDA_Rfeed[fetEDA_Rfeed_idx], fetEDA_LPF, fetEDA_Vin, fetEDA_Ids[fetEDA_Rfeed_idx][DAC_value]);
      |                                                                             ^
../Core/Src/main.c:238:96: warning: unknown conversion type character 'v' in format [-Wformat=]
  238 |                         printf("%d. fetEDA_Rfeed = %.0fohm, fetEDA_LPF = %.4v, fetEDA_Vin = %.4v, fetEDA_Ids = %.4uA\r\n", fetEDA_Rfeed_idx+1, fetEDA_Rfeed[fetEDA_Rfeed_idx], fetEDA_LPF, fetEDA_Vin, fetEDA_Ids[fetEDA_Rfeed_idx][DAC_value]);
      |                                                                                                ^
../Core/Src/main.c:238:115: warning: format '%u' expects argument of type 'unsigned int', but argument 4 has type 'double' [-Wformat=]
  238 |                         printf("%d. fetEDA_Rfeed = %.0fohm, fetEDA_LPF = %.4v, fetEDA_Vin = %.4v, fetEDA_Ids = %.4uA\r\n", fetEDA_Rfeed_idx+1, fetEDA_Rfeed[fetEDA_Rfeed_idx], fetEDA_LPF, fetEDA_Vin, fetEDA_Ids[fetEDA_Rfeed_idx][DAC_value]);
      |                                                                                                                ~~~^                                                            ~~~~~~~~~~
      |                                                                                                                   |                                                            |
      |                                                                                                                   unsigned int                                                 double
      |                                                                                                                %.4f
../Core/Src/main.c:238:32: warning: too many arguments for format [-Wformat-extra-args]
  238 |                         printf("%d. fetEDA_Rfeed = %.0fohm, fetEDA_LPF = %.4v, fetEDA_Vin = %.4v, fetEDA_Ids = %.4uA\r\n", fetEDA_Rfeed_idx+1, fetEDA_Rfeed[fetEDA_Rfeed_idx], fetEDA_LPF, fetEDA_Vin, fetEDA_Ids[fetEDA_Rfeed_idx][DAC_value]);
      |                                ^~~~~~~~~~~~~~~~~~~~~~~~~~~~~~~~~~~~~~~~~~~~~~~~~~~~~~~~~~~~~~~~~~~~~~~~~~~~~~~~~~~~~~~~~~
arm-none-eabi-gcc -o "MOSFET_EDA_sensor_v2.0.elf" @"objects.list"   -mcpu=cortex-m4 -T"/Users/namseungyoon/Desktop/PROJECT/01. ERK_project/02. Black_board/MOSFET_EDA_sensor/MOSFET_EDA_sensor_v2.0/STM32F407VGTX_FLASH.ld" --specs=nosys.specs -Wl,-Map="MOSFET_EDA_sensor_v2.0.map" -Wl,--gc-sections -static --specs=nano.specs -mfpu=fpv4-sp-d16 -mfloat-abi=hard -mthumb -u _printf_float -u _scanf_float -Wl,--start-group -lc -lm -Wl,--end-group
Finished building target: MOSFET_EDA_sensor_v2.0.elf
 
arm-none-eabi-size   MOSFET_EDA_sensor_v2.0.elf 
arm-none-eabi-objdump -h -S  MOSFET_EDA_sensor_v2.0.elf  > "MOSFET_EDA_sensor_v2.0.list"
   text	   data	    bss	    dec	    hex	filename
  39692	    476	   2260	  42428	   a5bc	MOSFET_EDA_sensor_v2.0.elf
Finished building: default.size.stdout
 
Finished building: MOSFET_EDA_sensor_v2.0.list
 
