17:08:23 **** Build of configuration Debug for project MOSFET_EDA_v1.1 ****
make -j11 all 
arm-none-eabi-gcc -o "MOSFET_EDA_v1.1.elf" @"objects.list"   -mcpu=cortex-m7 -T"/Users/namseungyoon/Desktop/PROJECT/01. STM_Board/02. Black_board/MOSFET_EDA_sensor/MOSFET_EDA_v1.1/STM32F746NGHX_FLASH.ld" --specs=nosys.specs -Wl,-Map="MOSFET_EDA_v1.1.map" -Wl,--gc-sections -static --specs=nano.specs -mfpu=fpv5-sp-d16 -mfloat-abi=hard -mthumb -u _printf_float -u _scanf_float -Wl,--start-group -lc -lm -Wl,--end-group
/Applications/STM32CubeIDE.app/Contents/Eclipse/plugins/com.st.stm32cube.ide.mcu.externaltools.gnu-tools-for-stm32.11.3.rel1.macos64_1.1.0.202305231506/tools/bin/../lib/gcc/arm-none-eabi/11.3.1/../../../../arm-none-eabi/bin/ld: ./Core/Src/main.o:/Users/namseungyoon/Desktop/PROJECT/01. ERK_project/01. STM_Board/02. Black_board/MOSFET_EDA_sensor/MOSFET_EDA_v1.1/Debug/../Core/Src/main.c:63: multiple definition of `Ids'; ./Core/Src/MOSFET_EDA.o:/Users/namseungyoon/Desktop/PROJECT/01. ERK_project/01. STM_Board/02. Black_board/MOSFET_EDA_sensor/MOSFET_EDA_v1.1/Debug/../Core/Src/MOSFET_EDA.c:31: first defined here
collect2: error: ld returned 1 exit status
make: *** [makefile:68: MOSFET_EDA_v1.1.elf] Error 1
"make -j11 all" terminated with exit code 2. Build might be incomplete.

17:08:24 Build Failed. 2 errors, 0 warnings. (took 406ms)

